[35m[1mConsolidate compiler generated dependencies of target serial_node[0m
[ 50%] [32mBuilding CXX object CMakeFiles/serial_node.dir/src/serial_node.cpp.o[0m
[100%] [32m[1mLinking CXX executable serial_node[0m
[100%] Built target serial_node
-- Install configuration: ""
-- Installing: /home/xiaofeiyu/æ¡Œé¢/study/ç¬¬1-2å‘¨ä½œä¸š/src/nodes/install/nodes/lib/nodes/serial_node
-- Set runtime path of "/home/xiaofeiyu/æ¡Œé¢/study/ç¬¬1-2å‘¨ä½œä¸š/src/nodes/install/nodes/lib/nodes/serial_node" to ""
-- Installing: /home/xiaofeiyu/æ¡Œé¢/study/ç¬¬1-2å‘¨ä½œä¸š/src/nodes/install/nodes/share/ament_index/resource_index/package_run_dependencies/nodes
-- Installing: /home/xiaofeiyu/æ¡Œé¢/study/ç¬¬1-2å‘¨ä½œä¸š/src/nodes/install/nodes/share/ament_index/resource_index/parent_prefix_path/nodes
-- Installing: /home/xiaofeiyu/æ¡Œé¢/study/ç¬¬1-2å‘¨ä½œä¸š/src/nodes/install/nodes/share/nodes/environment/ament_prefix_path.sh
-- Installing: /home/xiaofeiyu/æ¡Œé¢/study/ç¬¬1-2å‘¨ä½œä¸š/src/nodes/install/nodes/share/nodes/environment/ament_prefix_path.dsv
-- Installing: /home/xiaofeiyu/æ¡Œé¢/study/ç¬¬1-2å‘¨ä½œä¸š/src/nodes/install/nodes/share/nodes/environment/path.sh
-- Installing: /home/xiaofeiyu/æ¡Œé¢/study/ç¬¬1-2å‘¨ä½œä¸š/src/nodes/install/nodes/share/nodes/environment/path.dsv
-- Installing: /home/xiaofeiyu/æ¡Œé¢/study/ç¬¬1-2å‘¨ä½œä¸š/src/nodes/install/nodes/share/nodes/local_setup.bash
-- Installing: /home/xiaofeiyu/æ¡Œé¢/study/ç¬¬1-2å‘¨ä½œä¸š/src/nodes/install/nodes/share/nodes/local_setup.sh
-- Installing: /home/xiaofeiyu/æ¡Œé¢/study/ç¬¬1-2å‘¨ä½œä¸š/src/nodes/install/nodes/share/nodes/local_setup.zsh
-- Installing: /home/xiaofeiyu/æ¡Œé¢/study/ç¬¬1-2å‘¨ä½œä¸š/src/nodes/install/nodes/share/nodes/local_setup.dsv
-- Installing: /home/xiaofeiyu/æ¡Œé¢/study/ç¬¬1-2å‘¨ä½œä¸š/src/nodes/install/nodes/share/nodes/package.dsv
-- Installing: /home/xiaofeiyu/æ¡Œé¢/study/ç¬¬1-2å‘¨ä½œä¸š/src/nodes/install/nodes/share/ament_index/resource_index/packages/nodes
-- Installing: /home/xiaofeiyu/æ¡Œé¢/study/ç¬¬1-2å‘¨ä½œä¸š/src/nodes/install/nodes/share/nodes/cmake/nodesConfig.cmake
-- Installing: /home/xiaofeiyu/æ¡Œé¢/study/ç¬¬1-2å‘¨ä½œä¸š/src/nodes/install/nodes/share/nodes/cmake/nodesConfig-version.cmake
-- Installing: /home/xiaofeiyu/æ¡Œé¢/study/ç¬¬1-2å‘¨ä½œä¸š/src/nodes/install/nodes/share/nodes/package.xml
