[0.011s] Invoking command in '/home/xiaofeiyu/æ¡Œé¢/study/ç¬¬1-2å‘¨ä½œä¸š/src/nodes/build/nodes': CMAKE_PREFIX_PATH=/opt/ros/humble /usr/bin/cmake --build /home/xiaofeiyu/æ¡Œé¢/study/ç¬¬1-2å‘¨ä½œä¸š/src/nodes/build/nodes -- -j4 -l4
[0.053s] [35m[1mConsolidate compiler generated dependencies of target serial_node[0m
[0.072s] [ 50%] [32mBuilding CXX object CMakeFiles/serial_node.dir/src/serial_node.cpp.o[0m
[5.898s] [100%] [32m[1mLinking CXX executable serial_node[0m
[6.270s] [100%] Built target serial_node
[6.279s] Invoked command in '/home/xiaofeiyu/æ¡Œé¢/study/ç¬¬1-2å‘¨ä½œä¸š/src/nodes/build/nodes' returned '0': CMAKE_PREFIX_PATH=/opt/ros/humble /usr/bin/cmake --build /home/xiaofeiyu/æ¡Œé¢/study/ç¬¬1-2å‘¨ä½œä¸š/src/nodes/build/nodes -- -j4 -l4
[6.287s] Invoking command in '/home/xiaofeiyu/æ¡Œé¢/study/ç¬¬1-2å‘¨ä½œä¸š/src/nodes/build/nodes': CMAKE_PREFIX_PATH=/opt/ros/humble /usr/bin/cmake --install /home/xiaofeiyu/æ¡Œé¢/study/ç¬¬1-2å‘¨ä½œä¸š/src/nodes/build/nodes
[6.296s] -- Install configuration: ""
[6.296s] -- Installing: /home/xiaofeiyu/æ¡Œé¢/study/ç¬¬1-2å‘¨ä½œä¸š/src/nodes/install/nodes/lib/nodes/serial_node
[6.296s] -- Set runtime path of "/home/xiaofeiyu/æ¡Œé¢/study/ç¬¬1-2å‘¨ä½œä¸š/src/nodes/install/nodes/lib/nodes/serial_node" to ""
[6.297s] -- Installing: /home/xiaofeiyu/æ¡Œé¢/study/ç¬¬1-2å‘¨ä½œä¸š/src/nodes/install/nodes/share/ament_index/resource_index/package_run_dependencies/nodes
[6.297s] -- Installing: /home/xiaofeiyu/æ¡Œé¢/study/ç¬¬1-2å‘¨ä½œä¸š/src/nodes/install/nodes/share/ament_index/resource_index/parent_prefix_path/nodes
[6.297s] -- Installing: /home/xiaofeiyu/æ¡Œé¢/study/ç¬¬1-2å‘¨ä½œä¸š/src/nodes/install/nodes/share/nodes/environment/ament_prefix_path.sh
[6.297s] -- Installing: /home/xiaofeiyu/æ¡Œé¢/study/ç¬¬1-2å‘¨ä½œä¸š/src/nodes/install/nodes/share/nodes/environment/ament_prefix_path.dsv
[6.297s] -- Installing: /home/xiaofeiyu/æ¡Œé¢/study/ç¬¬1-2å‘¨ä½œä¸š/src/nodes/install/nodes/share/nodes/environment/path.sh
[6.297s] -- Installing: /home/xiaofeiyu/æ¡Œé¢/study/ç¬¬1-2å‘¨ä½œä¸š/src/nodes/install/nodes/share/nodes/environment/path.dsv
[6.300s] -- Installing: /home/xiaofeiyu/æ¡Œé¢/study/ç¬¬1-2å‘¨ä½œä¸š/src/nodes/install/nodes/share/nodes/local_setup.bash
[6.300s] -- Installing: /home/xiaofeiyu/æ¡Œé¢/study/ç¬¬1-2å‘¨ä½œä¸š/src/nodes/install/nodes/share/nodes/local_setup.sh
[6.300s] -- Installing: /home/xiaofeiyu/æ¡Œé¢/study/ç¬¬1-2å‘¨ä½œä¸š/src/nodes/install/nodes/share/nodes/local_setup.zsh
[6.300s] -- Installing: /home/xiaofeiyu/æ¡Œé¢/study/ç¬¬1-2å‘¨ä½œä¸š/src/nodes/install/nodes/share/nodes/local_setup.dsv
[6.301s] -- Installing: /home/xiaofeiyu/æ¡Œé¢/study/ç¬¬1-2å‘¨ä½œä¸š/src/nodes/install/nodes/share/nodes/package.dsv
[6.301s] -- Installing: /home/xiaofeiyu/æ¡Œé¢/study/ç¬¬1-2å‘¨ä½œä¸š/src/nodes/install/nodes/share/ament_index/resource_index/packages/nodes
[6.301s] -- Installing: /home/xiaofeiyu/æ¡Œé¢/study/ç¬¬1-2å‘¨ä½œä¸š/src/nodes/install/nodes/share/nodes/cmake/nodesConfig.cmake
[6.301s] -- Installing: /home/xiaofeiyu/æ¡Œé¢/study/ç¬¬1-2å‘¨ä½œä¸š/src/nodes/install/nodes/share/nodes/cmake/nodesConfig-version.cmake
[6.301s] -- Installing: /home/xiaofeiyu/æ¡Œé¢/study/ç¬¬1-2å‘¨ä½œä¸š/src/nodes/install/nodes/share/nodes/package.xml
[6.301s] Invoked command in '/home/xiaofeiyu/æ¡Œé¢/study/ç¬¬1-2å‘¨ä½œä¸š/src/nodes/build/nodes' returned '0': CMAKE_PREFIX_PATH=/opt/ros/humble /usr/bin/cmake --install /home/xiaofeiyu/æ¡Œé¢/study/ç¬¬1-2å‘¨ä½œä¸š/src/nodes/build/nodes
