[0.077s] DEBUG:colcon:Command line arguments: ['/usr/bin/colcon', 'build']
[0.077s] DEBUG:colcon:Parsed command line arguments: Namespace(log_base=None, log_level=None, verb_name='build', build_base='build', install_base='install', merge_install=False, symlink_install=False, test_result_base=None, continue_on_error=False, executor='parallel', parallel_workers=4, event_handlers=None, ignore_user_meta=False, metas=['./colcon.meta'], base_paths=['.'], packages_ignore=None, packages_ignore_regex=None, paths=None, packages_up_to=None, packages_up_to_regex=None, packages_above=None, packages_above_and_dependencies=None, packages_above_depth=None, packages_select_by_dep=None, packages_skip_by_dep=None, packages_skip_up_to=None, packages_select_build_failed=False, packages_skip_build_finished=False, packages_select_test_failures=False, packages_skip_test_passed=False, packages_select=None, packages_skip=None, packages_select_regex=None, packages_skip_regex=None, packages_start=None, packages_end=None, allow_overriding=[], cmake_args=None, cmake_target=None, cmake_target_skip_unavailable=False, cmake_clean_cache=False, cmake_clean_first=False, cmake_force_configure=False, ament_cmake_args=None, catkin_cmake_args=None, catkin_skip_building_tests=False, verb_parser=<colcon_defaults.argument_parser.defaults.DefaultArgumentsDecorator object at 0x76ee01f27610>, verb_extension=<colcon_core.verb.build.BuildVerb object at 0x76ee01f27100>, main=<bound method BuildVerb.main of <colcon_core.verb.build.BuildVerb object at 0x76ee01f27100>>)
[0.196s] Level 1:colcon.colcon_core.package_discovery:discover_packages(colcon_meta) check parameters
[0.196s] Level 1:colcon.colcon_core.package_discovery:discover_packages(recursive) check parameters
[0.196s] Level 1:colcon.colcon_core.package_discovery:discover_packages(ignore) check parameters
[0.196s] Level 1:colcon.colcon_core.package_discovery:discover_packages(path) check parameters
[0.196s] Level 1:colcon.colcon_core.package_discovery:discover_packages(colcon_meta) discover
[0.196s] Level 1:colcon.colcon_core.package_discovery:discover_packages(recursive) discover
[0.196s] INFO:colcon.colcon_core.package_discovery:Crawling recursively for packages in '/home/xiaofeiyu/桌面/study/第1-2周作业/src/nodes'
[0.196s] Level 1:colcon.colcon_core.package_identification:_identify(.) by extensions ['ignore', 'ignore_ament_install']
[0.196s] Level 1:colcon.colcon_core.package_identification:_identify(.) by extension 'ignore'
[0.196s] Level 1:colcon.colcon_core.package_identification:_identify(.) by extension 'ignore_ament_install'
[0.196s] Level 1:colcon.colcon_core.package_identification:_identify(.) by extensions ['colcon_pkg']
[0.196s] Level 1:colcon.colcon_core.package_identification:_identify(.) by extension 'colcon_pkg'
[0.196s] Level 1:colcon.colcon_core.package_identification:_identify(.) by extensions ['colcon_meta']
[0.196s] Level 1:colcon.colcon_core.package_identification:_identify(.) by extension 'colcon_meta'
[0.196s] Level 1:colcon.colcon_core.package_identification:_identify(.) by extensions ['ros']
[0.196s] Level 1:colcon.colcon_core.package_identification:_identify(.) by extension 'ros'
[0.209s] DEBUG:colcon.colcon_core.package_identification:Package '.' with type 'ros.ament_cmake' and name 'nodes'
[0.210s] Level 1:colcon.colcon_core.package_discovery:discover_packages(recursive) using defaults
[0.210s] Level 1:colcon.colcon_core.package_discovery:discover_packages(ignore) discover
[0.210s] Level 1:colcon.colcon_core.package_discovery:discover_packages(ignore) using defaults
[0.210s] Level 1:colcon.colcon_core.package_discovery:discover_packages(path) discover
[0.210s] Level 1:colcon.colcon_core.package_discovery:discover_packages(path) using defaults
[0.223s] Level 1:colcon.colcon_core.package_discovery:discover_packages(prefix_path) check parameters
[0.224s] Level 1:colcon.colcon_core.package_discovery:discover_packages(prefix_path) discover
[0.225s] DEBUG:colcon.colcon_installed_package_information.package_discovery:Found 1 installed packages in /home/xiaofeiyu/桌面/study/第1-2周作业/src/nodes/install
[0.227s] DEBUG:colcon.colcon_installed_package_information.package_discovery:Found 275 installed packages in /opt/ros/humble
[0.228s] Level 1:colcon.colcon_core.package_discovery:discover_packages(prefix_path) using defaults
[0.264s] Level 5:colcon.colcon_core.verb:set package 'nodes' build argument 'cmake_args' from command line to 'None'
[0.264s] Level 5:colcon.colcon_core.verb:set package 'nodes' build argument 'cmake_target' from command line to 'None'
[0.264s] Level 5:colcon.colcon_core.verb:set package 'nodes' build argument 'cmake_target_skip_unavailable' from command line to 'False'
[0.264s] Level 5:colcon.colcon_core.verb:set package 'nodes' build argument 'cmake_clean_cache' from command line to 'False'
[0.264s] Level 5:colcon.colcon_core.verb:set package 'nodes' build argument 'cmake_clean_first' from command line to 'False'
[0.264s] Level 5:colcon.colcon_core.verb:set package 'nodes' build argument 'cmake_force_configure' from command line to 'False'
[0.264s] Level 5:colcon.colcon_core.verb:set package 'nodes' build argument 'ament_cmake_args' from command line to 'None'
[0.264s] Level 5:colcon.colcon_core.verb:set package 'nodes' build argument 'catkin_cmake_args' from command line to 'None'
[0.264s] Level 5:colcon.colcon_core.verb:set package 'nodes' build argument 'catkin_skip_building_tests' from command line to 'False'
[0.265s] DEBUG:colcon.colcon_core.verb:Building package 'nodes' with the following arguments: {'ament_cmake_args': None, 'build_base': '/home/xiaofeiyu/桌面/study/第1-2周作业/src/nodes/build/nodes', 'catkin_cmake_args': None, 'catkin_skip_building_tests': False, 'cmake_args': None, 'cmake_clean_cache': False, 'cmake_clean_first': False, 'cmake_force_configure': False, 'cmake_target': None, 'cmake_target_skip_unavailable': False, 'install_base': '/home/xiaofeiyu/桌面/study/第1-2周作业/src/nodes/install/nodes', 'merge_install': False, 'path': '/home/xiaofeiyu/桌面/study/第1-2周作业/src/nodes', 'symlink_install': False, 'test_result_base': None}
[0.265s] INFO:colcon.colcon_core.executor:Executing jobs using 'parallel' executor
[0.265s] DEBUG:colcon.colcon_parallel_executor.executor.parallel:run_until_complete
[0.266s] INFO:colcon.colcon_ros.task.ament_cmake.build:Building ROS package in '/home/xiaofeiyu/桌面/study/第1-2周作业/src/nodes' with build type 'ament_cmake'
[0.266s] INFO:colcon.colcon_cmake.task.cmake.build:Building CMake package in '/home/xiaofeiyu/桌面/study/第1-2周作业/src/nodes'
[0.268s] INFO:colcon.colcon_core.plugin_system:Skipping extension 'colcon_core.shell.bat': Not used on non-Windows systems
[0.268s] INFO:colcon.colcon_core.shell:Skip shell extension 'powershell' for command environment: Not usable outside of PowerShell
[0.268s] DEBUG:colcon.colcon_core.shell:Skip shell extension 'dsv' for command environment
[0.278s] DEBUG:colcon.colcon_core.event_handler.log_command:Invoking command in '/home/xiaofeiyu/桌面/study/第1-2周作业/src/nodes/build/nodes': CMAKE_PREFIX_PATH=${CMAKE_PREFIX_PATH}:/opt/ros/humble /usr/bin/cmake --build /home/xiaofeiyu/桌面/study/第1-2周作业/src/nodes/build/nodes -- -j4 -l4
[4.642s] DEBUG:colcon.colcon_core.event_handler.log_command:Invoked command in '/home/xiaofeiyu/桌面/study/第1-2周作业/src/nodes/build/nodes' returned '2': CMAKE_PREFIX_PATH=${CMAKE_PREFIX_PATH}:/opt/ros/humble /usr/bin/cmake --build /home/xiaofeiyu/桌面/study/第1-2周作业/src/nodes/build/nodes -- -j4 -l4
[4.643s] Level 1:colcon.colcon_core.environment:create_environment_scripts_only(nodes)
[4.645s] Level 1:colcon.colcon_core.environment:checking '/home/xiaofeiyu/桌面/study/第1-2周作业/src/nodes/install/nodes' for CMake module files
[4.645s] Level 1:colcon.colcon_core.environment:checking '/home/xiaofeiyu/桌面/study/第1-2周作业/src/nodes/install/nodes' for CMake config files
[4.645s] Level 1:colcon.colcon_core.shell:create_environment_hook('nodes', 'cmake_prefix_path')
[4.645s] INFO:colcon.colcon_core.shell:Creating environment hook '/home/xiaofeiyu/桌面/study/第1-2周作业/src/nodes/install/nodes/share/nodes/hook/cmake_prefix_path.ps1'
[4.646s] INFO:colcon.colcon_core.shell:Creating environment descriptor '/home/xiaofeiyu/桌面/study/第1-2周作业/src/nodes/install/nodes/share/nodes/hook/cmake_prefix_path.dsv'
[4.646s] INFO:colcon.colcon_core.shell:Creating environment hook '/home/xiaofeiyu/桌面/study/第1-2周作业/src/nodes/install/nodes/share/nodes/hook/cmake_prefix_path.sh'
[4.647s] Level 1:colcon.colcon_core.environment:checking '/home/xiaofeiyu/桌面/study/第1-2周作业/src/nodes/install/nodes/lib'
[4.647s] Level 1:colcon.colcon_core.environment:checking '/home/xiaofeiyu/桌面/study/第1-2周作业/src/nodes/install/nodes/bin'
[4.647s] Level 1:colcon.colcon_core.environment:checking '/home/xiaofeiyu/桌面/study/第1-2周作业/src/nodes/install/nodes/lib/pkgconfig/nodes.pc'
[4.647s] Level 1:colcon.colcon_core.environment:checking '/home/xiaofeiyu/桌面/study/第1-2周作业/src/nodes/install/nodes/lib/python3.10/site-packages'
[4.648s] Level 1:colcon.colcon_core.environment:checking '/home/xiaofeiyu/桌面/study/第1-2周作业/src/nodes/install/nodes/bin'
[4.648s] INFO:colcon.colcon_core.shell:Creating package script '/home/xiaofeiyu/桌面/study/第1-2周作业/src/nodes/install/nodes/share/nodes/package.ps1'
[4.648s] INFO:colcon.colcon_core.shell:Creating package descriptor '/home/xiaofeiyu/桌面/study/第1-2周作业/src/nodes/install/nodes/share/nodes/package.dsv'
[4.649s] INFO:colcon.colcon_core.shell:Creating package script '/home/xiaofeiyu/桌面/study/第1-2周作业/src/nodes/install/nodes/share/nodes/package.sh'
[4.649s] INFO:colcon.colcon_core.shell:Creating package script '/home/xiaofeiyu/桌面/study/第1-2周作业/src/nodes/install/nodes/share/nodes/package.bash'
[4.650s] INFO:colcon.colcon_core.shell:Creating package script '/home/xiaofeiyu/桌面/study/第1-2周作业/src/nodes/install/nodes/share/nodes/package.zsh'
[4.650s] Level 1:colcon.colcon_core.environment:create_file_with_runtime_dependencies(/home/xiaofeiyu/桌面/study/第1-2周作业/src/nodes/install/nodes/share/colcon-core/packages/nodes)
[4.661s] DEBUG:colcon.colcon_parallel_executor.executor.parallel:closing loop
[4.661s] DEBUG:colcon.colcon_parallel_executor.executor.parallel:loop closed
[4.661s] DEBUG:colcon.colcon_parallel_executor.executor.parallel:run_until_complete finished with '2'
[4.661s] DEBUG:colcon.colcon_core.event_reactor:joining thread
[4.666s] INFO:colcon.colcon_core.plugin_system:Skipping extension 'colcon_notification.desktop_notification.terminal_notifier': Not used on non-Darwin systems
[4.666s] INFO:colcon.colcon_core.plugin_system:Skipping extension 'colcon_notification.desktop_notification.win32': Not used on non-Windows systems
[4.666s] INFO:colcon.colcon_notification.desktop_notification:Sending desktop notification using 'notify2'
[4.679s] DEBUG:colcon.colcon_core.event_reactor:joined thread
[4.679s] INFO:colcon.colcon_core.shell:Creating prefix script '/home/xiaofeiyu/桌面/study/第1-2周作业/src/nodes/install/local_setup.ps1'
[4.680s] INFO:colcon.colcon_core.shell:Creating prefix util module '/home/xiaofeiyu/桌面/study/第1-2周作业/src/nodes/install/_local_setup_util_ps1.py'
[4.681s] INFO:colcon.colcon_core.shell:Creating prefix chain script '/home/xiaofeiyu/桌面/study/第1-2周作业/src/nodes/install/setup.ps1'
[4.682s] INFO:colcon.colcon_core.shell:Creating prefix script '/home/xiaofeiyu/桌面/study/第1-2周作业/src/nodes/install/local_setup.sh'
[4.682s] INFO:colcon.colcon_core.shell:Creating prefix util module '/home/xiaofeiyu/桌面/study/第1-2周作业/src/nodes/install/_local_setup_util_sh.py'
[4.683s] INFO:colcon.colcon_core.shell:Creating prefix chain script '/home/xiaofeiyu/桌面/study/第1-2周作业/src/nodes/install/setup.sh'
[4.683s] INFO:colcon.colcon_core.shell:Creating prefix script '/home/xiaofeiyu/桌面/study/第1-2周作业/src/nodes/install/local_setup.bash'
[4.684s] INFO:colcon.colcon_core.shell:Creating prefix chain script '/home/xiaofeiyu/桌面/study/第1-2周作业/src/nodes/install/setup.bash'
[4.685s] INFO:colcon.colcon_core.shell:Creating prefix script '/home/xiaofeiyu/桌面/study/第1-2周作业/src/nodes/install/local_setup.zsh'
[4.686s] INFO:colcon.colcon_core.shell:Creating prefix chain script '/home/xiaofeiyu/桌面/study/第1-2周作业/src/nodes/install/setup.zsh'
