[0.072s] DEBUG:colcon:Command line arguments: ['/usr/bin/colcon', 'build']
[0.072s] DEBUG:colcon:Parsed command line arguments: Namespace(log_base=None, log_level=None, verb_name='build', build_base='build', install_base='install', merge_install=False, symlink_install=False, test_result_base=None, continue_on_error=False, executor='parallel', parallel_workers=4, event_handlers=None, ignore_user_meta=False, metas=['./colcon.meta'], base_paths=['.'], packages_ignore=None, packages_ignore_regex=None, paths=None, packages_up_to=None, packages_up_to_regex=None, packages_above=None, packages_above_and_dependencies=None, packages_above_depth=None, packages_select_by_dep=None, packages_skip_by_dep=None, packages_skip_up_to=None, packages_select_build_failed=False, packages_skip_build_finished=False, packages_select_test_failures=False, packages_skip_test_passed=False, packages_select=None, packages_skip=None, packages_select_regex=None, packages_skip_regex=None, packages_start=None, packages_end=None, allow_overriding=[], cmake_args=None, cmake_target=None, cmake_target_skip_unavailable=False, cmake_clean_cache=False, cmake_clean_first=False, cmake_force_configure=False, ament_cmake_args=None, catkin_cmake_args=None, catkin_skip_building_tests=False, verb_parser=<colcon_defaults.argument_parser.defaults.DefaultArgumentsDecorator object at 0x764e1c8dfd60>, verb_extension=<colcon_core.verb.build.BuildVerb object at 0x764e1c8df850>, main=<bound method BuildVerb.main of <colcon_core.verb.build.BuildVerb object at 0x764e1c8df850>>)
[0.180s] Level 1:colcon.colcon_core.package_discovery:discover_packages(colcon_meta) check parameters
[0.180s] Level 1:colcon.colcon_core.package_discovery:discover_packages(recursive) check parameters
[0.180s] Level 1:colcon.colcon_core.package_discovery:discover_packages(ignore) check parameters
[0.180s] Level 1:colcon.colcon_core.package_discovery:discover_packages(path) check parameters
[0.180s] Level 1:colcon.colcon_core.package_discovery:discover_packages(colcon_meta) discover
[0.180s] Level 1:colcon.colcon_core.package_discovery:discover_packages(recursive) discover
[0.180s] INFO:colcon.colcon_core.package_discovery:Crawling recursively for packages in '/home/xiaofeiyu/桌面/study/RM_Vision_Study/期末考前作业/chapt_ws/src/tf'
[0.180s] Level 1:colcon.colcon_core.package_identification:_identify(.) by extensions ['ignore', 'ignore_ament_install']
[0.180s] Level 1:colcon.colcon_core.package_identification:_identify(.) by extension 'ignore'
[0.180s] Level 1:colcon.colcon_core.package_identification:_identify(.) by extension 'ignore_ament_install'
[0.180s] Level 1:colcon.colcon_core.package_identification:_identify(.) by extensions ['colcon_pkg']
[0.180s] Level 1:colcon.colcon_core.package_identification:_identify(.) by extension 'colcon_pkg'
[0.180s] Level 1:colcon.colcon_core.package_identification:_identify(.) by extensions ['colcon_meta']
[0.180s] Level 1:colcon.colcon_core.package_identification:_identify(.) by extension 'colcon_meta'
[0.180s] Level 1:colcon.colcon_core.package_identification:_identify(.) by extensions ['ros']
[0.180s] Level 1:colcon.colcon_core.package_identification:_identify(.) by extension 'ros'
[0.189s] DEBUG:colcon.colcon_core.package_identification:Package '.' with type 'ros.ament_python' and name 'tf'
[0.190s] Level 1:colcon.colcon_core.package_discovery:discover_packages(recursive) using defaults
[0.190s] Level 1:colcon.colcon_core.package_discovery:discover_packages(ignore) discover
[0.190s] Level 1:colcon.colcon_core.package_discovery:discover_packages(ignore) using defaults
[0.190s] Level 1:colcon.colcon_core.package_discovery:discover_packages(path) discover
[0.190s] Level 1:colcon.colcon_core.package_discovery:discover_packages(path) using defaults
[0.207s] Level 1:colcon.colcon_core.package_discovery:discover_packages(prefix_path) check parameters
[0.207s] Level 1:colcon.colcon_core.package_discovery:discover_packages(prefix_path) discover
[0.208s] DEBUG:colcon.colcon_installed_package_information.package_discovery:Found 1 installed packages in /home/xiaofeiyu/桌面/study/RM_Vision_Study/期末考前作业/chapt_ws/src/tf/install
[0.210s] DEBUG:colcon.colcon_installed_package_information.package_discovery:Found 278 installed packages in /opt/ros/humble
[0.210s] Level 1:colcon.colcon_core.package_discovery:discover_packages(prefix_path) using defaults
[0.234s] Level 5:colcon.colcon_core.verb:set package 'tf' build argument 'cmake_args' from command line to 'None'
[0.234s] Level 5:colcon.colcon_core.verb:set package 'tf' build argument 'cmake_target' from command line to 'None'
[0.234s] Level 5:colcon.colcon_core.verb:set package 'tf' build argument 'cmake_target_skip_unavailable' from command line to 'False'
[0.234s] Level 5:colcon.colcon_core.verb:set package 'tf' build argument 'cmake_clean_cache' from command line to 'False'
[0.234s] Level 5:colcon.colcon_core.verb:set package 'tf' build argument 'cmake_clean_first' from command line to 'False'
[0.234s] Level 5:colcon.colcon_core.verb:set package 'tf' build argument 'cmake_force_configure' from command line to 'False'
[0.234s] Level 5:colcon.colcon_core.verb:set package 'tf' build argument 'ament_cmake_args' from command line to 'None'
[0.234s] Level 5:colcon.colcon_core.verb:set package 'tf' build argument 'catkin_cmake_args' from command line to 'None'
[0.234s] Level 5:colcon.colcon_core.verb:set package 'tf' build argument 'catkin_skip_building_tests' from command line to 'False'
[0.234s] DEBUG:colcon.colcon_core.verb:Building package 'tf' with the following arguments: {'ament_cmake_args': None, 'build_base': '/home/xiaofeiyu/桌面/study/RM_Vision_Study/期末考前作业/chapt_ws/src/tf/build/tf', 'catkin_cmake_args': None, 'catkin_skip_building_tests': False, 'cmake_args': None, 'cmake_clean_cache': False, 'cmake_clean_first': False, 'cmake_force_configure': False, 'cmake_target': None, 'cmake_target_skip_unavailable': False, 'install_base': '/home/xiaofeiyu/桌面/study/RM_Vision_Study/期末考前作业/chapt_ws/src/tf/install/tf', 'merge_install': False, 'path': '/home/xiaofeiyu/桌面/study/RM_Vision_Study/期末考前作业/chapt_ws/src/tf', 'symlink_install': False, 'test_result_base': None}
[0.234s] INFO:colcon.colcon_core.executor:Executing jobs using 'parallel' executor
[0.235s] DEBUG:colcon.colcon_parallel_executor.executor.parallel:run_until_complete
[0.235s] INFO:colcon.colcon_ros.task.ament_python.build:Building ROS package in '/home/xiaofeiyu/桌面/study/RM_Vision_Study/期末考前作业/chapt_ws/src/tf' with build type 'ament_python'
[0.236s] Level 1:colcon.colcon_core.shell:create_environment_hook('tf', 'ament_prefix_path')
[0.237s] INFO:colcon.colcon_core.plugin_system:Skipping extension 'colcon_core.shell.bat': Not used on non-Windows systems
[0.237s] INFO:colcon.colcon_core.shell:Creating environment hook '/home/xiaofeiyu/桌面/study/RM_Vision_Study/期末考前作业/chapt_ws/src/tf/install/tf/share/tf/hook/ament_prefix_path.ps1'
[0.238s] INFO:colcon.colcon_core.shell:Creating environment descriptor '/home/xiaofeiyu/桌面/study/RM_Vision_Study/期末考前作业/chapt_ws/src/tf/install/tf/share/tf/hook/ament_prefix_path.dsv'
[0.238s] INFO:colcon.colcon_core.shell:Creating environment hook '/home/xiaofeiyu/桌面/study/RM_Vision_Study/期末考前作业/chapt_ws/src/tf/install/tf/share/tf/hook/ament_prefix_path.sh'
[0.239s] INFO:colcon.colcon_core.shell:Skip shell extension 'powershell' for command environment: Not usable outside of PowerShell
[0.239s] DEBUG:colcon.colcon_core.shell:Skip shell extension 'dsv' for command environment
[0.422s] INFO:colcon.colcon_core.task.python.build:Building Python package in '/home/xiaofeiyu/桌面/study/RM_Vision_Study/期末考前作业/chapt_ws/src/tf'
[0.423s] INFO:colcon.colcon_core.shell:Skip shell extension 'powershell' for command environment: Not usable outside of PowerShell
[0.423s] DEBUG:colcon.colcon_core.shell:Skip shell extension 'dsv' for command environment
[0.658s] DEBUG:colcon.colcon_core.event_handler.log_command:Invoking command in '/home/xiaofeiyu/桌面/study/RM_Vision_Study/期末考前作业/chapt_ws/src/tf': PYTHONPATH=/home/xiaofeiyu/桌面/study/RM_Vision_Study/期末考前作业/chapt_ws/src/tf/build/tf/prefix_override:/usr/lib/python3/dist-packages/colcon_core/task/python/colcon_distutils_commands:/home/xiaofeiyu/桌面/study/RM_Vision_Study/期末考前作业/chapt_ws/src/tf/install/tf/lib/python3.10/site-packages:${PYTHONPATH} /usr/bin/python3 -W ignore:setup.py install is deprecated -W ignore:easy_install command is deprecated setup.py egg_info --egg-base build/tf build --build-base /home/xiaofeiyu/桌面/study/RM_Vision_Study/期末考前作业/chapt_ws/src/tf/build/tf/build install --record /home/xiaofeiyu/桌面/study/RM_Vision_Study/期末考前作业/chapt_ws/src/tf/build/tf/install.log --single-version-externally-managed install_data
[0.858s] DEBUG:colcon.colcon_core.event_handler.log_command:Invoked command in '/home/xiaofeiyu/桌面/study/RM_Vision_Study/期末考前作业/chapt_ws/src/tf' returned '0': PYTHONPATH=/home/xiaofeiyu/桌面/study/RM_Vision_Study/期末考前作业/chapt_ws/src/tf/build/tf/prefix_override:/usr/lib/python3/dist-packages/colcon_core/task/python/colcon_distutils_commands:/home/xiaofeiyu/桌面/study/RM_Vision_Study/期末考前作业/chapt_ws/src/tf/install/tf/lib/python3.10/site-packages:${PYTHONPATH} /usr/bin/python3 -W ignore:setup.py install is deprecated -W ignore:easy_install command is deprecated setup.py egg_info --egg-base build/tf build --build-base /home/xiaofeiyu/桌面/study/RM_Vision_Study/期末考前作业/chapt_ws/src/tf/build/tf/build install --record /home/xiaofeiyu/桌面/study/RM_Vision_Study/期末考前作业/chapt_ws/src/tf/build/tf/install.log --single-version-externally-managed install_data
[0.859s] Level 1:colcon.colcon_core.environment:checking '/home/xiaofeiyu/桌面/study/RM_Vision_Study/期末考前作业/chapt_ws/src/tf/install/tf' for CMake module files
[0.859s] Level 1:colcon.colcon_core.environment:checking '/home/xiaofeiyu/桌面/study/RM_Vision_Study/期末考前作业/chapt_ws/src/tf/install/tf' for CMake config files
[0.860s] Level 1:colcon.colcon_core.environment:checking '/home/xiaofeiyu/桌面/study/RM_Vision_Study/期末考前作业/chapt_ws/src/tf/install/tf/lib'
[0.860s] Level 1:colcon.colcon_core.environment:checking '/home/xiaofeiyu/桌面/study/RM_Vision_Study/期末考前作业/chapt_ws/src/tf/install/tf/bin'
[0.860s] Level 1:colcon.colcon_core.environment:checking '/home/xiaofeiyu/桌面/study/RM_Vision_Study/期末考前作业/chapt_ws/src/tf/install/tf/lib/pkgconfig/tf.pc'
[0.860s] Level 1:colcon.colcon_core.environment:checking '/home/xiaofeiyu/桌面/study/RM_Vision_Study/期末考前作业/chapt_ws/src/tf/install/tf/lib/python3.10/site-packages'
[0.860s] Level 1:colcon.colcon_core.shell:create_environment_hook('tf', 'pythonpath')
[0.860s] INFO:colcon.colcon_core.shell:Creating environment hook '/home/xiaofeiyu/桌面/study/RM_Vision_Study/期末考前作业/chapt_ws/src/tf/install/tf/share/tf/hook/pythonpath.ps1'
[0.861s] INFO:colcon.colcon_core.shell:Creating environment descriptor '/home/xiaofeiyu/桌面/study/RM_Vision_Study/期末考前作业/chapt_ws/src/tf/install/tf/share/tf/hook/pythonpath.dsv'
[0.861s] INFO:colcon.colcon_core.shell:Creating environment hook '/home/xiaofeiyu/桌面/study/RM_Vision_Study/期末考前作业/chapt_ws/src/tf/install/tf/share/tf/hook/pythonpath.sh'
[0.862s] Level 1:colcon.colcon_core.environment:checking '/home/xiaofeiyu/桌面/study/RM_Vision_Study/期末考前作业/chapt_ws/src/tf/install/tf/bin'
[0.862s] Level 1:colcon.colcon_core.environment:create_environment_scripts_only(tf)
[0.862s] INFO:colcon.colcon_core.shell:Creating package script '/home/xiaofeiyu/桌面/study/RM_Vision_Study/期末考前作业/chapt_ws/src/tf/install/tf/share/tf/package.ps1'
[0.863s] INFO:colcon.colcon_core.shell:Creating package descriptor '/home/xiaofeiyu/桌面/study/RM_Vision_Study/期末考前作业/chapt_ws/src/tf/install/tf/share/tf/package.dsv'
[0.863s] INFO:colcon.colcon_core.shell:Creating package script '/home/xiaofeiyu/桌面/study/RM_Vision_Study/期末考前作业/chapt_ws/src/tf/install/tf/share/tf/package.sh'
[0.864s] INFO:colcon.colcon_core.shell:Creating package script '/home/xiaofeiyu/桌面/study/RM_Vision_Study/期末考前作业/chapt_ws/src/tf/install/tf/share/tf/package.bash'
[0.864s] INFO:colcon.colcon_core.shell:Creating package script '/home/xiaofeiyu/桌面/study/RM_Vision_Study/期末考前作业/chapt_ws/src/tf/install/tf/share/tf/package.zsh'
[0.865s] Level 1:colcon.colcon_core.environment:create_file_with_runtime_dependencies(/home/xiaofeiyu/桌面/study/RM_Vision_Study/期末考前作业/chapt_ws/src/tf/install/tf/share/colcon-core/packages/tf)
[0.865s] DEBUG:colcon.colcon_parallel_executor.executor.parallel:closing loop
[0.865s] DEBUG:colcon.colcon_parallel_executor.executor.parallel:loop closed
[0.865s] DEBUG:colcon.colcon_parallel_executor.executor.parallel:run_until_complete finished with '0'
[0.865s] DEBUG:colcon.colcon_core.event_reactor:joining thread
[0.869s] INFO:colcon.colcon_core.plugin_system:Skipping extension 'colcon_notification.desktop_notification.terminal_notifier': Not used on non-Darwin systems
[0.869s] INFO:colcon.colcon_core.plugin_system:Skipping extension 'colcon_notification.desktop_notification.win32': Not used on non-Windows systems
[0.869s] INFO:colcon.colcon_notification.desktop_notification:Sending desktop notification using 'notify2'
[0.881s] DEBUG:colcon.colcon_core.event_reactor:joined thread
[0.881s] INFO:colcon.colcon_core.shell:Creating prefix script '/home/xiaofeiyu/桌面/study/RM_Vision_Study/期末考前作业/chapt_ws/src/tf/install/local_setup.ps1'
[0.882s] INFO:colcon.colcon_core.shell:Creating prefix util module '/home/xiaofeiyu/桌面/study/RM_Vision_Study/期末考前作业/chapt_ws/src/tf/install/_local_setup_util_ps1.py'
[0.883s] INFO:colcon.colcon_core.shell:Creating prefix chain script '/home/xiaofeiyu/桌面/study/RM_Vision_Study/期末考前作业/chapt_ws/src/tf/install/setup.ps1'
[0.884s] INFO:colcon.colcon_core.shell:Creating prefix script '/home/xiaofeiyu/桌面/study/RM_Vision_Study/期末考前作业/chapt_ws/src/tf/install/local_setup.sh'
[0.885s] INFO:colcon.colcon_core.shell:Creating prefix util module '/home/xiaofeiyu/桌面/study/RM_Vision_Study/期末考前作业/chapt_ws/src/tf/install/_local_setup_util_sh.py'
[0.885s] INFO:colcon.colcon_core.shell:Creating prefix chain script '/home/xiaofeiyu/桌面/study/RM_Vision_Study/期末考前作业/chapt_ws/src/tf/install/setup.sh'
[0.886s] INFO:colcon.colcon_core.shell:Creating prefix script '/home/xiaofeiyu/桌面/study/RM_Vision_Study/期末考前作业/chapt_ws/src/tf/install/local_setup.bash'
[0.886s] INFO:colcon.colcon_core.shell:Creating prefix chain script '/home/xiaofeiyu/桌面/study/RM_Vision_Study/期末考前作业/chapt_ws/src/tf/install/setup.bash'
[0.887s] INFO:colcon.colcon_core.shell:Creating prefix script '/home/xiaofeiyu/桌面/study/RM_Vision_Study/期末考前作业/chapt_ws/src/tf/install/local_setup.zsh'
[0.888s] INFO:colcon.colcon_core.shell:Creating prefix chain script '/home/xiaofeiyu/桌面/study/RM_Vision_Study/期末考前作业/chapt_ws/src/tf/install/setup.zsh'
