-- Found rclcpp: 16.0.12 (/opt/ros/humble/share/rclcpp/cmake)
-- Found rosidl_generator_c: 3.1.6 (/opt/ros/humble/share/rosidl_generator_c/cmake)
-- Found rosidl_adapter: 3.1.6 (/opt/ros/humble/share/rosidl_adapter/cmake)
-- Found rosidl_generator_cpp: 3.1.6 (/opt/ros/humble/share/rosidl_generator_cpp/cmake)
-- Using all available rosidl_typesupport_c: rosidl_typesupport_fastrtps_c;rosidl_typesupport_introspection_c
-- Using all available rosidl_typesupport_cpp: rosidl_typesupport_fastrtps_cpp;rosidl_typesupport_introspection_cpp
-- Found rmw_implementation_cmake: 6.1.2 (/opt/ros/humble/share/rmw_implementation_cmake/cmake)
-- Found rmw_fastrtps_cpp: 6.2.7 (/opt/ros/humble/share/rmw_fastrtps_cpp/cmake)
-- Using RMW implementation 'rmw_fastrtps_cpp' as default
-- Configuring done
-- Generating done
-- Build files have been written to: /home/xiaofeiyu/æ¡Œé¢/å­¦ä¹ /1-2weeks/src/build/Publisher2Listener
[ 50%] [32mBuilding CXX object CMakeFiles/publisher_node.dir/src/publisher.cpp.o[0m
[ 50%] [32mBuilding CXX object CMakeFiles/listener_node.dir/src/listener.cpp.o[0m
[ 75%] [32m[1mLinking CXX executable publisher_node[0m
[ 75%] Built target publisher_node
[100%] [32m[1mLinking CXX executable listener_node[0m
[100%] Built target listener_node
-- Install configuration: ""
-- Installing: /home/xiaofeiyu/æ¡Œé¢/å­¦ä¹ /1-2weeks/src/install/Publisher2Listener/lib/Publisher2Listener/publisher_node
-- Set runtime path of "/home/xiaofeiyu/æ¡Œé¢/å­¦ä¹ /1-2weeks/src/install/Publisher2Listener/lib/Publisher2Listener/publisher_node" to ""
-- Installing: /home/xiaofeiyu/æ¡Œé¢/å­¦ä¹ /1-2weeks/src/install/Publisher2Listener/lib/Publisher2Listener/listener_node
-- Set runtime path of "/home/xiaofeiyu/æ¡Œé¢/å­¦ä¹ /1-2weeks/src/install/Publisher2Listener/lib/Publisher2Listener/listener_node" to ""
-- Up-to-date: /home/xiaofeiyu/æ¡Œé¢/å­¦ä¹ /1-2weeks/src/install/Publisher2Listener/share/ament_index/resource_index/package_run_dependencies/Publisher2Listener
-- Installing: /home/xiaofeiyu/æ¡Œé¢/å­¦ä¹ /1-2weeks/src/install/Publisher2Listener/share/ament_index/resource_index/parent_prefix_path/Publisher2Listener
-- Up-to-date: /home/xiaofeiyu/æ¡Œé¢/å­¦ä¹ /1-2weeks/src/install/Publisher2Listener/share/Publisher2Listener/environment/ament_prefix_path.sh
-- Installing: /home/xiaofeiyu/æ¡Œé¢/å­¦ä¹ /1-2weeks/src/install/Publisher2Listener/share/Publisher2Listener/environment/ament_prefix_path.dsv
-- Up-to-date: /home/xiaofeiyu/æ¡Œé¢/å­¦ä¹ /1-2weeks/src/install/Publisher2Listener/share/Publisher2Listener/environment/path.sh
-- Installing: /home/xiaofeiyu/æ¡Œé¢/å­¦ä¹ /1-2weeks/src/install/Publisher2Listener/share/Publisher2Listener/environment/path.dsv
-- Up-to-date: /home/xiaofeiyu/æ¡Œé¢/å­¦ä¹ /1-2weeks/src/install/Publisher2Listener/share/Publisher2Listener/local_setup.bash
-- Up-to-date: /home/xiaofeiyu/æ¡Œé¢/å­¦ä¹ /1-2weeks/src/install/Publisher2Listener/share/Publisher2Listener/local_setup.sh
-- Up-to-date: /home/xiaofeiyu/æ¡Œé¢/å­¦ä¹ /1-2weeks/src/install/Publisher2Listener/share/Publisher2Listener/local_setup.zsh
-- Installing: /home/xiaofeiyu/æ¡Œé¢/å­¦ä¹ /1-2weeks/src/install/Publisher2Listener/share/Publisher2Listener/local_setup.dsv
-- Installing: /home/xiaofeiyu/æ¡Œé¢/å­¦ä¹ /1-2weeks/src/install/Publisher2Listener/share/Publisher2Listener/package.dsv
-- Up-to-date: /home/xiaofeiyu/æ¡Œé¢/å­¦ä¹ /1-2weeks/src/install/Publisher2Listener/share/ament_index/resource_index/packages/Publisher2Listener
-- Up-to-date: /home/xiaofeiyu/æ¡Œé¢/å­¦ä¹ /1-2weeks/src/install/Publisher2Listener/share/Publisher2Listener/cmake/Publisher2ListenerConfig.cmake
-- Up-to-date: /home/xiaofeiyu/æ¡Œé¢/å­¦ä¹ /1-2weeks/src/install/Publisher2Listener/share/Publisher2Listener/cmake/Publisher2ListenerConfig-version.cmake
-- Up-to-date: /home/xiaofeiyu/æ¡Œé¢/å­¦ä¹ /1-2weeks/src/install/Publisher2Listener/share/Publisher2Listener/package.xml
