[0.010s] Invoking command in '/home/xiaofeiyu/桌面/学习/1-2weeks/src/build/Publisher2Listener': CMAKE_PREFIX_PATH=/opt/ros/humble /usr/bin/cmake --build /home/xiaofeiyu/桌面/学习/1-2weeks/src/build/Publisher2Listener -- -j4 -l4
[0.037s] -- Found rclcpp: 16.0.12 (/opt/ros/humble/share/rclcpp/cmake)
[0.197s] -- Found rosidl_generator_c: 3.1.6 (/opt/ros/humble/share/rosidl_generator_c/cmake)
[0.205s] -- Found rosidl_adapter: 3.1.6 (/opt/ros/humble/share/rosidl_adapter/cmake)
[0.217s] -- Found rosidl_generator_cpp: 3.1.6 (/opt/ros/humble/share/rosidl_generator_cpp/cmake)
[0.238s] -- Using all available rosidl_typesupport_c: rosidl_typesupport_fastrtps_c;rosidl_typesupport_introspection_c
[0.262s] -- Using all available rosidl_typesupport_cpp: rosidl_typesupport_fastrtps_cpp;rosidl_typesupport_introspection_cpp
[0.326s] -- Found rmw_implementation_cmake: 6.1.2 (/opt/ros/humble/share/rmw_implementation_cmake/cmake)
[0.331s] -- Found rmw_fastrtps_cpp: 6.2.7 (/opt/ros/humble/share/rmw_fastrtps_cpp/cmake)
[0.432s] -- Found OpenSSL: /usr/lib/x86_64-linux-gnu/libcrypto.so (found version "3.0.2")  
[0.454s] -- Found FastRTPS: /opt/ros/humble/include  
[0.482s] -- Using RMW implementation 'rmw_fastrtps_cpp' as default
[0.498s] -- Looking for pthread.h
[0.578s] -- Looking for pthread.h - found
[0.578s] -- Performing Test CMAKE_HAVE_LIBC_PTHREAD
[0.649s] -- Performing Test CMAKE_HAVE_LIBC_PTHREAD - Success
[0.650s] -- Found Threads: TRUE  
[0.770s] WARNING: Package name "Publisher2Listener" does not follow the naming conventions. It should start with a lower case letter and only contain lower case letters, digits, underscores, and dashes.
[0.780s] -- Configuring done
[0.782s] [31mCMake Error at CMakeLists.txt:8 (add_executable):
[0.782s]   Cannot find source file:
[0.782s] 
[0.783s]     src/publisher.cpp
[0.783s] 
[0.783s]   Tried extensions .c .C .c++ .cc .cpp .cxx .cu .mpp .m .M .mm .ixx .cppm .h
[0.783s]   .hh .h++ .hm .hpp .hxx .in .txx .f .F .for .f77 .f90 .f95 .f03 .hip .ispc
[0.783s] 
[0.783s] [0m
[0.783s] [31mCMake Error at CMakeLists.txt:11 (add_executable):
[0.783s]   Cannot find source file:
[0.783s] 
[0.784s]     src/listener.cpp
[0.784s] 
[0.784s]   Tried extensions .c .C .c++ .cc .cpp .cxx .cu .mpp .m .M .mm .ixx .cppm .h
[0.784s]   .hh .h++ .hm .hpp .hxx .in .txx .f .F .for .f77 .f90 .f95 .f03 .hip .ispc
[0.784s] 
[0.784s] [0m
[0.784s] [31mCMake Error at CMakeLists.txt:8 (add_executable):
[0.784s]   No SOURCES given to target: publisher_node
[0.784s] 
[0.784s] [0m
[0.784s] [31mCMake Error at CMakeLists.txt:11 (add_executable):
[0.784s]   No SOURCES given to target: listener_node
[0.784s] 
[0.784s] [0m
[0.784s] [0mCMake Generate step failed.  Build files cannot be regenerated correctly.[0m
[0.787s] gmake: *** [Makefile:226：cmake_check_build_system] 错误 1
[0.789s] Invoked command in '/home/xiaofeiyu/桌面/学习/1-2weeks/src/build/Publisher2Listener' returned '2': CMAKE_PREFIX_PATH=/opt/ros/humble /usr/bin/cmake --build /home/xiaofeiyu/桌面/学习/1-2weeks/src/build/Publisher2Listener -- -j4 -l4
