running egg_info
creating build/tf/tf.egg-info
writing build/tf/tf.egg-info/PKG-INFO
writing dependency_links to build/tf/tf.egg-info/dependency_links.txt
writing entry points to build/tf/tf.egg-info/entry_points.txt
writing requirements to build/tf/tf.egg-info/requires.txt
writing top-level names to build/tf/tf.egg-info/top_level.txt
writing manifest file 'build/tf/tf.egg-info/SOURCES.txt'
reading manifest file 'build/tf/tf.egg-info/SOURCES.txt'
adding license file 'LICENSE'
writing manifest file 'build/tf/tf.egg-info/SOURCES.txt'
running build
running install
running install_data
creating /home/xiaofeiyu/桌面/chapt_ws/src/tf/install/tf/share/ament_index
creating /home/xiaofeiyu/桌面/chapt_ws/src/tf/install/tf/share/ament_index/resource_index
creating /home/xiaofeiyu/桌面/chapt_ws/src/tf/install/tf/share/ament_index/resource_index/packages
copying resource/tf -> /home/xiaofeiyu/桌面/chapt_ws/src/tf/install/tf/share/ament_index/resource_index/packages
copying package.xml -> /home/xiaofeiyu/桌面/chapt_ws/src/tf/install/tf/share/tf
creating /home/xiaofeiyu/桌面/chapt_ws/src/tf/install/tf/share/tf/launch
copying launch/tf.launch.py -> /home/xiaofeiyu/桌面/chapt_ws/src/tf/install/tf/share/tf/launch
running install_egg_info
Copying build/tf/tf.egg-info to /home/xiaofeiyu/桌面/chapt_ws/src/tf/install/tf/lib/python3.10/site-packages/tf-0.0.0-py3.10.egg-info
running install_scripts
Installing gimbal_to_base script to /home/xiaofeiyu/桌面/chapt_ws/src/tf/install/tf/lib/tf
Installing tf_broadcaster script to /home/xiaofeiyu/桌面/chapt_ws/src/tf/install/tf/lib/tf
writing list of installed files to '/home/xiaofeiyu/桌面/chapt_ws/src/tf/build/tf/install.log'
