running egg_info
writing build/tf/tf.egg-info/PKG-INFO
writing dependency_links to build/tf/tf.egg-info/dependency_links.txt
writing entry points to build/tf/tf.egg-info/entry_points.txt
writing requirements to build/tf/tf.egg-info/requires.txt
writing top-level names to build/tf/tf.egg-info/top_level.txt
reading manifest file 'build/tf/tf.egg-info/SOURCES.txt'
adding license file 'LICENSE'
writing manifest file 'build/tf/tf.egg-info/SOURCES.txt'
running build
running build_py
running install
running install_lib
running install_data
running install_egg_info
removing '/home/xiaofeiyu/桌面/chapt_ws/src/tf/install/tf/lib/python3.10/site-packages/tf-0.0.0-py3.10.egg-info' (and everything under it)
Copying build/tf/tf.egg-info to /home/xiaofeiyu/桌面/chapt_ws/src/tf/install/tf/lib/python3.10/site-packages/tf-0.0.0-py3.10.egg-info
running install_scripts
Installing gimbal_to_base script to /home/xiaofeiyu/桌面/chapt_ws/src/tf/install/tf/lib/tf
Installing tf_broadcaster script to /home/xiaofeiyu/桌面/chapt_ws/src/tf/install/tf/lib/tf
writing list of installed files to '/home/xiaofeiyu/桌面/chapt_ws/src/tf/build/tf/install.log'
