[0.017s] Invoking command in '/home/xiaofeiyu/桌面/chapt_ws/src/mbot_description/build/mbot_description': CMAKE_PREFIX_PATH=${CMAKE_PREFIX_PATH}:/opt/ros/humble /usr/bin/cmake --build /home/xiaofeiyu/桌面/chapt_ws/src/mbot_description/build/mbot_description -- -j4 -l4
[0.064s] Invoked command in '/home/xiaofeiyu/桌面/chapt_ws/src/mbot_description/build/mbot_description' returned '0': CMAKE_PREFIX_PATH=${CMAKE_PREFIX_PATH}:/opt/ros/humble /usr/bin/cmake --build /home/xiaofeiyu/桌面/chapt_ws/src/mbot_description/build/mbot_description -- -j4 -l4
[0.073s] Invoking command in '/home/xiaofeiyu/桌面/chapt_ws/src/mbot_description/build/mbot_description': CMAKE_PREFIX_PATH=${CMAKE_PREFIX_PATH}:/opt/ros/humble /usr/bin/cmake --install /home/xiaofeiyu/桌面/chapt_ws/src/mbot_description/build/mbot_description
[0.081s] -- Install configuration: ""
[0.081s] -- Up-to-date: /home/xiaofeiyu/桌面/chapt_ws/src/mbot_description/install/mbot_description/share/mbot_description/urdf
[0.081s] -- Up-to-date: /home/xiaofeiyu/桌面/chapt_ws/src/mbot_description/install/mbot_description/share/mbot_description/urdf/mbot_base.urdf
[0.081s] -- Up-to-date: /home/xiaofeiyu/桌面/chapt_ws/src/mbot_description/install/mbot_description/share/mbot_description/meshes
[0.081s] -- Up-to-date: /home/xiaofeiyu/桌面/chapt_ws/src/mbot_description/install/mbot_description/share/mbot_description/launch
[0.082s] -- Up-to-date: /home/xiaofeiyu/桌面/chapt_ws/src/mbot_description/install/mbot_description/share/mbot_description/launch/mbot_base.launch.py
[0.082s] -- Up-to-date: /home/xiaofeiyu/桌面/chapt_ws/src/mbot_description/install/mbot_description/share/mbot_description/config
[0.082s] -- Up-to-date: /home/xiaofeiyu/桌面/chapt_ws/src/mbot_description/install/mbot_description/share/ament_index/resource_index/package_run_dependencies/mbot_description
[0.082s] -- Up-to-date: /home/xiaofeiyu/桌面/chapt_ws/src/mbot_description/install/mbot_description/share/ament_index/resource_index/parent_prefix_path/mbot_description
[0.082s] -- Up-to-date: /home/xiaofeiyu/桌面/chapt_ws/src/mbot_description/install/mbot_description/share/mbot_description/environment/ament_prefix_path.sh
[0.082s] -- Up-to-date: /home/xiaofeiyu/桌面/chapt_ws/src/mbot_description/install/mbot_description/share/mbot_description/environment/ament_prefix_path.dsv
[0.082s] -- Up-to-date: /home/xiaofeiyu/桌面/chapt_ws/src/mbot_description/install/mbot_description/share/mbot_description/environment/path.sh
[0.082s] -- Up-to-date: /home/xiaofeiyu/桌面/chapt_ws/src/mbot_description/install/mbot_description/share/mbot_description/environment/path.dsv
[0.082s] -- Up-to-date: /home/xiaofeiyu/桌面/chapt_ws/src/mbot_description/install/mbot_description/share/mbot_description/local_setup.bash
[0.082s] -- Up-to-date: /home/xiaofeiyu/桌面/chapt_ws/src/mbot_description/install/mbot_description/share/mbot_description/local_setup.sh
[0.082s] -- Up-to-date: /home/xiaofeiyu/桌面/chapt_ws/src/mbot_description/install/mbot_description/share/mbot_description/local_setup.zsh
[0.082s] -- Up-to-date: /home/xiaofeiyu/桌面/chapt_ws/src/mbot_description/install/mbot_description/share/mbot_description/local_setup.dsv
[0.082s] -- Installing: /home/xiaofeiyu/桌面/chapt_ws/src/mbot_description/install/mbot_description/share/mbot_description/package.dsv
[0.082s] -- Up-to-date: /home/xiaofeiyu/桌面/chapt_ws/src/mbot_description/install/mbot_description/share/ament_index/resource_index/packages/mbot_description
[0.082s] -- Up-to-date: /home/xiaofeiyu/桌面/chapt_ws/src/mbot_description/install/mbot_description/share/mbot_description/cmake/mbot_descriptionConfig.cmake
[0.082s] -- Up-to-date: /home/xiaofeiyu/桌面/chapt_ws/src/mbot_description/install/mbot_description/share/mbot_description/cmake/mbot_descriptionConfig-version.cmake
[0.083s] -- Up-to-date: /home/xiaofeiyu/桌面/chapt_ws/src/mbot_description/install/mbot_description/share/mbot_description/package.xml
[0.086s] Invoked command in '/home/xiaofeiyu/桌面/chapt_ws/src/mbot_description/build/mbot_description' returned '0': CMAKE_PREFIX_PATH=${CMAKE_PREFIX_PATH}:/opt/ros/humble /usr/bin/cmake --install /home/xiaofeiyu/桌面/chapt_ws/src/mbot_description/build/mbot_description
