[0.011s] Invoking command in '/home/xiaofeiyu/桌面/study/第1-2周作业/src/nodes/build/nodes': CMAKE_PREFIX_PATH=${CMAKE_PREFIX_PATH}:/opt/ros/humble /usr/bin/cmake --build /home/xiaofeiyu/桌面/study/第1-2周作业/src/nodes/build/nodes -- -j4 -l4
[0.036s] -- Found ament_cmake: 1.3.11 (/opt/ros/humble/share/ament_cmake/cmake)
[0.138s] -- Found rclcpp: 16.0.12 (/opt/ros/humble/share/rclcpp/cmake)
[0.160s] -- Found rosidl_generator_c: 3.1.6 (/opt/ros/humble/share/rosidl_generator_c/cmake)
[0.162s] -- Found rosidl_adapter: 3.1.6 (/opt/ros/humble/share/rosidl_adapter/cmake)
[0.167s] -- Found rosidl_generator_cpp: 3.1.6 (/opt/ros/humble/share/rosidl_generator_cpp/cmake)
[0.174s] -- Using all available rosidl_typesupport_c: rosidl_typesupport_fastrtps_c;rosidl_typesupport_introspection_c
[0.183s] -- Using all available rosidl_typesupport_cpp: rosidl_typesupport_fastrtps_cpp;rosidl_typesupport_introspection_cpp
[0.206s] -- Found rmw_implementation_cmake: 6.1.2 (/opt/ros/humble/share/rmw_implementation_cmake/cmake)
[0.207s] -- Found rmw_fastrtps_cpp: 6.2.7 (/opt/ros/humble/share/rmw_fastrtps_cpp/cmake)
[0.273s] -- Using RMW implementation 'rmw_fastrtps_cpp' as default
[0.306s] -- Found serial_driver: 1.2.0 (/opt/ros/humble/share/serial_driver/cmake)
[0.317s] -- Found asio_cmake_module: 1.2.0 (/opt/ros/humble/share/asio_cmake_module/cmake)
[0.397s] -- Configuring done
[0.427s] -- Generating done
[0.432s] -- Build files have been written to: /home/xiaofeiyu/桌面/study/第1-2周作业/src/nodes/build/nodes
[0.458s] [35m[1mConsolidate compiler generated dependencies of target publisher_node[0m
[0.458s] [35m[1mConsolidate compiler generated dependencies of target serial_node[0m
[0.476s] [ 50%] Built target publisher_node
[0.480s] [ 75%] [32mBuilding CXX object CMakeFiles/serial_node.dir/src/serial_node.cpp.o[0m
[2.588s] [01m[K/home/xiaofeiyu/桌面/study/第1-2周作业/src/nodes/src/serial_node.cpp:77:6:[m[K [01;31m[Kerror: [m[Kexpected ‘[01m[K;[m[K’ after class definition
[2.588s]    77 |     }
[2.589s]       |      [01;31m[K^[m[K
[2.589s]       |      [32m[K;[m[K
[2.595s] [01m[K/home/xiaofeiyu/桌面/study/第1-2周作业/src/nodes/src/serial_node.cpp:[m[K In member function ‘[01m[Kvoid SerialNode::receive_from_serial()[m[K’:
[2.595s] [01m[K/home/xiaofeiyu/桌面/study/第1-2周作业/src/nodes/src/serial_node.cpp:20:21:[m[K [01;31m[Kerror: [m[K‘[01m[Kserial_driver_[m[K’ was not declared in this scope
[2.595s]    20 |         auto port = [01;31m[Kserial_driver_[m[K->port();
[2.595s]       |                     [01;31m[K^~~~~~~~~~~~~~[m[K
[2.603s] [01m[K/home/xiaofeiyu/桌面/study/第1-2周作业/src/nodes/src/serial_node.cpp:[m[K In member function ‘[01m[Kvoid SerialNode::process_rx_buffer()[m[K’:
[2.604s] [01m[K/home/xiaofeiyu/桌面/study/第1-2周作业/src/nodes/src/serial_node.cpp:65:13:[m[K [01;31m[Kerror: [m[K‘[01m[Kserial_rx_pub_[m[K’ was not declared in this scope
[2.604s]    65 |             [01;31m[Kserial_rx_pub_[m[K->publish(msg);
[2.604s]       |             [01;31m[K^~~~~~~~~~~~~~[m[K
[2.610s] [01m[K/home/xiaofeiyu/桌面/study/第1-2周作业/src/nodes/src/serial_node.cpp:[m[K In function ‘[01m[Kvoid send2serial(std_msgs::msg::String_<std::allocator<void> >::SharedPtr)[m[K’:
[2.610s] [01m[K/home/xiaofeiyu/桌面/study/第1-2周作业/src/nodes/src/serial_node.cpp:81:19:[m[K [01;31m[Kerror: [m[K‘[01m[Kserial_driver_[m[K’ was not declared in this scope
[2.610s]    81 |         auto port=[01;31m[Kserial_driver_[m[K->port();
[2.610s]       |                   [01;31m[K^~~~~~~~~~~~~~[m[K
[2.610s] In file included from [01m[K/opt/ros/humble/include/rclcpp/rclcpp/client.hpp:40[m[K,
[2.611s]                  from [01m[K/opt/ros/humble/include/rclcpp/rclcpp/callback_group.hpp:24[m[K,
[2.611s]                  from [01m[K/opt/ros/humble/include/rclcpp/rclcpp/any_executable.hpp:20[m[K,
[2.611s]                  from [01m[K/opt/ros/humble/include/rclcpp/rclcpp/memory_strategy.hpp:25[m[K,
[2.611s]                  from [01m[K/opt/ros/humble/include/rclcpp/rclcpp/memory_strategies.hpp:18[m[K,
[2.611s]                  from [01m[K/opt/ros/humble/include/rclcpp/rclcpp/executor_options.hpp:20[m[K,
[2.611s]                  from [01m[K/opt/ros/humble/include/rclcpp/rclcpp/executor.hpp:37[m[K,
[2.611s]                  from [01m[K/opt/ros/humble/include/rclcpp/rclcpp/executors/multi_threaded_executor.hpp:25[m[K,
[2.611s]                  from [01m[K/opt/ros/humble/include/rclcpp/rclcpp/executors.hpp:21[m[K,
[2.611s]                  from [01m[K/opt/ros/humble/include/rclcpp/rclcpp/rclcpp.hpp:155[m[K,
[2.611s]                  from [01m[K/home/xiaofeiyu/桌面/study/第1-2周作业/src/nodes/src/serial_node.cpp:3[m[K:
[2.611s] [01m[K/home/xiaofeiyu/桌面/study/第1-2周作业/src/nodes/src/serial_node.cpp:83:25:[m[K [01;31m[Kerror: [m[Kinvalid use of ‘[01m[Kthis[m[K’ in non-member function
[2.611s]    83 |             RCLCPP_WARN([01;31m[Kthis[m[K->get_logger(), "串口未打开，无法发送数据");
[2.611s]       |                         [01;31m[K^~~~[m[K
[2.612s] [01m[K/home/xiaofeiyu/桌面/study/第1-2周作业/src/nodes/src/serial_node.cpp:83:25:[m[K [01;31m[Kerror: [m[Kinvalid use of ‘[01m[Kthis[m[K’ in non-member function
[2.612s] [01m[K/home/xiaofeiyu/桌面/study/第1-2周作业/src/nodes/src/serial_node.cpp:83:13:[m[K [01;31m[Kerror: [m[Ktemplate argument 1 is invalid
[2.612s]    83 |             [01;31m[KRCLCPP_WARN[m[K(this->get_logger(), "串口未打开，无法发送数据");
[2.612s]       |             [01;31m[K^~~~~~~~~~~[m[K
[2.612s] [01m[K/home/xiaofeiyu/桌面/study/第1-2周作业/src/nodes/src/serial_node.cpp:83:13:[m[K [01;31m[Kerror: [m[Ktemplate argument 1 is invalid
[2.612s]    83 |             [01;31m[KRCLCPP_WARN[m[K(this->get_logger(), "串口未打开，无法发送数据");
[2.612s]       |             [01;31m[K^~~~~~~~~~~[m[K
[2.612s] [01m[K/home/xiaofeiyu/桌面/study/第1-2周作业/src/nodes/src/serial_node.cpp:83:13:[m[K [01;31m[Kerror: [m[Ktemplate argument 1 is invalid
[2.612s]    83 |             [01;31m[KRCLCPP_WARN[m[K(this->get_logger(), "串口未打开，无法发送数据");
[2.612s]       |             [01;31m[K^~~~~~~~~~~[m[K
[2.613s] In file included from [01m[K/opt/ros/humble/include/rclcpp/rclcpp/logging.hpp:24[m[K,
[2.613s]                  from [01m[K/opt/ros/humble/include/rclcpp/rclcpp/client.hpp:40[m[K,
[2.613s]                  from [01m[K/opt/ros/humble/include/rclcpp/rclcpp/callback_group.hpp:24[m[K,
[2.613s]                  from [01m[K/opt/ros/humble/include/rclcpp/rclcpp/any_executable.hpp:20[m[K,
[2.613s]                  from [01m[K/opt/ros/humble/include/rclcpp/rclcpp/memory_strategy.hpp:25[m[K,
[2.613s]                  from [01m[K/opt/ros/humble/include/rclcpp/rclcpp/memory_strategies.hpp:18[m[K,
[2.613s]                  from [01m[K/opt/ros/humble/include/rclcpp/rclcpp/executor_options.hpp:20[m[K,
[2.613s]                  from [01m[K/opt/ros/humble/include/rclcpp/rclcpp/executor.hpp:37[m[K,
[2.613s]                  from [01m[K/opt/ros/humble/include/rclcpp/rclcpp/executors/multi_threaded_executor.hpp:25[m[K,
[2.613s]                  from [01m[K/opt/ros/humble/include/rclcpp/rclcpp/executors.hpp:21[m[K,
[2.613s]                  from [01m[K/opt/ros/humble/include/rclcpp/rclcpp/rclcpp.hpp:155[m[K,
[2.613s]                  from [01m[K/home/xiaofeiyu/桌面/study/第1-2周作业/src/nodes/src/serial_node.cpp:3[m[K:
[2.613s] [01m[K/home/xiaofeiyu/桌面/study/第1-2周作业/src/nodes/src/serial_node.cpp:83:25:[m[K [01;31m[Kerror: [m[Kinvalid use of ‘[01m[Kthis[m[K’ in non-member function
[2.613s]    83 |             RCLCPP_WARN([01;31m[Kthis[m[K->get_logger(), "串口未打开，无法发送数据");
[2.613s]       |                         [01;31m[K^~~~[m[K
[2.613s] [01m[K/home/xiaofeiyu/桌面/study/第1-2周作业/src/nodes/src/serial_node.cpp:83:25:[m[K [01;31m[Kerror: [m[Kinvalid use of ‘[01m[Kthis[m[K’ in non-member function
[2.613s]    83 |             RCLCPP_WARN([01;31m[Kthis[m[K->get_logger(), "串口未打开，无法发送数据");
[2.613s]       |                         [01;31m[K^~~~[m[K
[2.616s] [01m[K/home/xiaofeiyu/桌面/study/第1-2周作业/src/nodes/src/serial_node.cpp:89:13:[m[K [01;31m[Kerror: [m[K‘[01m[Ktransmit_data_buffer[m[K’ was not declared in this scope
[2.616s]    89 |             [01;31m[Ktransmit_data_buffer[m[K.push_back(frame_header_);        // 添加帧头
[2.616s]       |             [01;31m[K^~~~~~~~~~~~~~~~~~~~[m[K
[2.620s] [01m[K/home/xiaofeiyu/桌面/study/第1-2周作业/src/nodes/src/serial_node.cpp:89:44:[m[K [01;31m[Kerror: [m[K‘[01m[Kframe_header_[m[K’ was not declared in this scope
[2.620s]    89 |             transmit_data_buffer.push_back([01;31m[Kframe_header_[m[K);        // 添加帧头
[2.620s]       |                                            [01;31m[K^~~~~~~~~~~~~[m[K
[2.624s] [01m[K/home/xiaofeiyu/桌面/study/第1-2周作业/src/nodes/src/serial_node.cpp:94:44:[m[K [01;31m[Kerror: [m[K‘[01m[Kframe_trailer_[m[K’ was not declared in this scope
[2.624s]    94 |             transmit_data_buffer.push_back([01;31m[Kframe_trailer_[m[K);       // 添加帧尾
[2.624s]       |                                            [01;31m[K^~~~~~~~~~~~~~[m[K
[2.624s] In file included from [01m[K/opt/ros/humble/include/rclcpp/rclcpp/client.hpp:40[m[K,
[2.624s]                  from [01m[K/opt/ros/humble/include/rclcpp/rclcpp/callback_group.hpp:24[m[K,
[2.624s]                  from [01m[K/opt/ros/humble/include/rclcpp/rclcpp/any_executable.hpp:20[m[K,
[2.624s]                  from [01m[K/opt/ros/humble/include/rclcpp/rclcpp/memory_strategy.hpp:25[m[K,
[2.624s]                  from [01m[K/opt/ros/humble/include/rclcpp/rclcpp/memory_strategies.hpp:18[m[K,
[2.624s]                  from [01m[K/opt/ros/humble/include/rclcpp/rclcpp/executor_options.hpp:20[m[K,
[2.624s]                  from [01m[K/opt/ros/humble/include/rclcpp/rclcpp/executor.hpp:37[m[K,
[2.624s]                  from [01m[K/opt/ros/humble/include/rclcpp/rclcpp/executors/multi_threaded_executor.hpp:25[m[K,
[2.624s]                  from [01m[K/opt/ros/humble/include/rclcpp/rclcpp/executors.hpp:21[m[K,
[2.625s]                  from [01m[K/opt/ros/humble/include/rclcpp/rclcpp/rclcpp.hpp:155[m[K,
[2.625s]                  from [01m[K/home/xiaofeiyu/桌面/study/第1-2周作业/src/nodes/src/serial_node.cpp:3[m[K:
[2.625s] [01m[K/home/xiaofeiyu/桌面/study/第1-2周作业/src/nodes/src/serial_node.cpp:99:25:[m[K [01;31m[Kerror: [m[Kinvalid use of ‘[01m[Kthis[m[K’ in non-member function
[2.625s]    99 |             RCLCPP_INFO([01;31m[Kthis[m[K->get_logger(), "发送串口数据: %s (%zu bytes)", msg->data.c_str(), sent_bytes);
[2.625s]       |                         [01;31m[K^~~~[m[K
[2.625s] [01m[K/home/xiaofeiyu/桌面/study/第1-2周作业/src/nodes/src/serial_node.cpp:99:25:[m[K [01;31m[Kerror: [m[Kinvalid use of ‘[01m[Kthis[m[K’ in non-member function
[2.625s] [01m[K/home/xiaofeiyu/桌面/study/第1-2周作业/src/nodes/src/serial_node.cpp:99:13:[m[K [01;31m[Kerror: [m[Ktemplate argument 1 is invalid
[2.625s]    99 |             [01;31m[KRCLCPP_INFO[m[K(this->get_logger(), "发送串口数据: %s (%zu bytes)", msg->data.c_str(), sent_bytes);
[2.625s]       |             [01;31m[K^~~~~~~~~~~[m[K
[2.625s] [01m[K/home/xiaofeiyu/桌面/study/第1-2周作业/src/nodes/src/serial_node.cpp:99:13:[m[K [01;31m[Kerror: [m[Ktemplate argument 1 is invalid
[2.625s]    99 |             [01;31m[KRCLCPP_INFO[m[K(this->get_logger(), "发送串口数据: %s (%zu bytes)", msg->data.c_str(), sent_bytes);
[2.625s]       |             [01;31m[K^~~~~~~~~~~[m[K
[2.625s] [01m[K/home/xiaofeiyu/桌面/study/第1-2周作业/src/nodes/src/serial_node.cpp:99:13:[m[K [01;31m[Kerror: [m[Ktemplate argument 1 is invalid
[2.625s]    99 |             [01;31m[KRCLCPP_INFO[m[K(this->get_logger(), "发送串口数据: %s (%zu bytes)", msg->data.c_str(), sent_bytes);
[2.625s]       |             [01;31m[K^~~~~~~~~~~[m[K
[2.625s] In file included from [01m[K/opt/ros/humble/include/rclcpp/rclcpp/logging.hpp:24[m[K,
[2.625s]                  from [01m[K/opt/ros/humble/include/rclcpp/rclcpp/client.hpp:40[m[K,
[2.626s]                  from [01m[K/opt/ros/humble/include/rclcpp/rclcpp/callback_group.hpp:24[m[K,
[2.626s]                  from [01m[K/opt/ros/humble/include/rclcpp/rclcpp/any_executable.hpp:20[m[K,
[2.626s]                  from [01m[K/opt/ros/humble/include/rclcpp/rclcpp/memory_strategy.hpp:25[m[K,
[2.626s]                  from [01m[K/opt/ros/humble/include/rclcpp/rclcpp/memory_strategies.hpp:18[m[K,
[2.626s]                  from [01m[K/opt/ros/humble/include/rclcpp/rclcpp/executor_options.hpp:20[m[K,
[2.626s]                  from [01m[K/opt/ros/humble/include/rclcpp/rclcpp/executor.hpp:37[m[K,
[2.626s]                  from [01m[K/opt/ros/humble/include/rclcpp/rclcpp/executors/multi_threaded_executor.hpp:25[m[K,
[2.626s]                  from [01m[K/opt/ros/humble/include/rclcpp/rclcpp/executors.hpp:21[m[K,
[2.626s]                  from [01m[K/opt/ros/humble/include/rclcpp/rclcpp/rclcpp.hpp:155[m[K,
[2.626s]                  from [01m[K/home/xiaofeiyu/桌面/study/第1-2周作业/src/nodes/src/serial_node.cpp:3[m[K:
[2.626s] [01m[K/home/xiaofeiyu/桌面/study/第1-2周作业/src/nodes/src/serial_node.cpp:99:25:[m[K [01;31m[Kerror: [m[Kinvalid use of ‘[01m[Kthis[m[K’ in non-member function
[2.626s]    99 |             RCLCPP_INFO([01;31m[Kthis[m[K->get_logger(), "发送串口数据: %s (%zu bytes)", msg->data.c_str(), sent_bytes);
[2.626s]       |                         [01;31m[K^~~~[m[K
[2.626s] [01m[K/home/xiaofeiyu/桌面/study/第1-2周作业/src/nodes/src/serial_node.cpp:99:25:[m[K [01;31m[Kerror: [m[Kinvalid use of ‘[01m[Kthis[m[K’ in non-member function
[2.626s]    99 |             RCLCPP_INFO([01;31m[Kthis[m[K->get_logger(), "发送串口数据: %s (%zu bytes)", msg->data.c_str(), sent_bytes);
[2.626s]       |                         [01;31m[K^~~~[m[K
[2.626s] In file included from [01m[K/opt/ros/humble/include/rclcpp/rclcpp/client.hpp:40[m[K,
[2.626s]                  from [01m[K/opt/ros/humble/include/rclcpp/rclcpp/callback_group.hpp:24[m[K,
[2.626s]                  from [01m[K/opt/ros/humble/include/rclcpp/rclcpp/any_executable.hpp:20[m[K,
[2.626s]                  from [01m[K/opt/ros/humble/include/rclcpp/rclcpp/memory_strategy.hpp:25[m[K,
[2.627s]                  from [01m[K/opt/ros/humble/include/rclcpp/rclcpp/memory_strategies.hpp:18[m[K,
[2.627s]                  from [01m[K/opt/ros/humble/include/rclcpp/rclcpp/executor_options.hpp:20[m[K,
[2.627s]                  from [01m[K/opt/ros/humble/include/rclcpp/rclcpp/executor.hpp:37[m[K,
[2.627s]                  from [01m[K/opt/ros/humble/include/rclcpp/rclcpp/executors/multi_threaded_executor.hpp:25[m[K,
[2.627s]                  from [01m[K/opt/ros/humble/include/rclcpp/rclcpp/executors.hpp:21[m[K,
[2.627s]                  from [01m[K/opt/ros/humble/include/rclcpp/rclcpp/rclcpp.hpp:155[m[K,
[2.627s]                  from [01m[K/home/xiaofeiyu/桌面/study/第1-2周作业/src/nodes/src/serial_node.cpp:3[m[K:
[2.627s] [01m[K/home/xiaofeiyu/桌面/study/第1-2周作业/src/nodes/src/serial_node.cpp:101:26:[m[K [01;31m[Kerror: [m[Kinvalid use of ‘[01m[Kthis[m[K’ in non-member function
[2.627s]   101 |             RCLCPP_ERROR([01;31m[Kthis[m[K->get_logger(), "串口发送错误: %s", ex.what());
[2.627s]       |                          [01;31m[K^~~~[m[K
[2.627s] [01m[K/home/xiaofeiyu/桌面/study/第1-2周作业/src/nodes/src/serial_node.cpp:101:26:[m[K [01;31m[Kerror: [m[Kinvalid use of ‘[01m[Kthis[m[K’ in non-member function
[2.627s] [01m[K/home/xiaofeiyu/桌面/study/第1-2周作业/src/nodes/src/serial_node.cpp:101:13:[m[K [01;31m[Kerror: [m[Ktemplate argument 1 is invalid
[2.627s]   101 |             [01;31m[KRCLCPP_ERROR[m[K(this->get_logger(), "串口发送错误: %s", ex.what());
[2.627s]       |             [01;31m[K^~~~~~~~~~~~[m[K
[2.627s] [01m[K/home/xiaofeiyu/桌面/study/第1-2周作业/src/nodes/src/serial_node.cpp:101:13:[m[K [01;31m[Kerror: [m[Ktemplate argument 1 is invalid
[2.627s]   101 |             [01;31m[KRCLCPP_ERROR[m[K(this->get_logger(), "串口发送错误: %s", ex.what());
[2.627s]       |             [01;31m[K^~~~~~~~~~~~[m[K
[2.627s] [01m[K/home/xiaofeiyu/桌面/study/第1-2周作业/src/nodes/src/serial_node.cpp:101:13:[m[K [01;31m[Kerror: [m[Ktemplate argument 1 is invalid
[2.627s]   101 |             [01;31m[KRCLCPP_ERROR[m[K(this->get_logger(), "串口发送错误: %s", ex.what());
[2.627s]       |             [01;31m[K^~~~~~~~~~~~[m[K
[2.628s] In file included from [01m[K/opt/ros/humble/include/rclcpp/rclcpp/logging.hpp:24[m[K,
[2.628s]                  from [01m[K/opt/ros/humble/include/rclcpp/rclcpp/client.hpp:40[m[K,
[2.628s]                  from [01m[K/opt/ros/humble/include/rclcpp/rclcpp/callback_group.hpp:24[m[K,
[2.628s]                  from [01m[K/opt/ros/humble/include/rclcpp/rclcpp/any_executable.hpp:20[m[K,
[2.628s]                  from [01m[K/opt/ros/humble/include/rclcpp/rclcpp/memory_strategy.hpp:25[m[K,
[2.628s]                  from [01m[K/opt/ros/humble/include/rclcpp/rclcpp/memory_strategies.hpp:18[m[K,
[2.628s]                  from [01m[K/opt/ros/humble/include/rclcpp/rclcpp/executor_options.hpp:20[m[K,
[2.628s]                  from [01m[K/opt/ros/humble/include/rclcpp/rclcpp/executor.hpp:37[m[K,
[2.628s]                  from [01m[K/opt/ros/humble/include/rclcpp/rclcpp/executors/multi_threaded_executor.hpp:25[m[K,
[2.628s]                  from [01m[K/opt/ros/humble/include/rclcpp/rclcpp/executors.hpp:21[m[K,
[2.628s]                  from [01m[K/opt/ros/humble/include/rclcpp/rclcpp/rclcpp.hpp:155[m[K,
[2.628s]                  from [01m[K/home/xiaofeiyu/桌面/study/第1-2周作业/src/nodes/src/serial_node.cpp:3[m[K:
[2.628s] [01m[K/home/xiaofeiyu/桌面/study/第1-2周作业/src/nodes/src/serial_node.cpp:101:26:[m[K [01;31m[Kerror: [m[Kinvalid use of ‘[01m[Kthis[m[K’ in non-member function
[2.628s]   101 |             RCLCPP_ERROR([01;31m[Kthis[m[K->get_logger(), "串口发送错误: %s", ex.what());
[2.628s]       |                          [01;31m[K^~~~[m[K
[2.628s] [01m[K/home/xiaofeiyu/桌面/study/第1-2周作业/src/nodes/src/serial_node.cpp:101:26:[m[K [01;31m[Kerror: [m[Kinvalid use of ‘[01m[Kthis[m[K’ in non-member function
[2.628s]   101 |             RCLCPP_ERROR([01;31m[Kthis[m[K->get_logger(), "串口发送错误: %s", ex.what());
[2.628s]       |                          [01;31m[K^~~~[m[K
[2.657s] [01m[K/home/xiaofeiyu/桌面/study/第1-2周作业/src/nodes/src/serial_node.cpp:[m[K At global scope:
[2.657s] [01m[K/home/xiaofeiyu/桌面/study/第1-2周作业/src/nodes/src/serial_node.cpp:113:1:[m[K [01;31m[Kerror: [m[Kexpected unqualified-id before ‘[01m[Kpublic[m[K’
[2.658s]   113 | [01;31m[Kpublic[m[K:
[2.658s]       | [01;31m[K^~~~~~[m[K
[2.658s] [01m[K/home/xiaofeiyu/桌面/study/第1-2周作业/src/nodes/src/serial_node.cpp:171:1:[m[K [01;31m[Kerror: [m[Kexpected declaration before ‘[01m[K}[m[K’ token
[2.658s]   171 | [01;31m[K}[m[K;
[2.658s]       | [01;31m[K^[m[K
[2.980s] In file included from [01m[K/usr/include/x86_64-linux-gnu/c++/11/bits/c++allocator.h:33[m[K,
[2.980s]                  from [01m[K/usr/include/c++/11/bits/allocator.h:46[m[K,
[2.980s]                  from [01m[K/usr/include/c++/11/string:41[m[K,
[2.980s]                  from [01m[K/home/xiaofeiyu/桌面/study/第1-2周作业/src/nodes/src/serial_node.cpp:1[m[K:
[2.980s] /usr/include/c++/11/ext/new_allocator.h: In instantiation of ‘[01m[Kvoid __gnu_cxx::new_allocator<_Tp>::construct(_Up*, _Args&& ...) [with _Up = SerialNode; _Args = {}; _Tp = SerialNode][m[K’:
[2.980s] [01m[K/usr/include/c++/11/bits/alloc_traits.h:516:17:[m[K   required from ‘[01m[Kstatic void std::allocator_traits<std::allocator<_CharT> >::construct(std::allocator_traits<std::allocator<_CharT> >::allocator_type&, _Up*, _Args&& ...) [with _Up = SerialNode; _Args = {}; _Tp = SerialNode; std::allocator_traits<std::allocator<_CharT> >::allocator_type = std::allocator<SerialNode>][m[K’
[2.980s] [01m[K/usr/include/c++/11/bits/shared_ptr_base.h:519:39:[m[K   required from ‘[01m[Kstd::_Sp_counted_ptr_inplace<_Tp, _Alloc, _Lp>::_Sp_counted_ptr_inplace(_Alloc, _Args&& ...) [with _Args = {}; _Tp = SerialNode; _Alloc = std::allocator<SerialNode>; __gnu_cxx::_Lock_policy _Lp = __gnu_cxx::_S_atomic][m[K’
[2.980s] [01m[K/usr/include/c++/11/bits/shared_ptr_base.h:650:16:[m[K   required from ‘[01m[Kstd::__shared_count<_Lp>::__shared_count(_Tp*&, std::_Sp_alloc_shared_tag<_Alloc>, _Args&& ...) [with _Tp = SerialNode; _Alloc = std::allocator<SerialNode>; _Args = {}; __gnu_cxx::_Lock_policy _Lp = __gnu_cxx::_S_atomic][m[K’
[2.980s] [01m[K/usr/include/c++/11/bits/shared_ptr_base.h:1342:14:[m[K   required from ‘[01m[Kstd::__shared_ptr<_Tp, _Lp>::__shared_ptr(std::_Sp_alloc_shared_tag<_Tp>, _Args&& ...) [with _Alloc = std::allocator<SerialNode>; _Args = {}; _Tp = SerialNode; __gnu_cxx::_Lock_policy _Lp = __gnu_cxx::_S_atomic][m[K’
[2.980s] [01m[K/usr/include/c++/11/bits/shared_ptr.h:409:59:[m[K   required from ‘[01m[Kstd::shared_ptr<_Tp>::shared_ptr(std::_Sp_alloc_shared_tag<_Tp>, _Args&& ...) [with _Alloc = std::allocator<SerialNode>; _Args = {}; _Tp = SerialNode][m[K’
[2.980s] [01m[K/usr/include/c++/11/bits/shared_ptr.h:862:14:[m[K   required from ‘[01m[Kstd::shared_ptr<_Tp> std::allocate_shared(const _Alloc&, _Args&& ...) [with _Tp = SerialNode; _Alloc = std::allocator<SerialNode>; _Args = {}][m[K’
[2.980s] [01m[K/usr/include/c++/11/bits/shared_ptr.h:878:39:[m[K   required from ‘[01m[Kstd::shared_ptr<_Tp> std::make_shared(_Args&& ...) [with _Tp = SerialNode; _Args = {}][m[K’
[2.980s] [01m[K/home/xiaofeiyu/桌面/study/第1-2周作业/src/nodes/src/serial_node.cpp:176:46:[m[K   required from here
[2.980s] [01m[K/usr/include/c++/11/ext/new_allocator.h:162:11:[m[K [01;31m[Kerror: [m[Kuse of deleted function ‘[01m[KSerialNode::SerialNode()[m[K’
[2.980s]   162 |         { [01;31m[K::new((void *)__p) _Up(std::forward<_Args>(__args)...)[m[K; }
[2.980s]       |           [01;31m[K^~~~~~~~~~~~~~~~~~~~~~~~~~~~~~~~~~~~~~~~~~~~~~~~~~~~~~[m[K
[2.981s] [01m[K/home/xiaofeiyu/桌面/study/第1-2周作业/src/nodes/src/serial_node.cpp:9:7:[m[K [01;36m[Knote: [m[K‘[01m[KSerialNode::SerialNode()[m[K’ is implicitly deleted because the default definition would be ill-formed:
[2.981s]     9 | class [01;36m[KSerialNode[m[K : public rclcpp::Node
[2.981s]       |       [01;36m[K^~~~~~~~~~[m[K
[2.981s] [01m[K/home/xiaofeiyu/桌面/study/第1-2周作业/src/nodes/src/serial_node.cpp:9:7:[m[K [01;31m[Kerror: [m[Kno matching function for call to ‘[01m[Krclcpp::Node::Node()[m[K’
[2.981s] In file included from [01m[K/opt/ros/humble/include/rclcpp/rclcpp/executors/single_threaded_executor.hpp:28[m[K,
[2.981s]                  from [01m[K/opt/ros/humble/include/rclcpp/rclcpp/executors.hpp:22[m[K,
[2.981s]                  from [01m[K/opt/ros/humble/include/rclcpp/rclcpp/rclcpp.hpp:155[m[K,
[2.981s]                  from [01m[K/home/xiaofeiyu/桌面/study/第1-2周作业/src/nodes/src/serial_node.cpp:3[m[K:
[2.981s] [01m[K/opt/ros/humble/include/rclcpp/rclcpp/node.hpp:1294:3:[m[K [01;36m[Knote: [m[Kcandidate: ‘[01m[Krclcpp::Node::Node(const rclcpp::Node&, const string&)[m[K’
[2.981s]  1294 |   [01;36m[KNode[m[K(
[2.981s]       |   [01;36m[K^~~~[m[K
[2.981s] [01m[K/opt/ros/humble/include/rclcpp/rclcpp/node.hpp:1294:3:[m[K [01;36m[Knote: [m[K  candidate expects 2 arguments, 0 provided
[2.981s] [01m[K/opt/ros/humble/include/rclcpp/rclcpp/node.hpp:101:12:[m[K [01;36m[Knote: [m[Kcandidate: ‘[01m[Krclcpp::Node::Node(const string&, const string&, const rclcpp::NodeOptions&)[m[K’
[2.981s]   101 |   explicit [01;36m[KNode[m[K(
[2.981s]       |            [01;36m[K^~~~[m[K
[2.981s] [01m[K/opt/ros/humble/include/rclcpp/rclcpp/node.hpp:101:12:[m[K [01;36m[Knote: [m[K  candidate expects 3 arguments, 0 provided
[2.981s] [01m[K/opt/ros/humble/include/rclcpp/rclcpp/node.hpp:89:12:[m[K [01;36m[Knote: [m[Kcandidate: ‘[01m[Krclcpp::Node::Node(const string&, const rclcpp::NodeOptions&)[m[K’
[2.981s]    89 |   explicit [01;36m[KNode[m[K(
[2.982s]       |            [01;36m[K^~~~[m[K
[2.982s] [01m[K/opt/ros/humble/include/rclcpp/rclcpp/node.hpp:89:12:[m[K [01;36m[Knote: [m[K  candidate expects 2 arguments, 0 provided
[3.037s] gmake[2]: *** [CMakeFiles/serial_node.dir/build.make:76：CMakeFiles/serial_node.dir/src/serial_node.cpp.o] 错误 1
[3.037s] gmake[1]: *** [CMakeFiles/Makefile2:139：CMakeFiles/serial_node.dir/all] 错误 2
[3.037s] gmake: *** [Makefile:146：all] 错误 2
[3.040s] Invoked command in '/home/xiaofeiyu/桌面/study/第1-2周作业/src/nodes/build/nodes' returned '2': CMAKE_PREFIX_PATH=${CMAKE_PREFIX_PATH}:/opt/ros/humble /usr/bin/cmake --build /home/xiaofeiyu/桌面/study/第1-2周作业/src/nodes/build/nodes -- -j4 -l4
