[0.013s] Invoking command in '/home/xiaofeiyu/æ¡Œé¢/study/ç¬¬1-2å‘¨ä½œä¸š/src/nodes/build/nodes': CMAKE_PREFIX_PATH=/opt/ros/humble /usr/bin/cmake --build /home/xiaofeiyu/æ¡Œé¢/study/ç¬¬1-2å‘¨ä½œä¸š/src/nodes/build/nodes -- -j4 -l4
[0.067s] [35m[1mConsolidate compiler generated dependencies of target serial_node[0m
[0.086s] [ 50%] [32mBuilding CXX object CMakeFiles/serial_node.dir/src/serial_node.cpp.o[0m
[7.169s] [100%] [32m[1mLinking CXX executable serial_node[0m
[7.561s] [100%] Built target serial_node
[7.573s] Invoked command in '/home/xiaofeiyu/æ¡Œé¢/study/ç¬¬1-2å‘¨ä½œä¸š/src/nodes/build/nodes' returned '0': CMAKE_PREFIX_PATH=/opt/ros/humble /usr/bin/cmake --build /home/xiaofeiyu/æ¡Œé¢/study/ç¬¬1-2å‘¨ä½œä¸š/src/nodes/build/nodes -- -j4 -l4
[7.582s] Invoking command in '/home/xiaofeiyu/æ¡Œé¢/study/ç¬¬1-2å‘¨ä½œä¸š/src/nodes/build/nodes': CMAKE_PREFIX_PATH=/opt/ros/humble /usr/bin/cmake --install /home/xiaofeiyu/æ¡Œé¢/study/ç¬¬1-2å‘¨ä½œä¸š/src/nodes/build/nodes
[7.593s] -- Install configuration: ""
[7.594s] -- Installing: /home/xiaofeiyu/æ¡Œé¢/study/ç¬¬1-2å‘¨ä½œä¸š/src/nodes/install/nodes/lib/nodes/serial_node
[7.600s] -- Set runtime path of "/home/xiaofeiyu/æ¡Œé¢/study/ç¬¬1-2å‘¨ä½œä¸š/src/nodes/install/nodes/lib/nodes/serial_node" to ""
[7.600s] -- Up-to-date: /home/xiaofeiyu/æ¡Œé¢/study/ç¬¬1-2å‘¨ä½œä¸š/src/nodes/install/nodes/share/ament_index/resource_index/package_run_dependencies/nodes
[7.600s] -- Up-to-date: /home/xiaofeiyu/æ¡Œé¢/study/ç¬¬1-2å‘¨ä½œä¸š/src/nodes/install/nodes/share/ament_index/resource_index/parent_prefix_path/nodes
[7.600s] -- Up-to-date: /home/xiaofeiyu/æ¡Œé¢/study/ç¬¬1-2å‘¨ä½œä¸š/src/nodes/install/nodes/share/nodes/environment/ament_prefix_path.sh
[7.600s] -- Up-to-date: /home/xiaofeiyu/æ¡Œé¢/study/ç¬¬1-2å‘¨ä½œä¸š/src/nodes/install/nodes/share/nodes/environment/ament_prefix_path.dsv
[7.600s] -- Up-to-date: /home/xiaofeiyu/æ¡Œé¢/study/ç¬¬1-2å‘¨ä½œä¸š/src/nodes/install/nodes/share/nodes/environment/path.sh
[7.600s] -- Up-to-date: /home/xiaofeiyu/æ¡Œé¢/study/ç¬¬1-2å‘¨ä½œä¸š/src/nodes/install/nodes/share/nodes/environment/path.dsv
[7.601s] -- Up-to-date: /home/xiaofeiyu/æ¡Œé¢/study/ç¬¬1-2å‘¨ä½œä¸š/src/nodes/install/nodes/share/nodes/local_setup.bash
[7.601s] -- Up-to-date: /home/xiaofeiyu/æ¡Œé¢/study/ç¬¬1-2å‘¨ä½œä¸š/src/nodes/install/nodes/share/nodes/local_setup.sh
[7.601s] -- Up-to-date: /home/xiaofeiyu/æ¡Œé¢/study/ç¬¬1-2å‘¨ä½œä¸š/src/nodes/install/nodes/share/nodes/local_setup.zsh
[7.601s] -- Up-to-date: /home/xiaofeiyu/æ¡Œé¢/study/ç¬¬1-2å‘¨ä½œä¸š/src/nodes/install/nodes/share/nodes/local_setup.dsv
[7.601s] -- Installing: /home/xiaofeiyu/æ¡Œé¢/study/ç¬¬1-2å‘¨ä½œä¸š/src/nodes/install/nodes/share/nodes/package.dsv
[7.601s] -- Up-to-date: /home/xiaofeiyu/æ¡Œé¢/study/ç¬¬1-2å‘¨ä½œä¸š/src/nodes/install/nodes/share/ament_index/resource_index/packages/nodes
[7.601s] -- Up-to-date: /home/xiaofeiyu/æ¡Œé¢/study/ç¬¬1-2å‘¨ä½œä¸š/src/nodes/install/nodes/share/nodes/cmake/nodesConfig.cmake
[7.601s] -- Up-to-date: /home/xiaofeiyu/æ¡Œé¢/study/ç¬¬1-2å‘¨ä½œä¸š/src/nodes/install/nodes/share/nodes/cmake/nodesConfig-version.cmake
[7.601s] -- Up-to-date: /home/xiaofeiyu/æ¡Œé¢/study/ç¬¬1-2å‘¨ä½œä¸š/src/nodes/install/nodes/share/nodes/package.xml
[7.603s] Invoked command in '/home/xiaofeiyu/æ¡Œé¢/study/ç¬¬1-2å‘¨ä½œä¸š/src/nodes/build/nodes' returned '0': CMAKE_PREFIX_PATH=/opt/ros/humble /usr/bin/cmake --install /home/xiaofeiyu/æ¡Œé¢/study/ç¬¬1-2å‘¨ä½œä¸š/src/nodes/build/nodes
