-- Install configuration: ""
-- Up-to-date: /home/xiaofeiyu/桌面/chapt_ws/src/mbot_description/install/mbot_description/share/mbot_description/urdf
-- Installing: /home/xiaofeiyu/桌面/chapt_ws/src/mbot_description/install/mbot_description/share/mbot_description/urdf/mbot_base.urdf
-- Up-to-date: /home/xiaofeiyu/桌面/chapt_ws/src/mbot_description/install/mbot_description/share/mbot_description/meshes
-- Up-to-date: /home/xiaofeiyu/桌面/chapt_ws/src/mbot_description/install/mbot_description/share/mbot_description/launch
-- Up-to-date: /home/xiaofeiyu/桌面/chapt_ws/src/mbot_description/install/mbot_description/share/mbot_description/launch/mbot_base.launch.py
-- Up-to-date: /home/xiaofeiyu/桌面/chapt_ws/src/mbot_description/install/mbot_description/share/mbot_description/config
-- Up-to-date: /home/xiaofeiyu/桌面/chapt_ws/src/mbot_description/install/mbot_description/share/ament_index/resource_index/package_run_dependencies/mbot_description
-- Up-to-date: /home/xiaofeiyu/桌面/chapt_ws/src/mbot_description/install/mbot_description/share/ament_index/resource_index/parent_prefix_path/mbot_description
-- Up-to-date: /home/xiaofeiyu/桌面/chapt_ws/src/mbot_description/install/mbot_description/share/mbot_description/environment/ament_prefix_path.sh
-- Up-to-date: /home/xiaofeiyu/桌面/chapt_ws/src/mbot_description/install/mbot_description/share/mbot_description/environment/ament_prefix_path.dsv
-- Up-to-date: /home/xiaofeiyu/桌面/chapt_ws/src/mbot_description/install/mbot_description/share/mbot_description/environment/path.sh
-- Up-to-date: /home/xiaofeiyu/桌面/chapt_ws/src/mbot_description/install/mbot_description/share/mbot_description/environment/path.dsv
-- Up-to-date: /home/xiaofeiyu/桌面/chapt_ws/src/mbot_description/install/mbot_description/share/mbot_description/local_setup.bash
-- Up-to-date: /home/xiaofeiyu/桌面/chapt_ws/src/mbot_description/install/mbot_description/share/mbot_description/local_setup.sh
-- Up-to-date: /home/xiaofeiyu/桌面/chapt_ws/src/mbot_description/install/mbot_description/share/mbot_description/local_setup.zsh
-- Up-to-date: /home/xiaofeiyu/桌面/chapt_ws/src/mbot_description/install/mbot_description/share/mbot_description/local_setup.dsv
-- Installing: /home/xiaofeiyu/桌面/chapt_ws/src/mbot_description/install/mbot_description/share/mbot_description/package.dsv
-- Up-to-date: /home/xiaofeiyu/桌面/chapt_ws/src/mbot_description/install/mbot_description/share/ament_index/resource_index/packages/mbot_description
-- Up-to-date: /home/xiaofeiyu/桌面/chapt_ws/src/mbot_description/install/mbot_description/share/mbot_description/cmake/mbot_descriptionConfig.cmake
-- Up-to-date: /home/xiaofeiyu/桌面/chapt_ws/src/mbot_description/install/mbot_description/share/mbot_description/cmake/mbot_descriptionConfig-version.cmake
-- Up-to-date: /home/xiaofeiyu/桌面/chapt_ws/src/mbot_description/install/mbot_description/share/mbot_description/package.xml
