[0.009s] Invoking command in '/home/xiaofeiyu/桌面/study/第1-2周作业/src/nodes/build/node': CMAKE_PREFIX_PATH=/opt/ros/humble /usr/bin/cmake /home/xiaofeiyu/桌面/study/第1-2周作业/src/nodes -DCMAKE_INSTALL_PREFIX=/home/xiaofeiyu/桌面/study/第1-2周作业/src/nodes/install/node
[0.063s] -- The C compiler identification is GNU 11.4.0
[0.116s] -- The CXX compiler identification is GNU 11.4.0
[0.121s] -- Detecting C compiler ABI info
[0.187s] -- Detecting C compiler ABI info - done
[0.191s] -- Check for working C compiler: /usr/bin/cc - skipped
[0.191s] -- Detecting C compile features
[0.191s] -- Detecting C compile features - done
[0.193s] -- Detecting CXX compiler ABI info
[0.264s] -- Detecting CXX compiler ABI info - done
[0.267s] -- Check for working CXX compiler: /usr/bin/c++ - skipped
[0.267s] -- Detecting CXX compile features
[0.267s] -- Detecting CXX compile features - done
[0.268s] -- Found ament_cmake: 1.3.11 (/opt/ros/humble/share/ament_cmake/cmake)
[0.383s] -- Found Python3: /usr/bin/python3 (found version "3.10.12") found components: Interpreter 
[0.452s] -- Found rclcpp: 16.0.12 (/opt/ros/humble/share/rclcpp/cmake)
[0.479s] -- Found rosidl_generator_c: 3.1.6 (/opt/ros/humble/share/rosidl_generator_c/cmake)
[0.482s] -- Found rosidl_adapter: 3.1.6 (/opt/ros/humble/share/rosidl_adapter/cmake)
[0.488s] -- Found rosidl_generator_cpp: 3.1.6 (/opt/ros/humble/share/rosidl_generator_cpp/cmake)
[0.496s] -- Using all available rosidl_typesupport_c: rosidl_typesupport_fastrtps_c;rosidl_typesupport_introspection_c
[0.507s] -- Using all available rosidl_typesupport_cpp: rosidl_typesupport_fastrtps_cpp;rosidl_typesupport_introspection_cpp
[0.539s] -- Found rmw_implementation_cmake: 6.1.2 (/opt/ros/humble/share/rmw_implementation_cmake/cmake)
[0.540s] -- Found rmw_fastrtps_cpp: 6.2.7 (/opt/ros/humble/share/rmw_fastrtps_cpp/cmake)
[0.604s] -- Found OpenSSL: /usr/lib/x86_64-linux-gnu/libcrypto.so (found version "3.0.2")  
[0.626s] -- Found FastRTPS: /opt/ros/humble/include  
[0.655s] -- Using RMW implementation 'rmw_fastrtps_cpp' as default
[0.660s] -- Looking for pthread.h
[0.724s] -- Looking for pthread.h - found
[0.725s] -- Performing Test CMAKE_HAVE_LIBC_PTHREAD
[0.788s] -- Performing Test CMAKE_HAVE_LIBC_PTHREAD - Success
[0.788s] -- Found Threads: TRUE  
[0.824s] -- Found serial_driver: 1.2.0 (/opt/ros/humble/share/serial_driver/cmake)
[0.835s] -- Found asio_cmake_module: 1.2.0 (/opt/ros/humble/share/asio_cmake_module/cmake)
[0.836s] -- Found ASIO: /usr/include  
[0.873s] -- Found ament_lint_auto: 0.12.12 (/opt/ros/humble/share/ament_lint_auto/cmake)
[0.946s] -- Added test 'cppcheck' to perform static code analysis on C / C++ code
[0.946s] -- Configured cppcheck include dirs: 
[0.946s] -- Configured cppcheck exclude dirs and/or files: 
[0.951s] -- Added test 'lint_cmake' to check CMake code style
[0.957s] -- Added test 'uncrustify' to check C / C++ code style
[0.957s] -- Configured uncrustify additional arguments: 
[0.959s] -- Added test 'xmllint' to check XML markup files
[0.959s] -- Configuring done
[0.963s] -- Generating done
[0.965s] -- Build files have been written to: /home/xiaofeiyu/桌面/study/第1-2周作业/src/nodes/build/node
[0.976s] Invoked command in '/home/xiaofeiyu/桌面/study/第1-2周作业/src/nodes/build/node' returned '0': CMAKE_PREFIX_PATH=/opt/ros/humble /usr/bin/cmake /home/xiaofeiyu/桌面/study/第1-2周作业/src/nodes -DCMAKE_INSTALL_PREFIX=/home/xiaofeiyu/桌面/study/第1-2周作业/src/nodes/install/node
[0.980s] Invoking command in '/home/xiaofeiyu/桌面/study/第1-2周作业/src/nodes/build/node': CMAKE_PREFIX_PATH=/opt/ros/humble /usr/bin/cmake --build /home/xiaofeiyu/桌面/study/第1-2周作业/src/nodes/build/node -- -j4 -l4
[1.013s] Invoked command in '/home/xiaofeiyu/桌面/study/第1-2周作业/src/nodes/build/node' returned '0': CMAKE_PREFIX_PATH=/opt/ros/humble /usr/bin/cmake --build /home/xiaofeiyu/桌面/study/第1-2周作业/src/nodes/build/node -- -j4 -l4
[1.023s] Invoking command in '/home/xiaofeiyu/桌面/study/第1-2周作业/src/nodes/build/node': CMAKE_PREFIX_PATH=/opt/ros/humble /usr/bin/cmake --install /home/xiaofeiyu/桌面/study/第1-2周作业/src/nodes/build/node
[1.029s] -- Install configuration: ""
[1.029s] -- Installing: /home/xiaofeiyu/桌面/study/第1-2周作业/src/nodes/install/node/share/ament_index/resource_index/package_run_dependencies/node
[1.029s] -- Installing: /home/xiaofeiyu/桌面/study/第1-2周作业/src/nodes/install/node/share/ament_index/resource_index/parent_prefix_path/node
[1.030s] -- Installing: /home/xiaofeiyu/桌面/study/第1-2周作业/src/nodes/install/node/share/node/environment/ament_prefix_path.sh
[1.030s] -- Installing: /home/xiaofeiyu/桌面/study/第1-2周作业/src/nodes/install/node/share/node/environment/ament_prefix_path.dsv
[1.030s] -- Installing: /home/xiaofeiyu/桌面/study/第1-2周作业/src/nodes/install/node/share/node/environment/path.sh
[1.030s] -- Installing: /home/xiaofeiyu/桌面/study/第1-2周作业/src/nodes/install/node/share/node/environment/path.dsv
[1.030s] -- Installing: /home/xiaofeiyu/桌面/study/第1-2周作业/src/nodes/install/node/share/node/local_setup.bash
[1.030s] -- Installing: /home/xiaofeiyu/桌面/study/第1-2周作业/src/nodes/install/node/share/node/local_setup.sh
[1.030s] -- Installing: /home/xiaofeiyu/桌面/study/第1-2周作业/src/nodes/install/node/share/node/local_setup.zsh
[1.030s] -- Installing: /home/xiaofeiyu/桌面/study/第1-2周作业/src/nodes/install/node/share/node/local_setup.dsv
[1.031s] -- Installing: /home/xiaofeiyu/桌面/study/第1-2周作业/src/nodes/install/node/share/node/package.dsv
[1.032s] -- Installing: /home/xiaofeiyu/桌面/study/第1-2周作业/src/nodes/install/node/share/ament_index/resource_index/packages/node
[1.032s] -- Installing: /home/xiaofeiyu/桌面/study/第1-2周作业/src/nodes/install/node/share/node/cmake/nodeConfig.cmake
[1.034s] -- Installing: /home/xiaofeiyu/桌面/study/第1-2周作业/src/nodes/install/node/share/node/cmake/nodeConfig-version.cmake
[1.034s] -- Installing: /home/xiaofeiyu/桌面/study/第1-2周作业/src/nodes/install/node/share/node/package.xml
[1.034s] Invoked command in '/home/xiaofeiyu/桌面/study/第1-2周作业/src/nodes/build/node' returned '0': CMAKE_PREFIX_PATH=/opt/ros/humble /usr/bin/cmake --install /home/xiaofeiyu/桌面/study/第1-2周作业/src/nodes/build/node
