[0.095s] DEBUG:colcon:Command line arguments: ['/usr/bin/colcon', 'build']
[0.096s] DEBUG:colcon:Parsed command line arguments: Namespace(log_base=None, log_level=None, verb_name='build', build_base='build', install_base='install', merge_install=False, symlink_install=False, test_result_base=None, continue_on_error=False, executor='parallel', parallel_workers=4, event_handlers=None, ignore_user_meta=False, metas=['./colcon.meta'], base_paths=['.'], packages_ignore=None, packages_ignore_regex=None, paths=None, packages_up_to=None, packages_up_to_regex=None, packages_above=None, packages_above_and_dependencies=None, packages_above_depth=None, packages_select_by_dep=None, packages_skip_by_dep=None, packages_skip_up_to=None, packages_select_build_failed=False, packages_skip_build_finished=False, packages_select_test_failures=False, packages_skip_test_passed=False, packages_select=None, packages_skip=None, packages_select_regex=None, packages_skip_regex=None, packages_start=None, packages_end=None, allow_overriding=[], cmake_args=None, cmake_target=None, cmake_target_skip_unavailable=False, cmake_clean_cache=False, cmake_clean_first=False, cmake_force_configure=False, ament_cmake_args=None, catkin_cmake_args=None, catkin_skip_building_tests=False, verb_parser=<colcon_defaults.argument_parser.defaults.DefaultArgumentsDecorator object at 0x7b3fb3eaba30>, verb_extension=<colcon_core.verb.build.BuildVerb object at 0x7b3fb3eab520>, main=<bound method BuildVerb.main of <colcon_core.verb.build.BuildVerb object at 0x7b3fb3eab520>>)
[0.216s] Level 1:colcon.colcon_core.package_discovery:discover_packages(colcon_meta) check parameters
[0.216s] Level 1:colcon.colcon_core.package_discovery:discover_packages(recursive) check parameters
[0.216s] Level 1:colcon.colcon_core.package_discovery:discover_packages(ignore) check parameters
[0.216s] Level 1:colcon.colcon_core.package_discovery:discover_packages(path) check parameters
[0.216s] Level 1:colcon.colcon_core.package_discovery:discover_packages(colcon_meta) discover
[0.217s] Level 1:colcon.colcon_core.package_discovery:discover_packages(recursive) discover
[0.217s] INFO:colcon.colcon_core.package_discovery:Crawling recursively for packages in '/home/xiaofeiyu/桌面/chapt_ws/src/mbot_description'
[0.217s] Level 1:colcon.colcon_core.package_identification:_identify(.) by extensions ['ignore', 'ignore_ament_install']
[0.217s] Level 1:colcon.colcon_core.package_identification:_identify(.) by extension 'ignore'
[0.217s] Level 1:colcon.colcon_core.package_identification:_identify(.) by extension 'ignore_ament_install'
[0.217s] Level 1:colcon.colcon_core.package_identification:_identify(.) by extensions ['colcon_pkg']
[0.217s] Level 1:colcon.colcon_core.package_identification:_identify(.) by extension 'colcon_pkg'
[0.217s] Level 1:colcon.colcon_core.package_identification:_identify(.) by extensions ['colcon_meta']
[0.217s] Level 1:colcon.colcon_core.package_identification:_identify(.) by extension 'colcon_meta'
[0.217s] Level 1:colcon.colcon_core.package_identification:_identify(.) by extensions ['ros']
[0.217s] Level 1:colcon.colcon_core.package_identification:_identify(.) by extension 'ros'
[0.229s] DEBUG:colcon.colcon_core.package_identification:Package '.' with type 'ros.ament_cmake' and name 'mbot_description'
[0.229s] Level 1:colcon.colcon_core.package_discovery:discover_packages(recursive) using defaults
[0.229s] Level 1:colcon.colcon_core.package_discovery:discover_packages(ignore) discover
[0.229s] Level 1:colcon.colcon_core.package_discovery:discover_packages(ignore) using defaults
[0.229s] Level 1:colcon.colcon_core.package_discovery:discover_packages(path) discover
[0.229s] Level 1:colcon.colcon_core.package_discovery:discover_packages(path) using defaults
[0.250s] Level 1:colcon.colcon_core.package_discovery:discover_packages(prefix_path) check parameters
[0.251s] Level 1:colcon.colcon_core.package_discovery:discover_packages(prefix_path) discover
[0.252s] DEBUG:colcon.colcon_installed_package_information.package_discovery:Found 1 installed packages in /home/xiaofeiyu/桌面/chapt_ws/src/mbot_description/install
[0.255s] DEBUG:colcon.colcon_installed_package_information.package_discovery:Found 278 installed packages in /opt/ros/humble
[0.256s] Level 1:colcon.colcon_core.package_discovery:discover_packages(prefix_path) using defaults
[0.285s] Level 5:colcon.colcon_core.verb:set package 'mbot_description' build argument 'cmake_args' from command line to 'None'
[0.285s] Level 5:colcon.colcon_core.verb:set package 'mbot_description' build argument 'cmake_target' from command line to 'None'
[0.285s] Level 5:colcon.colcon_core.verb:set package 'mbot_description' build argument 'cmake_target_skip_unavailable' from command line to 'False'
[0.285s] Level 5:colcon.colcon_core.verb:set package 'mbot_description' build argument 'cmake_clean_cache' from command line to 'False'
[0.285s] Level 5:colcon.colcon_core.verb:set package 'mbot_description' build argument 'cmake_clean_first' from command line to 'False'
[0.285s] Level 5:colcon.colcon_core.verb:set package 'mbot_description' build argument 'cmake_force_configure' from command line to 'False'
[0.285s] Level 5:colcon.colcon_core.verb:set package 'mbot_description' build argument 'ament_cmake_args' from command line to 'None'
[0.285s] Level 5:colcon.colcon_core.verb:set package 'mbot_description' build argument 'catkin_cmake_args' from command line to 'None'
[0.285s] Level 5:colcon.colcon_core.verb:set package 'mbot_description' build argument 'catkin_skip_building_tests' from command line to 'False'
[0.285s] DEBUG:colcon.colcon_core.verb:Building package 'mbot_description' with the following arguments: {'ament_cmake_args': None, 'build_base': '/home/xiaofeiyu/桌面/chapt_ws/src/mbot_description/build/mbot_description', 'catkin_cmake_args': None, 'catkin_skip_building_tests': False, 'cmake_args': None, 'cmake_clean_cache': False, 'cmake_clean_first': False, 'cmake_force_configure': False, 'cmake_target': None, 'cmake_target_skip_unavailable': False, 'install_base': '/home/xiaofeiyu/桌面/chapt_ws/src/mbot_description/install/mbot_description', 'merge_install': False, 'path': '/home/xiaofeiyu/桌面/chapt_ws/src/mbot_description', 'symlink_install': False, 'test_result_base': None}
[0.285s] INFO:colcon.colcon_core.executor:Executing jobs using 'parallel' executor
[0.286s] DEBUG:colcon.colcon_parallel_executor.executor.parallel:run_until_complete
[0.286s] INFO:colcon.colcon_ros.task.ament_cmake.build:Building ROS package in '/home/xiaofeiyu/桌面/chapt_ws/src/mbot_description' with build type 'ament_cmake'
[0.286s] INFO:colcon.colcon_cmake.task.cmake.build:Building CMake package in '/home/xiaofeiyu/桌面/chapt_ws/src/mbot_description'
[0.288s] INFO:colcon.colcon_core.plugin_system:Skipping extension 'colcon_core.shell.bat': Not used on non-Windows systems
[0.288s] INFO:colcon.colcon_core.shell:Skip shell extension 'powershell' for command environment: Not usable outside of PowerShell
[0.288s] DEBUG:colcon.colcon_core.shell:Skip shell extension 'dsv' for command environment
[0.300s] DEBUG:colcon.colcon_core.event_handler.log_command:Invoking command in '/home/xiaofeiyu/桌面/chapt_ws/src/mbot_description/build/mbot_description': CMAKE_PREFIX_PATH=${CMAKE_PREFIX_PATH}:/opt/ros/humble /usr/bin/cmake --build /home/xiaofeiyu/桌面/chapt_ws/src/mbot_description/build/mbot_description -- -j4 -l4
[0.343s] DEBUG:colcon.colcon_core.event_handler.log_command:Invoked command in '/home/xiaofeiyu/桌面/chapt_ws/src/mbot_description/build/mbot_description' returned '0': CMAKE_PREFIX_PATH=${CMAKE_PREFIX_PATH}:/opt/ros/humble /usr/bin/cmake --build /home/xiaofeiyu/桌面/chapt_ws/src/mbot_description/build/mbot_description -- -j4 -l4
[0.354s] DEBUG:colcon.colcon_core.event_handler.log_command:Invoking command in '/home/xiaofeiyu/桌面/chapt_ws/src/mbot_description/build/mbot_description': CMAKE_PREFIX_PATH=${CMAKE_PREFIX_PATH}:/opt/ros/humble /usr/bin/cmake --install /home/xiaofeiyu/桌面/chapt_ws/src/mbot_description/build/mbot_description
[0.364s] Level 1:colcon.colcon_core.environment:create_environment_scripts_only(mbot_description)
[0.367s] Level 1:colcon.colcon_core.environment:checking '/home/xiaofeiyu/桌面/chapt_ws/src/mbot_description/install/mbot_description' for CMake module files
[0.369s] DEBUG:colcon.colcon_core.event_handler.log_command:Invoked command in '/home/xiaofeiyu/桌面/chapt_ws/src/mbot_description/build/mbot_description' returned '0': CMAKE_PREFIX_PATH=${CMAKE_PREFIX_PATH}:/opt/ros/humble /usr/bin/cmake --install /home/xiaofeiyu/桌面/chapt_ws/src/mbot_description/build/mbot_description
[0.370s] Level 1:colcon.colcon_core.environment:checking '/home/xiaofeiyu/桌面/chapt_ws/src/mbot_description/install/mbot_description' for CMake config files
[0.370s] Level 1:colcon.colcon_core.shell:create_environment_hook('mbot_description', 'cmake_prefix_path')
[0.370s] INFO:colcon.colcon_core.shell:Creating environment hook '/home/xiaofeiyu/桌面/chapt_ws/src/mbot_description/install/mbot_description/share/mbot_description/hook/cmake_prefix_path.ps1'
[0.371s] INFO:colcon.colcon_core.shell:Creating environment descriptor '/home/xiaofeiyu/桌面/chapt_ws/src/mbot_description/install/mbot_description/share/mbot_description/hook/cmake_prefix_path.dsv'
[0.371s] INFO:colcon.colcon_core.shell:Creating environment hook '/home/xiaofeiyu/桌面/chapt_ws/src/mbot_description/install/mbot_description/share/mbot_description/hook/cmake_prefix_path.sh'
[0.372s] Level 1:colcon.colcon_core.environment:checking '/home/xiaofeiyu/桌面/chapt_ws/src/mbot_description/install/mbot_description/bin'
[0.372s] Level 1:colcon.colcon_core.environment:checking '/home/xiaofeiyu/桌面/chapt_ws/src/mbot_description/install/mbot_description/lib/pkgconfig/mbot_description.pc'
[0.372s] Level 1:colcon.colcon_core.environment:checking '/home/xiaofeiyu/桌面/chapt_ws/src/mbot_description/install/mbot_description/lib/python3.10/site-packages'
[0.372s] Level 1:colcon.colcon_core.environment:checking '/home/xiaofeiyu/桌面/chapt_ws/src/mbot_description/install/mbot_description/bin'
[0.372s] INFO:colcon.colcon_core.shell:Creating package script '/home/xiaofeiyu/桌面/chapt_ws/src/mbot_description/install/mbot_description/share/mbot_description/package.ps1'
[0.373s] INFO:colcon.colcon_core.shell:Creating package descriptor '/home/xiaofeiyu/桌面/chapt_ws/src/mbot_description/install/mbot_description/share/mbot_description/package.dsv'
[0.373s] INFO:colcon.colcon_core.shell:Creating package script '/home/xiaofeiyu/桌面/chapt_ws/src/mbot_description/install/mbot_description/share/mbot_description/package.sh'
[0.374s] INFO:colcon.colcon_core.shell:Creating package script '/home/xiaofeiyu/桌面/chapt_ws/src/mbot_description/install/mbot_description/share/mbot_description/package.bash'
[0.374s] INFO:colcon.colcon_core.shell:Creating package script '/home/xiaofeiyu/桌面/chapt_ws/src/mbot_description/install/mbot_description/share/mbot_description/package.zsh'
[0.375s] Level 1:colcon.colcon_core.environment:create_file_with_runtime_dependencies(/home/xiaofeiyu/桌面/chapt_ws/src/mbot_description/install/mbot_description/share/colcon-core/packages/mbot_description)
[0.375s] Level 1:colcon.colcon_core.environment:create_environment_scripts_only(mbot_description)
[0.375s] Level 1:colcon.colcon_core.environment:checking '/home/xiaofeiyu/桌面/chapt_ws/src/mbot_description/install/mbot_description' for CMake module files
[0.376s] Level 1:colcon.colcon_core.environment:checking '/home/xiaofeiyu/桌面/chapt_ws/src/mbot_description/install/mbot_description' for CMake config files
[0.376s] Level 1:colcon.colcon_core.shell:create_environment_hook('mbot_description', 'cmake_prefix_path')
[0.376s] INFO:colcon.colcon_core.shell:Creating environment hook '/home/xiaofeiyu/桌面/chapt_ws/src/mbot_description/install/mbot_description/share/mbot_description/hook/cmake_prefix_path.ps1'
[0.377s] INFO:colcon.colcon_core.shell:Creating environment descriptor '/home/xiaofeiyu/桌面/chapt_ws/src/mbot_description/install/mbot_description/share/mbot_description/hook/cmake_prefix_path.dsv'
[0.377s] INFO:colcon.colcon_core.shell:Creating environment hook '/home/xiaofeiyu/桌面/chapt_ws/src/mbot_description/install/mbot_description/share/mbot_description/hook/cmake_prefix_path.sh'
[0.378s] Level 1:colcon.colcon_core.environment:checking '/home/xiaofeiyu/桌面/chapt_ws/src/mbot_description/install/mbot_description/bin'
[0.378s] Level 1:colcon.colcon_core.environment:checking '/home/xiaofeiyu/桌面/chapt_ws/src/mbot_description/install/mbot_description/lib/pkgconfig/mbot_description.pc'
[0.378s] Level 1:colcon.colcon_core.environment:checking '/home/xiaofeiyu/桌面/chapt_ws/src/mbot_description/install/mbot_description/lib/python3.10/site-packages'
[0.378s] Level 1:colcon.colcon_core.environment:checking '/home/xiaofeiyu/桌面/chapt_ws/src/mbot_description/install/mbot_description/bin'
[0.378s] INFO:colcon.colcon_core.shell:Creating package script '/home/xiaofeiyu/桌面/chapt_ws/src/mbot_description/install/mbot_description/share/mbot_description/package.ps1'
[0.379s] INFO:colcon.colcon_core.shell:Creating package descriptor '/home/xiaofeiyu/桌面/chapt_ws/src/mbot_description/install/mbot_description/share/mbot_description/package.dsv'
[0.379s] INFO:colcon.colcon_core.shell:Creating package script '/home/xiaofeiyu/桌面/chapt_ws/src/mbot_description/install/mbot_description/share/mbot_description/package.sh'
[0.379s] INFO:colcon.colcon_core.shell:Creating package script '/home/xiaofeiyu/桌面/chapt_ws/src/mbot_description/install/mbot_description/share/mbot_description/package.bash'
[0.380s] INFO:colcon.colcon_core.shell:Creating package script '/home/xiaofeiyu/桌面/chapt_ws/src/mbot_description/install/mbot_description/share/mbot_description/package.zsh'
[0.380s] Level 1:colcon.colcon_core.environment:create_file_with_runtime_dependencies(/home/xiaofeiyu/桌面/chapt_ws/src/mbot_description/install/mbot_description/share/colcon-core/packages/mbot_description)
[0.381s] DEBUG:colcon.colcon_parallel_executor.executor.parallel:closing loop
[0.381s] DEBUG:colcon.colcon_parallel_executor.executor.parallel:loop closed
[0.381s] DEBUG:colcon.colcon_parallel_executor.executor.parallel:run_until_complete finished with '0'
[0.381s] DEBUG:colcon.colcon_core.event_reactor:joining thread
[0.385s] INFO:colcon.colcon_core.plugin_system:Skipping extension 'colcon_notification.desktop_notification.terminal_notifier': Not used on non-Darwin systems
[0.385s] INFO:colcon.colcon_core.plugin_system:Skipping extension 'colcon_notification.desktop_notification.win32': Not used on non-Windows systems
[0.385s] INFO:colcon.colcon_notification.desktop_notification:Sending desktop notification using 'notify2'
[0.398s] DEBUG:colcon.colcon_core.event_reactor:joined thread
[0.398s] INFO:colcon.colcon_core.shell:Creating prefix script '/home/xiaofeiyu/桌面/chapt_ws/src/mbot_description/install/local_setup.ps1'
[0.399s] INFO:colcon.colcon_core.shell:Creating prefix util module '/home/xiaofeiyu/桌面/chapt_ws/src/mbot_description/install/_local_setup_util_ps1.py'
[0.400s] INFO:colcon.colcon_core.shell:Creating prefix chain script '/home/xiaofeiyu/桌面/chapt_ws/src/mbot_description/install/setup.ps1'
[0.401s] INFO:colcon.colcon_core.shell:Creating prefix script '/home/xiaofeiyu/桌面/chapt_ws/src/mbot_description/install/local_setup.sh'
[0.402s] INFO:colcon.colcon_core.shell:Creating prefix util module '/home/xiaofeiyu/桌面/chapt_ws/src/mbot_description/install/_local_setup_util_sh.py'
[0.403s] INFO:colcon.colcon_core.shell:Creating prefix chain script '/home/xiaofeiyu/桌面/chapt_ws/src/mbot_description/install/setup.sh'
[0.404s] INFO:colcon.colcon_core.shell:Creating prefix script '/home/xiaofeiyu/桌面/chapt_ws/src/mbot_description/install/local_setup.bash'
[0.404s] INFO:colcon.colcon_core.shell:Creating prefix chain script '/home/xiaofeiyu/桌面/chapt_ws/src/mbot_description/install/setup.bash'
[0.405s] INFO:colcon.colcon_core.shell:Creating prefix script '/home/xiaofeiyu/桌面/chapt_ws/src/mbot_description/install/local_setup.zsh'
[0.405s] INFO:colcon.colcon_core.shell:Creating prefix chain script '/home/xiaofeiyu/桌面/chapt_ws/src/mbot_description/install/setup.zsh'
