[0.169s] DEBUG:colcon:Command line arguments: ['/usr/bin/colcon', 'build']
[0.169s] DEBUG:colcon:Parsed command line arguments: Namespace(log_base=None, log_level=None, verb_name='build', build_base='build', install_base='install', merge_install=False, symlink_install=False, test_result_base=None, continue_on_error=False, executor='parallel', parallel_workers=4, event_handlers=None, ignore_user_meta=False, metas=['./colcon.meta'], base_paths=['.'], packages_ignore=None, packages_ignore_regex=None, paths=None, packages_up_to=None, packages_up_to_regex=None, packages_above=None, packages_above_and_dependencies=None, packages_above_depth=None, packages_select_by_dep=None, packages_skip_by_dep=None, packages_skip_up_to=None, packages_select_build_failed=False, packages_skip_build_finished=False, packages_select_test_failures=False, packages_skip_test_passed=False, packages_select=None, packages_skip=None, packages_select_regex=None, packages_skip_regex=None, packages_start=None, packages_end=None, allow_overriding=[], cmake_args=None, cmake_target=None, cmake_target_skip_unavailable=False, cmake_clean_cache=False, cmake_clean_first=False, cmake_force_configure=False, ament_cmake_args=None, catkin_cmake_args=None, catkin_skip_building_tests=False, verb_parser=<colcon_defaults.argument_parser.defaults.DefaultArgumentsDecorator object at 0x78b8e9f27640>, verb_extension=<colcon_core.verb.build.BuildVerb object at 0x78b8e9f27130>, main=<bound method BuildVerb.main of <colcon_core.verb.build.BuildVerb object at 0x78b8e9f27130>>)
[0.416s] Level 1:colcon.colcon_core.package_discovery:discover_packages(colcon_meta) check parameters
[0.416s] Level 1:colcon.colcon_core.package_discovery:discover_packages(recursive) check parameters
[0.416s] Level 1:colcon.colcon_core.package_discovery:discover_packages(ignore) check parameters
[0.416s] Level 1:colcon.colcon_core.package_discovery:discover_packages(path) check parameters
[0.416s] Level 1:colcon.colcon_core.package_discovery:discover_packages(colcon_meta) discover
[0.416s] Level 1:colcon.colcon_core.package_discovery:discover_packages(recursive) discover
[0.416s] INFO:colcon.colcon_core.package_discovery:Crawling recursively for packages in '/home/xiaofeiyu/桌面/学习/1-2weeks/src'
[0.416s] Level 1:colcon.colcon_core.package_identification:_identify(.) by extensions ['ignore', 'ignore_ament_install']
[0.416s] Level 1:colcon.colcon_core.package_identification:_identify(.) by extension 'ignore'
[0.416s] Level 1:colcon.colcon_core.package_identification:_identify(.) by extension 'ignore_ament_install'
[0.416s] Level 1:colcon.colcon_core.package_identification:_identify(.) by extensions ['colcon_pkg']
[0.416s] Level 1:colcon.colcon_core.package_identification:_identify(.) by extension 'colcon_pkg'
[0.416s] Level 1:colcon.colcon_core.package_identification:_identify(.) by extensions ['colcon_meta']
[0.416s] Level 1:colcon.colcon_core.package_identification:_identify(.) by extension 'colcon_meta'
[0.416s] Level 1:colcon.colcon_core.package_identification:_identify(.) by extensions ['ros']
[0.416s] Level 1:colcon.colcon_core.package_identification:_identify(.) by extension 'ros'
[0.425s] Level 1:colcon.colcon_core.package_identification:_identify(.) by extensions ['cmake', 'python']
[0.425s] Level 1:colcon.colcon_core.package_identification:_identify(.) by extension 'cmake'
[0.425s] Level 1:colcon.colcon_core.package_identification:_identify(.) by extension 'python'
[0.425s] Level 1:colcon.colcon_core.package_identification:_identify(.) by extensions ['python_setup_py']
[0.425s] Level 1:colcon.colcon_core.package_identification:_identify(.) by extension 'python_setup_py'
[0.425s] Level 1:colcon.colcon_core.package_identification:_identify(Publisher2Listener) by extensions ['ignore', 'ignore_ament_install']
[0.425s] Level 1:colcon.colcon_core.package_identification:_identify(Publisher2Listener) by extension 'ignore'
[0.425s] Level 1:colcon.colcon_core.package_identification:_identify(Publisher2Listener) by extension 'ignore_ament_install'
[0.425s] Level 1:colcon.colcon_core.package_identification:_identify(Publisher2Listener) by extensions ['colcon_pkg']
[0.425s] Level 1:colcon.colcon_core.package_identification:_identify(Publisher2Listener) by extension 'colcon_pkg'
[0.425s] Level 1:colcon.colcon_core.package_identification:_identify(Publisher2Listener) by extensions ['colcon_meta']
[0.425s] Level 1:colcon.colcon_core.package_identification:_identify(Publisher2Listener) by extension 'colcon_meta'
[0.425s] Level 1:colcon.colcon_core.package_identification:_identify(Publisher2Listener) by extensions ['ros']
[0.425s] Level 1:colcon.colcon_core.package_identification:_identify(Publisher2Listener) by extension 'ros'
[0.428s] DEBUG:colcon.colcon_core.package_identification:Package 'Publisher2Listener' with type 'ros.ament_cmake' and name 'Publisher2Listener'
[0.428s] Level 1:colcon.colcon_core.package_identification:_identify(build) by extensions ['ignore', 'ignore_ament_install']
[0.428s] Level 1:colcon.colcon_core.package_identification:_identify(build) by extension 'ignore'
[0.429s] Level 1:colcon.colcon_core.package_identification:_identify(build) ignored
[0.429s] Level 1:colcon.colcon_core.package_identification:_identify(install) by extensions ['ignore', 'ignore_ament_install']
[0.429s] Level 1:colcon.colcon_core.package_identification:_identify(install) by extension 'ignore'
[0.429s] Level 1:colcon.colcon_core.package_identification:_identify(install) ignored
[0.429s] Level 1:colcon.colcon_core.package_identification:_identify(log) by extensions ['ignore', 'ignore_ament_install']
[0.429s] Level 1:colcon.colcon_core.package_identification:_identify(log) by extension 'ignore'
[0.429s] Level 1:colcon.colcon_core.package_identification:_identify(log) ignored
[0.429s] Level 1:colcon.colcon_core.package_discovery:discover_packages(recursive) using defaults
[0.429s] Level 1:colcon.colcon_core.package_discovery:discover_packages(ignore) discover
[0.429s] Level 1:colcon.colcon_core.package_discovery:discover_packages(ignore) using defaults
[0.429s] Level 1:colcon.colcon_core.package_discovery:discover_packages(path) discover
[0.429s] Level 1:colcon.colcon_core.package_discovery:discover_packages(path) using defaults
[0.459s] Level 1:colcon.colcon_core.package_discovery:discover_packages(prefix_path) check parameters
[0.459s] Level 1:colcon.colcon_core.package_discovery:discover_packages(prefix_path) discover
[0.465s] DEBUG:colcon.colcon_installed_package_information.package_discovery:Found 271 installed packages in /opt/ros/humble
[0.467s] Level 1:colcon.colcon_core.package_discovery:discover_packages(prefix_path) using defaults
[0.502s] Level 5:colcon.colcon_core.verb:set package 'Publisher2Listener' build argument 'cmake_args' from command line to 'None'
[0.502s] Level 5:colcon.colcon_core.verb:set package 'Publisher2Listener' build argument 'cmake_target' from command line to 'None'
[0.502s] Level 5:colcon.colcon_core.verb:set package 'Publisher2Listener' build argument 'cmake_target_skip_unavailable' from command line to 'False'
[0.503s] Level 5:colcon.colcon_core.verb:set package 'Publisher2Listener' build argument 'cmake_clean_cache' from command line to 'False'
[0.503s] Level 5:colcon.colcon_core.verb:set package 'Publisher2Listener' build argument 'cmake_clean_first' from command line to 'False'
[0.503s] Level 5:colcon.colcon_core.verb:set package 'Publisher2Listener' build argument 'cmake_force_configure' from command line to 'False'
[0.503s] Level 5:colcon.colcon_core.verb:set package 'Publisher2Listener' build argument 'ament_cmake_args' from command line to 'None'
[0.503s] Level 5:colcon.colcon_core.verb:set package 'Publisher2Listener' build argument 'catkin_cmake_args' from command line to 'None'
[0.503s] Level 5:colcon.colcon_core.verb:set package 'Publisher2Listener' build argument 'catkin_skip_building_tests' from command line to 'False'
[0.503s] DEBUG:colcon.colcon_core.verb:Building package 'Publisher2Listener' with the following arguments: {'ament_cmake_args': None, 'build_base': '/home/xiaofeiyu/桌面/学习/1-2weeks/src/build/Publisher2Listener', 'catkin_cmake_args': None, 'catkin_skip_building_tests': False, 'cmake_args': None, 'cmake_clean_cache': False, 'cmake_clean_first': False, 'cmake_force_configure': False, 'cmake_target': None, 'cmake_target_skip_unavailable': False, 'install_base': '/home/xiaofeiyu/桌面/学习/1-2weeks/src/install/Publisher2Listener', 'merge_install': False, 'path': '/home/xiaofeiyu/桌面/学习/1-2weeks/src/Publisher2Listener', 'symlink_install': False, 'test_result_base': None}
[0.503s] INFO:colcon.colcon_core.executor:Executing jobs using 'parallel' executor
[0.504s] DEBUG:colcon.colcon_parallel_executor.executor.parallel:run_until_complete
[0.504s] INFO:colcon.colcon_ros.task.ament_cmake.build:Building ROS package in '/home/xiaofeiyu/桌面/学习/1-2weeks/src/Publisher2Listener' with build type 'ament_cmake'
[0.504s] INFO:colcon.colcon_cmake.task.cmake.build:Building CMake package in '/home/xiaofeiyu/桌面/学习/1-2weeks/src/Publisher2Listener'
[0.510s] INFO:colcon.colcon_core.plugin_system:Skipping extension 'colcon_core.shell.bat': Not used on non-Windows systems
[0.510s] INFO:colcon.colcon_core.shell:Skip shell extension 'powershell' for command environment: Not usable outside of PowerShell
[0.510s] DEBUG:colcon.colcon_core.shell:Skip shell extension 'dsv' for command environment
[0.517s] DEBUG:colcon.colcon_core.event_handler.log_command:Invoking command in '/home/xiaofeiyu/桌面/学习/1-2weeks/src/build/Publisher2Listener': CMAKE_PREFIX_PATH=/opt/ros/humble /usr/bin/cmake /home/xiaofeiyu/桌面/学习/1-2weeks/src/Publisher2Listener -DCMAKE_INSTALL_PREFIX=/home/xiaofeiyu/桌面/学习/1-2weeks/src/install/Publisher2Listener
[1.267s] DEBUG:colcon.colcon_core.event_handler.log_command:Invoked command in '/home/xiaofeiyu/桌面/学习/1-2weeks/src/build/Publisher2Listener' returned '0': CMAKE_PREFIX_PATH=/opt/ros/humble /usr/bin/cmake /home/xiaofeiyu/桌面/学习/1-2weeks/src/Publisher2Listener -DCMAKE_INSTALL_PREFIX=/home/xiaofeiyu/桌面/学习/1-2weeks/src/install/Publisher2Listener
[1.268s] DEBUG:colcon.colcon_core.event_handler.log_command:Invoking command in '/home/xiaofeiyu/桌面/学习/1-2weeks/src/build/Publisher2Listener': CMAKE_PREFIX_PATH=/opt/ros/humble /usr/bin/cmake --build /home/xiaofeiyu/桌面/学习/1-2weeks/src/build/Publisher2Listener -- -j4 -l4
[1.296s] DEBUG:colcon.colcon_core.event_handler.log_command:Invoked command in '/home/xiaofeiyu/桌面/学习/1-2weeks/src/build/Publisher2Listener' returned '0': CMAKE_PREFIX_PATH=/opt/ros/humble /usr/bin/cmake --build /home/xiaofeiyu/桌面/学习/1-2weeks/src/build/Publisher2Listener -- -j4 -l4
[1.303s] DEBUG:colcon.colcon_core.event_handler.log_command:Invoking command in '/home/xiaofeiyu/桌面/学习/1-2weeks/src/build/Publisher2Listener': CMAKE_PREFIX_PATH=/opt/ros/humble /usr/bin/cmake --install /home/xiaofeiyu/桌面/学习/1-2weeks/src/build/Publisher2Listener
[1.312s] Level 1:colcon.colcon_core.environment:create_environment_scripts_only(Publisher2Listener)
[1.312s] DEBUG:colcon.colcon_core.event_handler.log_command:Invoked command in '/home/xiaofeiyu/桌面/学习/1-2weeks/src/build/Publisher2Listener' returned '0': CMAKE_PREFIX_PATH=/opt/ros/humble /usr/bin/cmake --install /home/xiaofeiyu/桌面/学习/1-2weeks/src/build/Publisher2Listener
[1.321s] Level 1:colcon.colcon_core.environment:checking '/home/xiaofeiyu/桌面/学习/1-2weeks/src/install/Publisher2Listener' for CMake module files
[1.321s] Level 1:colcon.colcon_core.environment:checking '/home/xiaofeiyu/桌面/学习/1-2weeks/src/install/Publisher2Listener' for CMake config files
[1.322s] Level 1:colcon.colcon_core.shell:create_environment_hook('Publisher2Listener', 'cmake_prefix_path')
[1.322s] INFO:colcon.colcon_core.shell:Creating environment hook '/home/xiaofeiyu/桌面/学习/1-2weeks/src/install/Publisher2Listener/share/Publisher2Listener/hook/cmake_prefix_path.ps1'
[1.323s] INFO:colcon.colcon_core.shell:Creating environment descriptor '/home/xiaofeiyu/桌面/学习/1-2weeks/src/install/Publisher2Listener/share/Publisher2Listener/hook/cmake_prefix_path.dsv'
[1.324s] INFO:colcon.colcon_core.shell:Creating environment hook '/home/xiaofeiyu/桌面/学习/1-2weeks/src/install/Publisher2Listener/share/Publisher2Listener/hook/cmake_prefix_path.sh'
[1.325s] Level 1:colcon.colcon_core.environment:checking '/home/xiaofeiyu/桌面/学习/1-2weeks/src/install/Publisher2Listener/bin'
[1.325s] Level 1:colcon.colcon_core.environment:checking '/home/xiaofeiyu/桌面/学习/1-2weeks/src/install/Publisher2Listener/lib/pkgconfig/Publisher2Listener.pc'
[1.326s] Level 1:colcon.colcon_core.environment:checking '/home/xiaofeiyu/桌面/学习/1-2weeks/src/install/Publisher2Listener/lib/python3.10/site-packages'
[1.326s] Level 1:colcon.colcon_core.environment:checking '/home/xiaofeiyu/桌面/学习/1-2weeks/src/install/Publisher2Listener/bin'
[1.326s] INFO:colcon.colcon_core.shell:Creating package script '/home/xiaofeiyu/桌面/学习/1-2weeks/src/install/Publisher2Listener/share/Publisher2Listener/package.ps1'
[1.327s] INFO:colcon.colcon_core.shell:Creating package descriptor '/home/xiaofeiyu/桌面/学习/1-2weeks/src/install/Publisher2Listener/share/Publisher2Listener/package.dsv'
[1.328s] INFO:colcon.colcon_core.shell:Creating package script '/home/xiaofeiyu/桌面/学习/1-2weeks/src/install/Publisher2Listener/share/Publisher2Listener/package.sh'
[1.328s] INFO:colcon.colcon_core.shell:Creating package script '/home/xiaofeiyu/桌面/学习/1-2weeks/src/install/Publisher2Listener/share/Publisher2Listener/package.bash'
[1.330s] INFO:colcon.colcon_core.shell:Creating package script '/home/xiaofeiyu/桌面/学习/1-2weeks/src/install/Publisher2Listener/share/Publisher2Listener/package.zsh'
[1.331s] Level 1:colcon.colcon_core.environment:create_file_with_runtime_dependencies(/home/xiaofeiyu/桌面/学习/1-2weeks/src/install/Publisher2Listener/share/colcon-core/packages/Publisher2Listener)
[1.331s] Level 1:colcon.colcon_core.environment:create_environment_scripts_only(Publisher2Listener)
[1.332s] Level 1:colcon.colcon_core.environment:checking '/home/xiaofeiyu/桌面/学习/1-2weeks/src/install/Publisher2Listener' for CMake module files
[1.332s] Level 1:colcon.colcon_core.environment:checking '/home/xiaofeiyu/桌面/学习/1-2weeks/src/install/Publisher2Listener' for CMake config files
[1.332s] Level 1:colcon.colcon_core.shell:create_environment_hook('Publisher2Listener', 'cmake_prefix_path')
[1.332s] INFO:colcon.colcon_core.shell:Creating environment hook '/home/xiaofeiyu/桌面/学习/1-2weeks/src/install/Publisher2Listener/share/Publisher2Listener/hook/cmake_prefix_path.ps1'
[1.333s] INFO:colcon.colcon_core.shell:Creating environment descriptor '/home/xiaofeiyu/桌面/学习/1-2weeks/src/install/Publisher2Listener/share/Publisher2Listener/hook/cmake_prefix_path.dsv'
[1.335s] INFO:colcon.colcon_core.shell:Creating environment hook '/home/xiaofeiyu/桌面/学习/1-2weeks/src/install/Publisher2Listener/share/Publisher2Listener/hook/cmake_prefix_path.sh'
[1.336s] Level 1:colcon.colcon_core.environment:checking '/home/xiaofeiyu/桌面/学习/1-2weeks/src/install/Publisher2Listener/bin'
[1.336s] Level 1:colcon.colcon_core.environment:checking '/home/xiaofeiyu/桌面/学习/1-2weeks/src/install/Publisher2Listener/lib/pkgconfig/Publisher2Listener.pc'
[1.336s] Level 1:colcon.colcon_core.environment:checking '/home/xiaofeiyu/桌面/学习/1-2weeks/src/install/Publisher2Listener/lib/python3.10/site-packages'
[1.336s] Level 1:colcon.colcon_core.environment:checking '/home/xiaofeiyu/桌面/学习/1-2weeks/src/install/Publisher2Listener/bin'
[1.336s] INFO:colcon.colcon_core.shell:Creating package script '/home/xiaofeiyu/桌面/学习/1-2weeks/src/install/Publisher2Listener/share/Publisher2Listener/package.ps1'
[1.337s] INFO:colcon.colcon_core.shell:Creating package descriptor '/home/xiaofeiyu/桌面/学习/1-2weeks/src/install/Publisher2Listener/share/Publisher2Listener/package.dsv'
[1.337s] INFO:colcon.colcon_core.shell:Creating package script '/home/xiaofeiyu/桌面/学习/1-2weeks/src/install/Publisher2Listener/share/Publisher2Listener/package.sh'
[1.338s] INFO:colcon.colcon_core.shell:Creating package script '/home/xiaofeiyu/桌面/学习/1-2weeks/src/install/Publisher2Listener/share/Publisher2Listener/package.bash'
[1.339s] INFO:colcon.colcon_core.shell:Creating package script '/home/xiaofeiyu/桌面/学习/1-2weeks/src/install/Publisher2Listener/share/Publisher2Listener/package.zsh'
[1.339s] Level 1:colcon.colcon_core.environment:create_file_with_runtime_dependencies(/home/xiaofeiyu/桌面/学习/1-2weeks/src/install/Publisher2Listener/share/colcon-core/packages/Publisher2Listener)
[1.339s] DEBUG:colcon.colcon_parallel_executor.executor.parallel:closing loop
[1.339s] DEBUG:colcon.colcon_parallel_executor.executor.parallel:loop closed
[1.340s] DEBUG:colcon.colcon_parallel_executor.executor.parallel:run_until_complete finished with '0'
[1.340s] DEBUG:colcon.colcon_core.event_reactor:joining thread
[1.346s] INFO:colcon.colcon_core.plugin_system:Skipping extension 'colcon_notification.desktop_notification.terminal_notifier': Not used on non-Darwin systems
[1.346s] INFO:colcon.colcon_core.plugin_system:Skipping extension 'colcon_notification.desktop_notification.win32': Not used on non-Windows systems
[1.346s] INFO:colcon.colcon_notification.desktop_notification:Sending desktop notification using 'notify2'
[1.373s] DEBUG:colcon.colcon_core.event_reactor:joined thread
[1.373s] INFO:colcon.colcon_core.shell:Creating prefix script '/home/xiaofeiyu/桌面/学习/1-2weeks/src/install/local_setup.ps1'
[1.374s] INFO:colcon.colcon_core.shell:Creating prefix util module '/home/xiaofeiyu/桌面/学习/1-2weeks/src/install/_local_setup_util_ps1.py'
[1.378s] INFO:colcon.colcon_core.shell:Creating prefix chain script '/home/xiaofeiyu/桌面/学习/1-2weeks/src/install/setup.ps1'
[1.379s] INFO:colcon.colcon_core.shell:Creating prefix script '/home/xiaofeiyu/桌面/学习/1-2weeks/src/install/local_setup.sh'
[1.380s] INFO:colcon.colcon_core.shell:Creating prefix util module '/home/xiaofeiyu/桌面/学习/1-2weeks/src/install/_local_setup_util_sh.py'
[1.380s] INFO:colcon.colcon_core.shell:Creating prefix chain script '/home/xiaofeiyu/桌面/学习/1-2weeks/src/install/setup.sh'
[1.384s] INFO:colcon.colcon_core.shell:Creating prefix script '/home/xiaofeiyu/桌面/学习/1-2weeks/src/install/local_setup.bash'
[1.385s] INFO:colcon.colcon_core.shell:Creating prefix chain script '/home/xiaofeiyu/桌面/学习/1-2weeks/src/install/setup.bash'
[1.386s] INFO:colcon.colcon_core.shell:Creating prefix script '/home/xiaofeiyu/桌面/学习/1-2weeks/src/install/local_setup.zsh'
[1.387s] INFO:colcon.colcon_core.shell:Creating prefix chain script '/home/xiaofeiyu/桌面/学习/1-2weeks/src/install/setup.zsh'
