[0.475s] Invoking command in '/home/xiaofeiyu/桌面/chapt_ws/src/tf': PYTHONPATH=/home/xiaofeiyu/桌面/chapt_ws/build/tf/prefix_override:/usr/lib/python3/dist-packages/colcon_core/task/python/colcon_distutils_commands:/home/xiaofeiyu/桌面/chapt_ws/install/tf/lib/python3.10/site-packages:${PYTHONPATH} /usr/bin/python3 -W ignore:setup.py install is deprecated -W ignore:easy_install command is deprecated setup.py egg_info --egg-base ../../build/tf build --build-base /home/xiaofeiyu/桌面/chapt_ws/build/tf/build install --record /home/xiaofeiyu/桌面/chapt_ws/build/tf/install.log --single-version-externally-managed install_data
[0.662s] running egg_info
[0.662s] writing ../../build/tf/tf.egg-info/PKG-INFO
[0.663s] writing dependency_links to ../../build/tf/tf.egg-info/dependency_links.txt
[0.663s] writing entry points to ../../build/tf/tf.egg-info/entry_points.txt
[0.663s] writing requirements to ../../build/tf/tf.egg-info/requires.txt
[0.663s] writing top-level names to ../../build/tf/tf.egg-info/top_level.txt
[0.666s] reading manifest file '../../build/tf/tf.egg-info/SOURCES.txt'
[0.667s] adding license file 'LICENSE'
[0.667s] writing manifest file '../../build/tf/tf.egg-info/SOURCES.txt'
[0.667s] running build
[0.667s] running build_py
[0.667s] running install
[0.667s] running install_lib
[0.671s] running install_data
[0.671s] running install_egg_info
[0.671s] removing '/home/xiaofeiyu/桌面/chapt_ws/install/tf/lib/python3.10/site-packages/tf-0.0.0-py3.10.egg-info' (and everything under it)
[0.671s] Copying ../../build/tf/tf.egg-info to /home/xiaofeiyu/桌面/chapt_ws/install/tf/lib/python3.10/site-packages/tf-0.0.0-py3.10.egg-info
[0.671s] running install_scripts
[0.685s] Installing gimbal_to_base script to /home/xiaofeiyu/桌面/chapt_ws/install/tf/lib/tf
[0.685s] Installing tf_broadcaster script to /home/xiaofeiyu/桌面/chapt_ws/install/tf/lib/tf
[0.686s] writing list of installed files to '/home/xiaofeiyu/桌面/chapt_ws/build/tf/install.log'
[0.703s] Invoked command in '/home/xiaofeiyu/桌面/chapt_ws/src/tf' returned '0': PYTHONPATH=/home/xiaofeiyu/桌面/chapt_ws/build/tf/prefix_override:/usr/lib/python3/dist-packages/colcon_core/task/python/colcon_distutils_commands:/home/xiaofeiyu/桌面/chapt_ws/install/tf/lib/python3.10/site-packages:${PYTHONPATH} /usr/bin/python3 -W ignore:setup.py install is deprecated -W ignore:easy_install command is deprecated setup.py egg_info --egg-base ../../build/tf build --build-base /home/xiaofeiyu/桌面/chapt_ws/build/tf/build install --record /home/xiaofeiyu/桌面/chapt_ws/build/tf/install.log --single-version-externally-managed install_data
