[0.419s] Invoking command in '/home/xiaofeiyu/桌面/study/RM_Vision_Study/期末考前作业/chapt_ws/src/tf': PYTHONPATH=/home/xiaofeiyu/桌面/study/RM_Vision_Study/期末考前作业/chapt_ws/src/tf/build/tf/prefix_override:/usr/lib/python3/dist-packages/colcon_core/task/python/colcon_distutils_commands:/home/xiaofeiyu/桌面/study/RM_Vision_Study/期末考前作业/chapt_ws/src/tf/install/tf/lib/python3.10/site-packages:${PYTHONPATH} /usr/bin/python3 -W ignore:setup.py install is deprecated -W ignore:easy_install command is deprecated setup.py egg_info --egg-base build/tf build --build-base /home/xiaofeiyu/桌面/study/RM_Vision_Study/期末考前作业/chapt_ws/src/tf/build/tf/build install --record /home/xiaofeiyu/桌面/study/RM_Vision_Study/期末考前作业/chapt_ws/src/tf/build/tf/install.log --single-version-externally-managed install_data
[0.585s] running egg_info
[0.585s] writing build/tf/tf.egg-info/PKG-INFO
[0.585s] writing dependency_links to build/tf/tf.egg-info/dependency_links.txt
[0.585s] writing entry points to build/tf/tf.egg-info/entry_points.txt
[0.585s] writing requirements to build/tf/tf.egg-info/requires.txt
[0.585s] writing top-level names to build/tf/tf.egg-info/top_level.txt
[0.586s] reading manifest file 'build/tf/tf.egg-info/SOURCES.txt'
[0.586s] adding license file 'LICENSE'
[0.587s] writing manifest file 'build/tf/tf.egg-info/SOURCES.txt'
[0.587s] running build
[0.587s] running build_py
[0.587s] running install
[0.587s] running install_lib
[0.588s] running install_data
[0.589s] running install_egg_info
[0.590s] removing '/home/xiaofeiyu/桌面/study/RM_Vision_Study/期末考前作业/chapt_ws/src/tf/install/tf/lib/python3.10/site-packages/tf-0.0.0-py3.10.egg-info' (and everything under it)
[0.592s] Copying build/tf/tf.egg-info to /home/xiaofeiyu/桌面/study/RM_Vision_Study/期末考前作业/chapt_ws/src/tf/install/tf/lib/python3.10/site-packages/tf-0.0.0-py3.10.egg-info
[0.593s] running install_scripts
[0.606s] Installing gimbal_to_base script to /home/xiaofeiyu/桌面/study/RM_Vision_Study/期末考前作业/chapt_ws/src/tf/install/tf/lib/tf
[0.606s] Installing tf_broadcaster script to /home/xiaofeiyu/桌面/study/RM_Vision_Study/期末考前作业/chapt_ws/src/tf/install/tf/lib/tf
[0.607s] writing list of installed files to '/home/xiaofeiyu/桌面/study/RM_Vision_Study/期末考前作业/chapt_ws/src/tf/build/tf/install.log'
[0.622s] Invoked command in '/home/xiaofeiyu/桌面/study/RM_Vision_Study/期末考前作业/chapt_ws/src/tf' returned '0': PYTHONPATH=/home/xiaofeiyu/桌面/study/RM_Vision_Study/期末考前作业/chapt_ws/src/tf/build/tf/prefix_override:/usr/lib/python3/dist-packages/colcon_core/task/python/colcon_distutils_commands:/home/xiaofeiyu/桌面/study/RM_Vision_Study/期末考前作业/chapt_ws/src/tf/install/tf/lib/python3.10/site-packages:${PYTHONPATH} /usr/bin/python3 -W ignore:setup.py install is deprecated -W ignore:easy_install command is deprecated setup.py egg_info --egg-base build/tf build --build-base /home/xiaofeiyu/桌面/study/RM_Vision_Study/期末考前作业/chapt_ws/src/tf/build/tf/build install --record /home/xiaofeiyu/桌面/study/RM_Vision_Study/期末考前作业/chapt_ws/src/tf/build/tf/install.log --single-version-externally-managed install_data
