[0.014s] Invoking command in '/home/xiaofeiyu/桌面/chapt_ws/src/mbot_description/build/mbot_description': CMAKE_PREFIX_PATH=${CMAKE_PREFIX_PATH}:/opt/ros/humble /usr/bin/cmake /home/xiaofeiyu/桌面/chapt_ws/src/mbot_description -DCMAKE_INSTALL_PREFIX=/home/xiaofeiyu/桌面/chapt_ws/src/mbot_description/install/mbot_description
[0.097s] -- The C compiler identification is GNU 11.4.0
[0.157s] -- The CXX compiler identification is GNU 11.4.0
[0.163s] -- Detecting C compiler ABI info
[0.231s] -- Detecting C compiler ABI info - done
[0.235s] -- Check for working C compiler: /usr/bin/cc - skipped
[0.235s] -- Detecting C compile features
[0.235s] -- Detecting C compile features - done
[0.237s] -- Detecting CXX compiler ABI info
[0.314s] -- Detecting CXX compiler ABI info - done
[0.316s] -- Check for working CXX compiler: /usr/bin/c++ - skipped
[0.316s] -- Detecting CXX compile features
[0.318s] -- Detecting CXX compile features - done
[0.318s] -- Found ament_cmake: 1.3.11 (/opt/ros/humble/share/ament_cmake/cmake)
[0.435s] -- Found Python3: /usr/bin/python3 (found version "3.10.12") found components: Interpreter 
[0.549s] -- Configuring done
[0.551s] -- Generating done
[0.552s] -- Build files have been written to: /home/xiaofeiyu/桌面/chapt_ws/src/mbot_description/build/mbot_description
[0.556s] Invoked command in '/home/xiaofeiyu/桌面/chapt_ws/src/mbot_description/build/mbot_description' returned '0': CMAKE_PREFIX_PATH=${CMAKE_PREFIX_PATH}:/opt/ros/humble /usr/bin/cmake /home/xiaofeiyu/桌面/chapt_ws/src/mbot_description -DCMAKE_INSTALL_PREFIX=/home/xiaofeiyu/桌面/chapt_ws/src/mbot_description/install/mbot_description
[0.558s] Invoking command in '/home/xiaofeiyu/桌面/chapt_ws/src/mbot_description/build/mbot_description': CMAKE_PREFIX_PATH=${CMAKE_PREFIX_PATH}:/opt/ros/humble /usr/bin/cmake --build /home/xiaofeiyu/桌面/chapt_ws/src/mbot_description/build/mbot_description -- -j4 -l4
[0.589s] Invoked command in '/home/xiaofeiyu/桌面/chapt_ws/src/mbot_description/build/mbot_description' returned '0': CMAKE_PREFIX_PATH=${CMAKE_PREFIX_PATH}:/opt/ros/humble /usr/bin/cmake --build /home/xiaofeiyu/桌面/chapt_ws/src/mbot_description/build/mbot_description -- -j4 -l4
[0.597s] Invoking command in '/home/xiaofeiyu/桌面/chapt_ws/src/mbot_description/build/mbot_description': CMAKE_PREFIX_PATH=${CMAKE_PREFIX_PATH}:/opt/ros/humble /usr/bin/cmake --install /home/xiaofeiyu/桌面/chapt_ws/src/mbot_description/build/mbot_description
[0.603s] -- Install configuration: ""
[0.603s] -- Installing: /home/xiaofeiyu/桌面/chapt_ws/src/mbot_description/install/mbot_description/share/mbot_description/urdf
[0.603s] -- Installing: /home/xiaofeiyu/桌面/chapt_ws/src/mbot_description/install/mbot_description/share/mbot_description/urdf/mbot_base.urdf
[0.604s] -- Installing: /home/xiaofeiyu/桌面/chapt_ws/src/mbot_description/install/mbot_description/share/mbot_description/meshes
[0.604s] -- Installing: /home/xiaofeiyu/桌面/chapt_ws/src/mbot_description/install/mbot_description/share/mbot_description/launch
[0.604s] -- Installing: /home/xiaofeiyu/桌面/chapt_ws/src/mbot_description/install/mbot_description/share/mbot_description/launch/mbot_base.launch.py
[0.604s] -- Installing: /home/xiaofeiyu/桌面/chapt_ws/src/mbot_description/install/mbot_description/share/mbot_description/config
[0.604s] -- Installing: /home/xiaofeiyu/桌面/chapt_ws/src/mbot_description/install/mbot_description/share/ament_index/resource_index/package_run_dependencies/mbot_description
[0.604s] -- Installing: /home/xiaofeiyu/桌面/chapt_ws/src/mbot_description/install/mbot_description/share/ament_index/resource_index/parent_prefix_path/mbot_description
[0.604s] -- Installing: /home/xiaofeiyu/桌面/chapt_ws/src/mbot_description/install/mbot_description/share/mbot_description/environment/ament_prefix_path.sh
[0.604s] -- Installing: /home/xiaofeiyu/桌面/chapt_ws/src/mbot_description/install/mbot_description/share/mbot_description/environment/ament_prefix_path.dsv
[0.604s] -- Installing: /home/xiaofeiyu/桌面/chapt_ws/src/mbot_description/install/mbot_description/share/mbot_description/environment/path.sh
[0.604s] -- Installing: /home/xiaofeiyu/桌面/chapt_ws/src/mbot_description/install/mbot_description/share/mbot_description/environment/path.dsv
[0.604s] -- Installing: /home/xiaofeiyu/桌面/chapt_ws/src/mbot_description/install/mbot_description/share/mbot_description/local_setup.bash
[0.604s] -- Installing: /home/xiaofeiyu/桌面/chapt_ws/src/mbot_description/install/mbot_description/share/mbot_description/local_setup.sh
[0.605s] -- Installing: /home/xiaofeiyu/桌面/chapt_ws/src/mbot_description/install/mbot_description/share/mbot_description/local_setup.zsh
[0.605s] -- Installing: /home/xiaofeiyu/桌面/chapt_ws/src/mbot_description/install/mbot_description/share/mbot_description/local_setup.dsv
[0.605s] -- Installing: /home/xiaofeiyu/桌面/chapt_ws/src/mbot_description/install/mbot_description/share/mbot_description/package.dsv
[0.605s] -- Installing: /home/xiaofeiyu/桌面/chapt_ws/src/mbot_description/install/mbot_description/share/ament_index/resource_index/packages/mbot_description
[0.605s] -- Installing: /home/xiaofeiyu/桌面/chapt_ws/src/mbot_description/install/mbot_description/share/mbot_description/cmake/mbot_descriptionConfig.cmake
[0.605s] -- Installing: /home/xiaofeiyu/桌面/chapt_ws/src/mbot_description/install/mbot_description/share/mbot_description/cmake/mbot_descriptionConfig-version.cmake
[0.605s] -- Installing: /home/xiaofeiyu/桌面/chapt_ws/src/mbot_description/install/mbot_description/share/mbot_description/package.xml
[0.613s] Invoked command in '/home/xiaofeiyu/桌面/chapt_ws/src/mbot_description/build/mbot_description' returned '0': CMAKE_PREFIX_PATH=${CMAKE_PREFIX_PATH}:/opt/ros/humble /usr/bin/cmake --install /home/xiaofeiyu/桌面/chapt_ws/src/mbot_description/build/mbot_description
