-- Found ament_cmake: 1.3.11 (/opt/ros/humble/share/ament_cmake/cmake)
-- Found rclcpp: 16.0.12 (/opt/ros/humble/share/rclcpp/cmake)
-- Found rosidl_generator_c: 3.1.6 (/opt/ros/humble/share/rosidl_generator_c/cmake)
-- Found rosidl_adapter: 3.1.6 (/opt/ros/humble/share/rosidl_adapter/cmake)
-- Found rosidl_generator_cpp: 3.1.6 (/opt/ros/humble/share/rosidl_generator_cpp/cmake)
-- Using all available rosidl_typesupport_c: rosidl_typesupport_fastrtps_c;rosidl_typesupport_introspection_c
-- Using all available rosidl_typesupport_cpp: rosidl_typesupport_fastrtps_cpp;rosidl_typesupport_introspection_cpp
-- Found rmw_implementation_cmake: 6.1.2 (/opt/ros/humble/share/rmw_implementation_cmake/cmake)
-- Found rmw_fastrtps_cpp: 6.2.7 (/opt/ros/humble/share/rmw_fastrtps_cpp/cmake)
-- Using RMW implementation 'rmw_fastrtps_cpp' as default
-- Found serial_driver: 1.2.0 (/opt/ros/humble/share/serial_driver/cmake)
-- Found asio_cmake_module: 1.2.0 (/opt/ros/humble/share/asio_cmake_module/cmake)
-- Configuring done
-- Generating done
-- Build files have been written to: /home/xiaofeiyu/桌面/study/第1-2周作业/src/nodes/build/nodes
[35m[1mConsolidate compiler generated dependencies of target serial_node[0m
[35m[1mConsolidate compiler generated dependencies of target publisher_node[0m
[ 25%] [32mBuilding CXX object CMakeFiles/serial_node.dir/src/serial_node.cpp.o[0m
[ 75%] Built target publisher_node
[01m[K/home/xiaofeiyu/桌面/study/第1-2周作业/src/nodes/src/serial_node.cpp:[m[K In constructor ‘[01m[KSerialNode::SerialNode()[m[K’:
[01m[K/home/xiaofeiyu/桌面/study/第1-2周作业/src/nodes/src/serial_node.cpp:112:27:[m[K [01;31m[Kerror: [m[K‘[01m[Kstring[m[K’ was not declared in this scope
  112 |         declare_parameter<[01;31m[Kstring[m[K>("device_name","/dev/pts/2")
      |                           [01;31m[K^~~~~~[m[K
[01m[K/home/xiaofeiyu/桌面/study/第1-2周作业/src/nodes/src/serial_node.cpp:112:27:[m[K [01;36m[Knote: [m[Ksuggested alternatives:
In file included from [01m[K/usr/include/c++/11/string:39[m[K,
                 from [01m[K/home/xiaofeiyu/桌面/study/第1-2周作业/src/nodes/src/serial_node.cpp:1[m[K:
[01m[K/usr/include/c++/11/bits/stringfwd.h:79:33:[m[K [01;36m[Knote: [m[K  ‘[01m[Kstd::string[m[K’
   79 |   typedef basic_string<char>    [01;36m[Kstring[m[K;
      |                                 [01;36m[K^~~~~~[m[K
In file included from [01m[K/home/xiaofeiyu/桌面/study/第1-2周作业/src/nodes/src/serial_node.cpp:1[m[K:
[01m[K/usr/include/c++/11/string:67:11:[m[K [01;36m[Knote: [m[K  ‘[01m[Kstd::pmr::string[m[K’
   67 |     using [01;36m[Kstring[m[K    = basic_string<char>;
      |           [01;36m[K^~~~~~[m[K
[01m[K/home/xiaofeiyu/桌面/study/第1-2周作业/src/nodes/src/serial_node.cpp:112:34:[m[K [01;31m[Kerror: [m[Kno matching function for call to ‘[01m[KSerialNode::declare_parameter<<expression error> >(const char [12], const char [11])[m[K’
  112 |         [01;31m[Kdeclare_parameter<string>("device_name","/dev/pts/2")[m[K
      |         [01;31m[K~~~~~~~~~~~~~~~~~~~~~~~~~^~~~~~~~~~~~~~~~~~~~~~~~~~~~[m[K
In file included from [01m[K/opt/ros/humble/include/rclcpp/rclcpp/executors/single_threaded_executor.hpp:28[m[K,
                 from [01m[K/opt/ros/humble/include/rclcpp/rclcpp/executors.hpp:22[m[K,
                 from [01m[K/opt/ros/humble/include/rclcpp/rclcpp/rclcpp.hpp:155[m[K,
                 from [01m[K/home/xiaofeiyu/桌面/study/第1-2周作业/src/nodes/src/serial_node.cpp:3[m[K:
[01m[K/opt/ros/humble/include/rclcpp/rclcpp/node.hpp:421:3:[m[K [01;36m[Knote: [m[Kcandidate: ‘[01m[Ktemplate<class ParameterT> auto rclcpp::Node::declare_parameter(const string&, const ParameterT&, const ParameterDescriptor&, bool)[m[K’
  421 |   [01;36m[Kdeclare_parameter[m[K(
      |   [01;36m[K^~~~~~~~~~~~~~~~~[m[K
[01m[K/opt/ros/humble/include/rclcpp/rclcpp/node.hpp:421:3:[m[K [01;36m[Knote: [m[K  template argument deduction/substitution failed:
[01m[K/home/xiaofeiyu/桌面/study/第1-2周作业/src/nodes/src/serial_node.cpp:112:34:[m[K [01;31m[Kerror: [m[Ktemplate argument 1 is invalid
  112 |         [01;31m[Kdeclare_parameter<string>("device_name","/dev/pts/2")[m[K
      |         [01;31m[K~~~~~~~~~~~~~~~~~~~~~~~~~^~~~~~~~~~~~~~~~~~~~~~~~~~~~[m[K
In file included from [01m[K/opt/ros/humble/include/rclcpp/rclcpp/executors/single_threaded_executor.hpp:28[m[K,
                 from [01m[K/opt/ros/humble/include/rclcpp/rclcpp/executors.hpp:22[m[K,
                 from [01m[K/opt/ros/humble/include/rclcpp/rclcpp/rclcpp.hpp:155[m[K,
                 from [01m[K/home/xiaofeiyu/桌面/study/第1-2周作业/src/nodes/src/serial_node.cpp:3[m[K:
[01m[K/opt/ros/humble/include/rclcpp/rclcpp/node.hpp:434:3:[m[K [01;36m[Knote: [m[Kcandidate: ‘[01m[Ktemplate<class ParameterT> auto rclcpp::Node::declare_parameter(const string&, const ParameterDescriptor&, bool)[m[K’
  434 |   [01;36m[Kdeclare_parameter[m[K(
      |   [01;36m[K^~~~~~~~~~~~~~~~~[m[K
[01m[K/opt/ros/humble/include/rclcpp/rclcpp/node.hpp:434:3:[m[K [01;36m[Knote: [m[K  template argument deduction/substitution failed:
[01m[K/home/xiaofeiyu/桌面/study/第1-2周作业/src/nodes/src/serial_node.cpp:112:34:[m[K [01;31m[Kerror: [m[Ktemplate argument 1 is invalid
  112 |         [01;31m[Kdeclare_parameter<string>("device_name","/dev/pts/2")[m[K
      |         [01;31m[K~~~~~~~~~~~~~~~~~~~~~~~~~^~~~~~~~~~~~~~~~~~~~~~~~~~~~[m[K
[01m[K/home/xiaofeiyu/桌面/study/第1-2周作业/src/nodes/src/serial_node.cpp:118:37:[m[K [01;31m[Kerror: [m[K‘[01m[Kdevice_name[m[K’ was not declared in this scope
  118 |         get_parameter("device_name",[01;31m[Kdevice_name[m[K);
      |                                     [01;31m[K^~~~~~~~~~~[m[K
gmake[2]: *** [CMakeFiles/serial_node.dir/build.make:76：CMakeFiles/serial_node.dir/src/serial_node.cpp.o] 错误 1
gmake[1]: *** [CMakeFiles/Makefile2:139：CMakeFiles/serial_node.dir/all] 错误 2
gmake: *** [Makefile:146：all] 错误 2
