[0.011s] Invoking command in '/home/xiaofeiyu/æ¡Œé¢/å­¦ä¹ /1-2weeks/src/build/Publisher2Listener': CMAKE_PREFIX_PATH=/opt/ros/humble /usr/bin/cmake --build /home/xiaofeiyu/æ¡Œé¢/å­¦ä¹ /1-2weeks/src/build/Publisher2Listener -- -j4 -l4
[0.049s] [35m[1mConsolidate compiler generated dependencies of target listener_node[0m
[0.049s] [35m[1mConsolidate compiler generated dependencies of target publisher_node[0m
[0.066s] [ 50%] Built target listener_node
[0.070s] [100%] Built target publisher_node
[0.079s] Invoked command in '/home/xiaofeiyu/æ¡Œé¢/å­¦ä¹ /1-2weeks/src/build/Publisher2Listener' returned '0': CMAKE_PREFIX_PATH=/opt/ros/humble /usr/bin/cmake --build /home/xiaofeiyu/æ¡Œé¢/å­¦ä¹ /1-2weeks/src/build/Publisher2Listener -- -j4 -l4
[0.086s] Invoking command in '/home/xiaofeiyu/æ¡Œé¢/å­¦ä¹ /1-2weeks/src/build/Publisher2Listener': CMAKE_PREFIX_PATH=/opt/ros/humble /usr/bin/cmake --install /home/xiaofeiyu/æ¡Œé¢/å­¦ä¹ /1-2weeks/src/build/Publisher2Listener
[0.093s] -- Install configuration: ""
[0.093s] -- Up-to-date: /home/xiaofeiyu/æ¡Œé¢/å­¦ä¹ /1-2weeks/src/install/Publisher2Listener/lib/Publisher2Listener/publisher_node
[0.093s] -- Up-to-date: /home/xiaofeiyu/æ¡Œé¢/å­¦ä¹ /1-2weeks/src/install/Publisher2Listener/lib/Publisher2Listener/listener_node
[0.093s] -- Up-to-date: /home/xiaofeiyu/æ¡Œé¢/å­¦ä¹ /1-2weeks/src/install/Publisher2Listener/share/ament_index/resource_index/package_run_dependencies/Publisher2Listener
[0.093s] -- Up-to-date: /home/xiaofeiyu/æ¡Œé¢/å­¦ä¹ /1-2weeks/src/install/Publisher2Listener/share/ament_index/resource_index/parent_prefix_path/Publisher2Listener
[0.093s] -- Up-to-date: /home/xiaofeiyu/æ¡Œé¢/å­¦ä¹ /1-2weeks/src/install/Publisher2Listener/share/Publisher2Listener/environment/ament_prefix_path.sh
[0.093s] -- Up-to-date: /home/xiaofeiyu/æ¡Œé¢/å­¦ä¹ /1-2weeks/src/install/Publisher2Listener/share/Publisher2Listener/environment/ament_prefix_path.dsv
[0.093s] -- Up-to-date: /home/xiaofeiyu/æ¡Œé¢/å­¦ä¹ /1-2weeks/src/install/Publisher2Listener/share/Publisher2Listener/environment/path.sh
[0.093s] -- Up-to-date: /home/xiaofeiyu/æ¡Œé¢/å­¦ä¹ /1-2weeks/src/install/Publisher2Listener/share/Publisher2Listener/environment/path.dsv
[0.093s] -- Up-to-date: /home/xiaofeiyu/æ¡Œé¢/å­¦ä¹ /1-2weeks/src/install/Publisher2Listener/share/Publisher2Listener/local_setup.bash
[0.093s] -- Up-to-date: /home/xiaofeiyu/æ¡Œé¢/å­¦ä¹ /1-2weeks/src/install/Publisher2Listener/share/Publisher2Listener/local_setup.sh
[0.093s] -- Up-to-date: /home/xiaofeiyu/æ¡Œé¢/å­¦ä¹ /1-2weeks/src/install/Publisher2Listener/share/Publisher2Listener/local_setup.zsh
[0.093s] -- Up-to-date: /home/xiaofeiyu/æ¡Œé¢/å­¦ä¹ /1-2weeks/src/install/Publisher2Listener/share/Publisher2Listener/local_setup.dsv
[0.094s] -- Installing: /home/xiaofeiyu/æ¡Œé¢/å­¦ä¹ /1-2weeks/src/install/Publisher2Listener/share/Publisher2Listener/package.dsv
[0.094s] -- Up-to-date: /home/xiaofeiyu/æ¡Œé¢/å­¦ä¹ /1-2weeks/src/install/Publisher2Listener/share/ament_index/resource_index/packages/Publisher2Listener
[0.094s] -- Up-to-date: /home/xiaofeiyu/æ¡Œé¢/å­¦ä¹ /1-2weeks/src/install/Publisher2Listener/share/Publisher2Listener/cmake/Publisher2ListenerConfig.cmake
[0.094s] -- Up-to-date: /home/xiaofeiyu/æ¡Œé¢/å­¦ä¹ /1-2weeks/src/install/Publisher2Listener/share/Publisher2Listener/cmake/Publisher2ListenerConfig-version.cmake
[0.094s] -- Up-to-date: /home/xiaofeiyu/æ¡Œé¢/å­¦ä¹ /1-2weeks/src/install/Publisher2Listener/share/Publisher2Listener/package.xml
[0.095s] Invoked command in '/home/xiaofeiyu/æ¡Œé¢/å­¦ä¹ /1-2weeks/src/build/Publisher2Listener' returned '0': CMAKE_PREFIX_PATH=/opt/ros/humble /usr/bin/cmake --install /home/xiaofeiyu/æ¡Œé¢/å­¦ä¹ /1-2weeks/src/build/Publisher2Listener
