[0.473s] Invoking command in '/home/xiaofeiyu/桌面/study/RM_Vision_Study/期末考前作业/chapt_ws/src/tf': PYTHONPATH=/home/xiaofeiyu/桌面/study/RM_Vision_Study/期末考前作业/chapt_ws/src/tf/build/tf/prefix_override:/usr/lib/python3/dist-packages/colcon_core/task/python/colcon_distutils_commands:/home/xiaofeiyu/桌面/study/RM_Vision_Study/期末考前作业/chapt_ws/src/tf/install/tf/lib/python3.10/site-packages:${PYTHONPATH} /usr/bin/python3 -W ignore:setup.py install is deprecated -W ignore:easy_install command is deprecated setup.py egg_info --egg-base build/tf build --build-base /home/xiaofeiyu/桌面/study/RM_Vision_Study/期末考前作业/chapt_ws/src/tf/build/tf/build install --record /home/xiaofeiyu/桌面/study/RM_Vision_Study/期末考前作业/chapt_ws/src/tf/build/tf/install.log --single-version-externally-managed install_data
[0.643s] running egg_info
[0.644s] writing build/tf/tf.egg-info/PKG-INFO
[0.644s] writing dependency_links to build/tf/tf.egg-info/dependency_links.txt
[0.644s] writing entry points to build/tf/tf.egg-info/entry_points.txt
[0.644s] writing requirements to build/tf/tf.egg-info/requires.txt
[0.644s] writing top-level names to build/tf/tf.egg-info/top_level.txt
[0.645s] reading manifest file 'build/tf/tf.egg-info/SOURCES.txt'
[0.646s] adding license file 'LICENSE'
[0.646s] writing manifest file 'build/tf/tf.egg-info/SOURCES.txt'
[0.647s] running build
[0.647s] running build_py
[0.647s] running install
[0.647s] running install_lib
[0.648s] running install_data
[0.649s] running install_egg_info
[0.650s] removing '/home/xiaofeiyu/桌面/study/RM_Vision_Study/期末考前作业/chapt_ws/src/tf/install/tf/lib/python3.10/site-packages/tf-0.0.0-py3.10.egg-info' (and everything under it)
[0.653s] Copying build/tf/tf.egg-info to /home/xiaofeiyu/桌面/study/RM_Vision_Study/期末考前作业/chapt_ws/src/tf/install/tf/lib/python3.10/site-packages/tf-0.0.0-py3.10.egg-info
[0.654s] running install_scripts
[0.668s] Installing gimbal_to_base script to /home/xiaofeiyu/桌面/study/RM_Vision_Study/期末考前作业/chapt_ws/src/tf/install/tf/lib/tf
[0.669s] Installing tf_broadcaster script to /home/xiaofeiyu/桌面/study/RM_Vision_Study/期末考前作业/chapt_ws/src/tf/install/tf/lib/tf
[0.669s] writing list of installed files to '/home/xiaofeiyu/桌面/study/RM_Vision_Study/期末考前作业/chapt_ws/src/tf/build/tf/install.log'
[0.683s] Invoked command in '/home/xiaofeiyu/桌面/study/RM_Vision_Study/期末考前作业/chapt_ws/src/tf' returned '0': PYTHONPATH=/home/xiaofeiyu/桌面/study/RM_Vision_Study/期末考前作业/chapt_ws/src/tf/build/tf/prefix_override:/usr/lib/python3/dist-packages/colcon_core/task/python/colcon_distutils_commands:/home/xiaofeiyu/桌面/study/RM_Vision_Study/期末考前作业/chapt_ws/src/tf/install/tf/lib/python3.10/site-packages:${PYTHONPATH} /usr/bin/python3 -W ignore:setup.py install is deprecated -W ignore:easy_install command is deprecated setup.py egg_info --egg-base build/tf build --build-base /home/xiaofeiyu/桌面/study/RM_Vision_Study/期末考前作业/chapt_ws/src/tf/build/tf/build install --record /home/xiaofeiyu/桌面/study/RM_Vision_Study/期末考前作业/chapt_ws/src/tf/build/tf/install.log --single-version-externally-managed install_data
