running egg_info
writing build/tf/tf.egg-info/PKG-INFO
writing dependency_links to build/tf/tf.egg-info/dependency_links.txt
writing entry points to build/tf/tf.egg-info/entry_points.txt
writing requirements to build/tf/tf.egg-info/requires.txt
writing top-level names to build/tf/tf.egg-info/top_level.txt
reading manifest file 'build/tf/tf.egg-info/SOURCES.txt'
adding license file 'LICENSE'
writing manifest file 'build/tf/tf.egg-info/SOURCES.txt'
running build
running build_py
creating /home/xiaofeiyu/桌面/chapt_ws/src/tf/build/tf/build
creating /home/xiaofeiyu/桌面/chapt_ws/src/tf/build/tf/build/lib
creating /home/xiaofeiyu/桌面/chapt_ws/src/tf/build/tf/build/lib/tf
copying tf/tf_broadcaster.py -> /home/xiaofeiyu/桌面/chapt_ws/src/tf/build/tf/build/lib/tf
copying tf/gimbal_to_base.py -> /home/xiaofeiyu/桌面/chapt_ws/src/tf/build/tf/build/lib/tf
copying tf/__init__.py -> /home/xiaofeiyu/桌面/chapt_ws/src/tf/build/tf/build/lib/tf
running install
running install_lib
creating /home/xiaofeiyu/桌面/chapt_ws/src/tf/install/tf/lib/python3.10/site-packages/tf
copying /home/xiaofeiyu/桌面/chapt_ws/src/tf/build/tf/build/lib/tf/tf_broadcaster.py -> /home/xiaofeiyu/桌面/chapt_ws/src/tf/install/tf/lib/python3.10/site-packages/tf
copying /home/xiaofeiyu/桌面/chapt_ws/src/tf/build/tf/build/lib/tf/gimbal_to_base.py -> /home/xiaofeiyu/桌面/chapt_ws/src/tf/install/tf/lib/python3.10/site-packages/tf
copying /home/xiaofeiyu/桌面/chapt_ws/src/tf/build/tf/build/lib/tf/__init__.py -> /home/xiaofeiyu/桌面/chapt_ws/src/tf/install/tf/lib/python3.10/site-packages/tf
byte-compiling /home/xiaofeiyu/桌面/chapt_ws/src/tf/install/tf/lib/python3.10/site-packages/tf/tf_broadcaster.py to tf_broadcaster.cpython-310.pyc
byte-compiling /home/xiaofeiyu/桌面/chapt_ws/src/tf/install/tf/lib/python3.10/site-packages/tf/gimbal_to_base.py to gimbal_to_base.cpython-310.pyc
byte-compiling /home/xiaofeiyu/桌面/chapt_ws/src/tf/install/tf/lib/python3.10/site-packages/tf/__init__.py to __init__.cpython-310.pyc
running install_data
running install_egg_info
removing '/home/xiaofeiyu/桌面/chapt_ws/src/tf/install/tf/lib/python3.10/site-packages/tf-0.0.0-py3.10.egg-info' (and everything under it)
Copying build/tf/tf.egg-info to /home/xiaofeiyu/桌面/chapt_ws/src/tf/install/tf/lib/python3.10/site-packages/tf-0.0.0-py3.10.egg-info
running install_scripts
Installing gimbal_to_base script to /home/xiaofeiyu/桌面/chapt_ws/src/tf/install/tf/lib/tf
Installing tf_broadcaster script to /home/xiaofeiyu/桌面/chapt_ws/src/tf/install/tf/lib/tf
writing list of installed files to '/home/xiaofeiyu/桌面/chapt_ws/src/tf/build/tf/install.log'
