[0.444s] Invoking command in '/home/xiaofeiyu/桌面/chapt_ws/src/tf': PYTHONPATH=/home/xiaofeiyu/桌面/chapt_ws/src/tf/build/tf/prefix_override:/usr/lib/python3/dist-packages/colcon_core/task/python/colcon_distutils_commands:/home/xiaofeiyu/桌面/chapt_ws/src/tf/install/tf/lib/python3.10/site-packages:${PYTHONPATH} /usr/bin/python3 -W ignore:setup.py install is deprecated -W ignore:easy_install command is deprecated setup.py egg_info --egg-base build/tf build --build-base /home/xiaofeiyu/桌面/chapt_ws/src/tf/build/tf/build install --record /home/xiaofeiyu/桌面/chapt_ws/src/tf/build/tf/install.log --single-version-externally-managed install_data
[0.620s] running egg_info
[0.620s] writing build/tf/tf.egg-info/PKG-INFO
[0.621s] writing dependency_links to build/tf/tf.egg-info/dependency_links.txt
[0.621s] writing entry points to build/tf/tf.egg-info/entry_points.txt
[0.621s] writing requirements to build/tf/tf.egg-info/requires.txt
[0.622s] writing top-level names to build/tf/tf.egg-info/top_level.txt
[0.622s] reading manifest file 'build/tf/tf.egg-info/SOURCES.txt'
[0.623s] adding license file 'LICENSE'
[0.626s] writing manifest file 'build/tf/tf.egg-info/SOURCES.txt'
[0.626s] running build
[0.626s] running build_py
[0.626s] creating /home/xiaofeiyu/桌面/chapt_ws/src/tf/build/tf/build
[0.626s] creating /home/xiaofeiyu/桌面/chapt_ws/src/tf/build/tf/build/lib
[0.626s] creating /home/xiaofeiyu/桌面/chapt_ws/src/tf/build/tf/build/lib/tf
[0.626s] copying tf/tf_broadcaster.py -> /home/xiaofeiyu/桌面/chapt_ws/src/tf/build/tf/build/lib/tf
[0.626s] copying tf/gimbal_to_base.py -> /home/xiaofeiyu/桌面/chapt_ws/src/tf/build/tf/build/lib/tf
[0.627s] copying tf/__init__.py -> /home/xiaofeiyu/桌面/chapt_ws/src/tf/build/tf/build/lib/tf
[0.627s] running install
[0.627s] running install_lib
[0.627s] creating /home/xiaofeiyu/桌面/chapt_ws/src/tf/install/tf/lib/python3.10/site-packages/tf
[0.627s] copying /home/xiaofeiyu/桌面/chapt_ws/src/tf/build/tf/build/lib/tf/tf_broadcaster.py -> /home/xiaofeiyu/桌面/chapt_ws/src/tf/install/tf/lib/python3.10/site-packages/tf
[0.627s] copying /home/xiaofeiyu/桌面/chapt_ws/src/tf/build/tf/build/lib/tf/gimbal_to_base.py -> /home/xiaofeiyu/桌面/chapt_ws/src/tf/install/tf/lib/python3.10/site-packages/tf
[0.627s] copying /home/xiaofeiyu/桌面/chapt_ws/src/tf/build/tf/build/lib/tf/__init__.py -> /home/xiaofeiyu/桌面/chapt_ws/src/tf/install/tf/lib/python3.10/site-packages/tf
[0.628s] byte-compiling /home/xiaofeiyu/桌面/chapt_ws/src/tf/install/tf/lib/python3.10/site-packages/tf/tf_broadcaster.py to tf_broadcaster.cpython-310.pyc
[0.629s] byte-compiling /home/xiaofeiyu/桌面/chapt_ws/src/tf/install/tf/lib/python3.10/site-packages/tf/gimbal_to_base.py to gimbal_to_base.cpython-310.pyc
[0.629s] byte-compiling /home/xiaofeiyu/桌面/chapt_ws/src/tf/install/tf/lib/python3.10/site-packages/tf/__init__.py to __init__.cpython-310.pyc
[0.629s] running install_data
[0.629s] running install_egg_info
[0.630s] removing '/home/xiaofeiyu/桌面/chapt_ws/src/tf/install/tf/lib/python3.10/site-packages/tf-0.0.0-py3.10.egg-info' (and everything under it)
[0.630s] Copying build/tf/tf.egg-info to /home/xiaofeiyu/桌面/chapt_ws/src/tf/install/tf/lib/python3.10/site-packages/tf-0.0.0-py3.10.egg-info
[0.630s] running install_scripts
[0.645s] Installing gimbal_to_base script to /home/xiaofeiyu/桌面/chapt_ws/src/tf/install/tf/lib/tf
[0.646s] Installing tf_broadcaster script to /home/xiaofeiyu/桌面/chapt_ws/src/tf/install/tf/lib/tf
[0.646s] writing list of installed files to '/home/xiaofeiyu/桌面/chapt_ws/src/tf/build/tf/install.log'
[0.660s] Invoked command in '/home/xiaofeiyu/桌面/chapt_ws/src/tf' returned '0': PYTHONPATH=/home/xiaofeiyu/桌面/chapt_ws/src/tf/build/tf/prefix_override:/usr/lib/python3/dist-packages/colcon_core/task/python/colcon_distutils_commands:/home/xiaofeiyu/桌面/chapt_ws/src/tf/install/tf/lib/python3.10/site-packages:${PYTHONPATH} /usr/bin/python3 -W ignore:setup.py install is deprecated -W ignore:easy_install command is deprecated setup.py egg_info --egg-base build/tf build --build-base /home/xiaofeiyu/桌面/chapt_ws/src/tf/build/tf/build install --record /home/xiaofeiyu/桌面/chapt_ws/src/tf/build/tf/install.log --single-version-externally-managed install_data
