[0.099s] DEBUG:colcon:Command line arguments: ['/usr/bin/colcon', 'build']
[0.099s] DEBUG:colcon:Parsed command line arguments: Namespace(log_base=None, log_level=None, verb_name='build', build_base='build', install_base='install', merge_install=False, symlink_install=False, test_result_base=None, continue_on_error=False, executor='parallel', parallel_workers=4, event_handlers=None, ignore_user_meta=False, metas=['./colcon.meta'], base_paths=['.'], packages_ignore=None, packages_ignore_regex=None, paths=None, packages_up_to=None, packages_up_to_regex=None, packages_above=None, packages_above_and_dependencies=None, packages_above_depth=None, packages_select_by_dep=None, packages_skip_by_dep=None, packages_skip_up_to=None, packages_select_build_failed=False, packages_skip_build_finished=False, packages_select_test_failures=False, packages_skip_test_passed=False, packages_select=None, packages_skip=None, packages_select_regex=None, packages_skip_regex=None, packages_start=None, packages_end=None, allow_overriding=[], cmake_args=None, cmake_target=None, cmake_target_skip_unavailable=False, cmake_clean_cache=False, cmake_clean_first=False, cmake_force_configure=False, ament_cmake_args=None, catkin_cmake_args=None, catkin_skip_building_tests=False, verb_parser=<colcon_defaults.argument_parser.defaults.DefaultArgumentsDecorator object at 0x7416f1827670>, verb_extension=<colcon_core.verb.build.BuildVerb object at 0x7416f1827160>, main=<bound method BuildVerb.main of <colcon_core.verb.build.BuildVerb object at 0x7416f1827160>>)
[0.239s] Level 1:colcon.colcon_core.package_discovery:discover_packages(colcon_meta) check parameters
[0.240s] Level 1:colcon.colcon_core.package_discovery:discover_packages(recursive) check parameters
[0.240s] Level 1:colcon.colcon_core.package_discovery:discover_packages(ignore) check parameters
[0.240s] Level 1:colcon.colcon_core.package_discovery:discover_packages(path) check parameters
[0.240s] Level 1:colcon.colcon_core.package_discovery:discover_packages(colcon_meta) discover
[0.240s] Level 1:colcon.colcon_core.package_discovery:discover_packages(recursive) discover
[0.240s] INFO:colcon.colcon_core.package_discovery:Crawling recursively for packages in '/home/xiaofeiyu/桌面/study/第1-2周作业/src/nodes'
[0.240s] Level 1:colcon.colcon_core.package_identification:_identify(.) by extensions ['ignore', 'ignore_ament_install']
[0.240s] Level 1:colcon.colcon_core.package_identification:_identify(.) by extension 'ignore'
[0.240s] Level 1:colcon.colcon_core.package_identification:_identify(.) by extension 'ignore_ament_install'
[0.240s] Level 1:colcon.colcon_core.package_identification:_identify(.) by extensions ['colcon_pkg']
[0.240s] Level 1:colcon.colcon_core.package_identification:_identify(.) by extension 'colcon_pkg'
[0.240s] Level 1:colcon.colcon_core.package_identification:_identify(.) by extensions ['colcon_meta']
[0.240s] Level 1:colcon.colcon_core.package_identification:_identify(.) by extension 'colcon_meta'
[0.240s] Level 1:colcon.colcon_core.package_identification:_identify(.) by extensions ['ros']
[0.240s] Level 1:colcon.colcon_core.package_identification:_identify(.) by extension 'ros'
[0.250s] DEBUG:colcon.colcon_core.package_identification:Package '.' with type 'ros.ament_cmake' and name 'nodes'
[0.250s] Level 1:colcon.colcon_core.package_discovery:discover_packages(recursive) using defaults
[0.250s] Level 1:colcon.colcon_core.package_discovery:discover_packages(ignore) discover
[0.251s] Level 1:colcon.colcon_core.package_discovery:discover_packages(ignore) using defaults
[0.251s] Level 1:colcon.colcon_core.package_discovery:discover_packages(path) discover
[0.251s] Level 1:colcon.colcon_core.package_discovery:discover_packages(path) using defaults
[0.264s] Level 1:colcon.colcon_core.package_discovery:discover_packages(prefix_path) check parameters
[0.266s] Level 1:colcon.colcon_core.package_discovery:discover_packages(prefix_path) discover
[0.268s] DEBUG:colcon.colcon_installed_package_information.package_discovery:Found 275 installed packages in /opt/ros/humble
[0.270s] Level 1:colcon.colcon_core.package_discovery:discover_packages(prefix_path) using defaults
[0.305s] Level 5:colcon.colcon_core.verb:set package 'nodes' build argument 'cmake_args' from command line to 'None'
[0.305s] Level 5:colcon.colcon_core.verb:set package 'nodes' build argument 'cmake_target' from command line to 'None'
[0.305s] Level 5:colcon.colcon_core.verb:set package 'nodes' build argument 'cmake_target_skip_unavailable' from command line to 'False'
[0.305s] Level 5:colcon.colcon_core.verb:set package 'nodes' build argument 'cmake_clean_cache' from command line to 'False'
[0.305s] Level 5:colcon.colcon_core.verb:set package 'nodes' build argument 'cmake_clean_first' from command line to 'False'
[0.305s] Level 5:colcon.colcon_core.verb:set package 'nodes' build argument 'cmake_force_configure' from command line to 'False'
[0.305s] Level 5:colcon.colcon_core.verb:set package 'nodes' build argument 'ament_cmake_args' from command line to 'None'
[0.305s] Level 5:colcon.colcon_core.verb:set package 'nodes' build argument 'catkin_cmake_args' from command line to 'None'
[0.305s] Level 5:colcon.colcon_core.verb:set package 'nodes' build argument 'catkin_skip_building_tests' from command line to 'False'
[0.305s] DEBUG:colcon.colcon_core.verb:Building package 'nodes' with the following arguments: {'ament_cmake_args': None, 'build_base': '/home/xiaofeiyu/桌面/study/第1-2周作业/src/nodes/build/nodes', 'catkin_cmake_args': None, 'catkin_skip_building_tests': False, 'cmake_args': None, 'cmake_clean_cache': False, 'cmake_clean_first': False, 'cmake_force_configure': False, 'cmake_target': None, 'cmake_target_skip_unavailable': False, 'install_base': '/home/xiaofeiyu/桌面/study/第1-2周作业/src/nodes/install/nodes', 'merge_install': False, 'path': '/home/xiaofeiyu/桌面/study/第1-2周作业/src/nodes', 'symlink_install': False, 'test_result_base': None}
[0.305s] INFO:colcon.colcon_core.executor:Executing jobs using 'parallel' executor
[0.306s] DEBUG:colcon.colcon_parallel_executor.executor.parallel:run_until_complete
[0.307s] INFO:colcon.colcon_ros.task.ament_cmake.build:Building ROS package in '/home/xiaofeiyu/桌面/study/第1-2周作业/src/nodes' with build type 'ament_cmake'
[0.307s] INFO:colcon.colcon_cmake.task.cmake.build:Building CMake package in '/home/xiaofeiyu/桌面/study/第1-2周作业/src/nodes'
[0.308s] INFO:colcon.colcon_core.plugin_system:Skipping extension 'colcon_core.shell.bat': Not used on non-Windows systems
[0.308s] INFO:colcon.colcon_core.shell:Skip shell extension 'powershell' for command environment: Not usable outside of PowerShell
[0.308s] DEBUG:colcon.colcon_core.shell:Skip shell extension 'dsv' for command environment
[0.320s] DEBUG:colcon.colcon_core.event_handler.log_command:Invoking command in '/home/xiaofeiyu/桌面/study/第1-2周作业/src/nodes/build/nodes': CMAKE_PREFIX_PATH=/opt/ros/humble /usr/bin/cmake --build /home/xiaofeiyu/桌面/study/第1-2周作业/src/nodes/build/nodes -- -j4 -l4
[7.880s] DEBUG:colcon.colcon_core.event_handler.log_command:Invoked command in '/home/xiaofeiyu/桌面/study/第1-2周作业/src/nodes/build/nodes' returned '0': CMAKE_PREFIX_PATH=/opt/ros/humble /usr/bin/cmake --build /home/xiaofeiyu/桌面/study/第1-2周作业/src/nodes/build/nodes -- -j4 -l4
[7.889s] DEBUG:colcon.colcon_core.event_handler.log_command:Invoking command in '/home/xiaofeiyu/桌面/study/第1-2周作业/src/nodes/build/nodes': CMAKE_PREFIX_PATH=/opt/ros/humble /usr/bin/cmake --install /home/xiaofeiyu/桌面/study/第1-2周作业/src/nodes/build/nodes
[7.909s] Level 1:colcon.colcon_core.environment:create_environment_scripts_only(nodes)
[7.910s] DEBUG:colcon.colcon_core.event_handler.log_command:Invoked command in '/home/xiaofeiyu/桌面/study/第1-2周作业/src/nodes/build/nodes' returned '0': CMAKE_PREFIX_PATH=/opt/ros/humble /usr/bin/cmake --install /home/xiaofeiyu/桌面/study/第1-2周作业/src/nodes/build/nodes
[7.911s] Level 1:colcon.colcon_core.environment:checking '/home/xiaofeiyu/桌面/study/第1-2周作业/src/nodes/install/nodes' for CMake module files
[7.912s] Level 1:colcon.colcon_core.environment:checking '/home/xiaofeiyu/桌面/study/第1-2周作业/src/nodes/install/nodes' for CMake config files
[7.912s] Level 1:colcon.colcon_core.shell:create_environment_hook('nodes', 'cmake_prefix_path')
[7.912s] INFO:colcon.colcon_core.shell:Creating environment hook '/home/xiaofeiyu/桌面/study/第1-2周作业/src/nodes/install/nodes/share/nodes/hook/cmake_prefix_path.ps1'
[7.913s] INFO:colcon.colcon_core.shell:Creating environment descriptor '/home/xiaofeiyu/桌面/study/第1-2周作业/src/nodes/install/nodes/share/nodes/hook/cmake_prefix_path.dsv'
[7.913s] INFO:colcon.colcon_core.shell:Creating environment hook '/home/xiaofeiyu/桌面/study/第1-2周作业/src/nodes/install/nodes/share/nodes/hook/cmake_prefix_path.sh'
[7.914s] Level 1:colcon.colcon_core.environment:checking '/home/xiaofeiyu/桌面/study/第1-2周作业/src/nodes/install/nodes/lib'
[7.914s] Level 1:colcon.colcon_core.environment:checking '/home/xiaofeiyu/桌面/study/第1-2周作业/src/nodes/install/nodes/bin'
[7.914s] Level 1:colcon.colcon_core.environment:checking '/home/xiaofeiyu/桌面/study/第1-2周作业/src/nodes/install/nodes/lib/pkgconfig/nodes.pc'
[7.915s] Level 1:colcon.colcon_core.environment:checking '/home/xiaofeiyu/桌面/study/第1-2周作业/src/nodes/install/nodes/lib/python3.10/site-packages'
[7.915s] Level 1:colcon.colcon_core.environment:checking '/home/xiaofeiyu/桌面/study/第1-2周作业/src/nodes/install/nodes/bin'
[7.915s] INFO:colcon.colcon_core.shell:Creating package script '/home/xiaofeiyu/桌面/study/第1-2周作业/src/nodes/install/nodes/share/nodes/package.ps1'
[7.916s] INFO:colcon.colcon_core.shell:Creating package descriptor '/home/xiaofeiyu/桌面/study/第1-2周作业/src/nodes/install/nodes/share/nodes/package.dsv'
[7.916s] INFO:colcon.colcon_core.shell:Creating package script '/home/xiaofeiyu/桌面/study/第1-2周作业/src/nodes/install/nodes/share/nodes/package.sh'
[7.917s] INFO:colcon.colcon_core.shell:Creating package script '/home/xiaofeiyu/桌面/study/第1-2周作业/src/nodes/install/nodes/share/nodes/package.bash'
[7.917s] INFO:colcon.colcon_core.shell:Creating package script '/home/xiaofeiyu/桌面/study/第1-2周作业/src/nodes/install/nodes/share/nodes/package.zsh'
[7.918s] Level 1:colcon.colcon_core.environment:create_file_with_runtime_dependencies(/home/xiaofeiyu/桌面/study/第1-2周作业/src/nodes/install/nodes/share/colcon-core/packages/nodes)
[7.918s] Level 1:colcon.colcon_core.environment:create_environment_scripts_only(nodes)
[7.919s] Level 1:colcon.colcon_core.environment:checking '/home/xiaofeiyu/桌面/study/第1-2周作业/src/nodes/install/nodes' for CMake module files
[7.919s] Level 1:colcon.colcon_core.environment:checking '/home/xiaofeiyu/桌面/study/第1-2周作业/src/nodes/install/nodes' for CMake config files
[7.919s] Level 1:colcon.colcon_core.shell:create_environment_hook('nodes', 'cmake_prefix_path')
[7.919s] INFO:colcon.colcon_core.shell:Creating environment hook '/home/xiaofeiyu/桌面/study/第1-2周作业/src/nodes/install/nodes/share/nodes/hook/cmake_prefix_path.ps1'
[7.920s] INFO:colcon.colcon_core.shell:Creating environment descriptor '/home/xiaofeiyu/桌面/study/第1-2周作业/src/nodes/install/nodes/share/nodes/hook/cmake_prefix_path.dsv'
[7.920s] INFO:colcon.colcon_core.shell:Creating environment hook '/home/xiaofeiyu/桌面/study/第1-2周作业/src/nodes/install/nodes/share/nodes/hook/cmake_prefix_path.sh'
[7.921s] Level 1:colcon.colcon_core.environment:checking '/home/xiaofeiyu/桌面/study/第1-2周作业/src/nodes/install/nodes/lib'
[7.921s] Level 1:colcon.colcon_core.environment:checking '/home/xiaofeiyu/桌面/study/第1-2周作业/src/nodes/install/nodes/bin'
[7.921s] Level 1:colcon.colcon_core.environment:checking '/home/xiaofeiyu/桌面/study/第1-2周作业/src/nodes/install/nodes/lib/pkgconfig/nodes.pc'
[7.921s] Level 1:colcon.colcon_core.environment:checking '/home/xiaofeiyu/桌面/study/第1-2周作业/src/nodes/install/nodes/lib/python3.10/site-packages'
[7.921s] Level 1:colcon.colcon_core.environment:checking '/home/xiaofeiyu/桌面/study/第1-2周作业/src/nodes/install/nodes/bin'
[7.921s] INFO:colcon.colcon_core.shell:Creating package script '/home/xiaofeiyu/桌面/study/第1-2周作业/src/nodes/install/nodes/share/nodes/package.ps1'
[7.922s] INFO:colcon.colcon_core.shell:Creating package descriptor '/home/xiaofeiyu/桌面/study/第1-2周作业/src/nodes/install/nodes/share/nodes/package.dsv'
[7.922s] INFO:colcon.colcon_core.shell:Creating package script '/home/xiaofeiyu/桌面/study/第1-2周作业/src/nodes/install/nodes/share/nodes/package.sh'
[7.923s] INFO:colcon.colcon_core.shell:Creating package script '/home/xiaofeiyu/桌面/study/第1-2周作业/src/nodes/install/nodes/share/nodes/package.bash'
[7.923s] INFO:colcon.colcon_core.shell:Creating package script '/home/xiaofeiyu/桌面/study/第1-2周作业/src/nodes/install/nodes/share/nodes/package.zsh'
[7.923s] Level 1:colcon.colcon_core.environment:create_file_with_runtime_dependencies(/home/xiaofeiyu/桌面/study/第1-2周作业/src/nodes/install/nodes/share/colcon-core/packages/nodes)
[7.924s] DEBUG:colcon.colcon_parallel_executor.executor.parallel:closing loop
[7.924s] DEBUG:colcon.colcon_parallel_executor.executor.parallel:loop closed
[7.924s] DEBUG:colcon.colcon_parallel_executor.executor.parallel:run_until_complete finished with '0'
[7.924s] DEBUG:colcon.colcon_core.event_reactor:joining thread
[7.928s] INFO:colcon.colcon_core.plugin_system:Skipping extension 'colcon_notification.desktop_notification.terminal_notifier': Not used on non-Darwin systems
[7.928s] INFO:colcon.colcon_core.plugin_system:Skipping extension 'colcon_notification.desktop_notification.win32': Not used on non-Windows systems
[7.928s] INFO:colcon.colcon_notification.desktop_notification:Sending desktop notification using 'notify2'
[7.945s] DEBUG:colcon.colcon_core.event_reactor:joined thread
[7.946s] INFO:colcon.colcon_core.shell:Creating prefix script '/home/xiaofeiyu/桌面/study/第1-2周作业/src/nodes/install/local_setup.ps1'
[7.947s] INFO:colcon.colcon_core.shell:Creating prefix util module '/home/xiaofeiyu/桌面/study/第1-2周作业/src/nodes/install/_local_setup_util_ps1.py'
[7.948s] INFO:colcon.colcon_core.shell:Creating prefix chain script '/home/xiaofeiyu/桌面/study/第1-2周作业/src/nodes/install/setup.ps1'
[7.949s] INFO:colcon.colcon_core.shell:Creating prefix script '/home/xiaofeiyu/桌面/study/第1-2周作业/src/nodes/install/local_setup.sh'
[7.950s] INFO:colcon.colcon_core.shell:Creating prefix util module '/home/xiaofeiyu/桌面/study/第1-2周作业/src/nodes/install/_local_setup_util_sh.py'
[7.950s] INFO:colcon.colcon_core.shell:Creating prefix chain script '/home/xiaofeiyu/桌面/study/第1-2周作业/src/nodes/install/setup.sh'
[7.956s] INFO:colcon.colcon_core.shell:Creating prefix script '/home/xiaofeiyu/桌面/study/第1-2周作业/src/nodes/install/local_setup.bash'
[7.957s] INFO:colcon.colcon_core.shell:Creating prefix chain script '/home/xiaofeiyu/桌面/study/第1-2周作业/src/nodes/install/setup.bash'
[7.957s] INFO:colcon.colcon_core.shell:Creating prefix script '/home/xiaofeiyu/桌面/study/第1-2周作业/src/nodes/install/local_setup.zsh'
[7.958s] INFO:colcon.colcon_core.shell:Creating prefix chain script '/home/xiaofeiyu/桌面/study/第1-2周作业/src/nodes/install/setup.zsh'
