[0.428s] Invoking command in '/home/xiaofeiyu/桌面/chapt_ws/src/tf': PYTHONPATH=/home/xiaofeiyu/桌面/chapt_ws/src/tf/build/tf/prefix_override:/usr/lib/python3/dist-packages/colcon_core/task/python/colcon_distutils_commands:/home/xiaofeiyu/桌面/chapt_ws/src/tf/install/tf/lib/python3.10/site-packages:${PYTHONPATH} /usr/bin/python3 -W ignore:setup.py install is deprecated -W ignore:easy_install command is deprecated setup.py egg_info --egg-base build/tf build --build-base /home/xiaofeiyu/桌面/chapt_ws/src/tf/build/tf/build install --record /home/xiaofeiyu/桌面/chapt_ws/src/tf/build/tf/install.log --single-version-externally-managed install_data
[0.611s] running egg_info
[0.611s] writing build/tf/tf.egg-info/PKG-INFO
[0.611s] writing dependency_links to build/tf/tf.egg-info/dependency_links.txt
[0.611s] writing entry points to build/tf/tf.egg-info/entry_points.txt
[0.611s] writing requirements to build/tf/tf.egg-info/requires.txt
[0.611s] writing top-level names to build/tf/tf.egg-info/top_level.txt
[0.611s] reading manifest file 'build/tf/tf.egg-info/SOURCES.txt'
[0.612s] adding license file 'LICENSE'
[0.612s] writing manifest file 'build/tf/tf.egg-info/SOURCES.txt'
[0.613s] running build
[0.613s] running install
[0.613s] running install_data
[0.614s] running install_egg_info
[0.615s] removing '/home/xiaofeiyu/桌面/chapt_ws/src/tf/install/tf/lib/python3.10/site-packages/tf-0.0.0-py3.10.egg-info' (and everything under it)
[0.616s] Copying build/tf/tf.egg-info to /home/xiaofeiyu/桌面/chapt_ws/src/tf/install/tf/lib/python3.10/site-packages/tf-0.0.0-py3.10.egg-info
[0.617s] running install_scripts
[0.635s] Installing gimbal_to_base script to /home/xiaofeiyu/桌面/chapt_ws/src/tf/install/tf/lib/tf
[0.635s] Installing tf_broadcaster script to /home/xiaofeiyu/桌面/chapt_ws/src/tf/install/tf/lib/tf
[0.635s] writing list of installed files to '/home/xiaofeiyu/桌面/chapt_ws/src/tf/build/tf/install.log'
[0.652s] Invoked command in '/home/xiaofeiyu/桌面/chapt_ws/src/tf' returned '0': PYTHONPATH=/home/xiaofeiyu/桌面/chapt_ws/src/tf/build/tf/prefix_override:/usr/lib/python3/dist-packages/colcon_core/task/python/colcon_distutils_commands:/home/xiaofeiyu/桌面/chapt_ws/src/tf/install/tf/lib/python3.10/site-packages:${PYTHONPATH} /usr/bin/python3 -W ignore:setup.py install is deprecated -W ignore:easy_install command is deprecated setup.py egg_info --egg-base build/tf build --build-base /home/xiaofeiyu/桌面/chapt_ws/src/tf/build/tf/build install --record /home/xiaofeiyu/桌面/chapt_ws/src/tf/build/tf/install.log --single-version-externally-managed install_data
