[0.016s] Invoking command in '/home/xiaofeiyu/æ¡Œé¢/study/ç¬¬1-2å‘¨ä½œä¸š/src/nodes/build/nodes': CMAKE_PREFIX_PATH=/opt/ros/humble /usr/bin/cmake --build /home/xiaofeiyu/æ¡Œé¢/study/ç¬¬1-2å‘¨ä½œä¸š/src/nodes/build/nodes -- -j4 -l4
[0.100s] [35m[1mConsolidate compiler generated dependencies of target serial_node[0m
[0.144s] [ 50%] [32mBuilding CXX object CMakeFiles/serial_node.dir/src/serial_node.cpp.o[0m
[8.527s] [100%] [32m[1mLinking CXX executable serial_node[0m
[8.973s] [100%] Built target serial_node
[8.984s] Invoked command in '/home/xiaofeiyu/æ¡Œé¢/study/ç¬¬1-2å‘¨ä½œä¸š/src/nodes/build/nodes' returned '0': CMAKE_PREFIX_PATH=/opt/ros/humble /usr/bin/cmake --build /home/xiaofeiyu/æ¡Œé¢/study/ç¬¬1-2å‘¨ä½œä¸š/src/nodes/build/nodes -- -j4 -l4
[8.994s] Invoking command in '/home/xiaofeiyu/æ¡Œé¢/study/ç¬¬1-2å‘¨ä½œä¸š/src/nodes/build/nodes': CMAKE_PREFIX_PATH=/opt/ros/humble /usr/bin/cmake --install /home/xiaofeiyu/æ¡Œé¢/study/ç¬¬1-2å‘¨ä½œä¸š/src/nodes/build/nodes
[9.001s] -- Install configuration: ""
[9.002s] -- Installing: /home/xiaofeiyu/æ¡Œé¢/study/ç¬¬1-2å‘¨ä½œä¸š/src/nodes/install/nodes/lib/nodes/serial_node
[9.007s] -- Set runtime path of "/home/xiaofeiyu/æ¡Œé¢/study/ç¬¬1-2å‘¨ä½œä¸š/src/nodes/install/nodes/lib/nodes/serial_node" to ""
[9.007s] -- Up-to-date: /home/xiaofeiyu/æ¡Œé¢/study/ç¬¬1-2å‘¨ä½œä¸š/src/nodes/install/nodes/share/ament_index/resource_index/package_run_dependencies/nodes
[9.007s] -- Up-to-date: /home/xiaofeiyu/æ¡Œé¢/study/ç¬¬1-2å‘¨ä½œä¸š/src/nodes/install/nodes/share/ament_index/resource_index/parent_prefix_path/nodes
[9.007s] -- Up-to-date: /home/xiaofeiyu/æ¡Œé¢/study/ç¬¬1-2å‘¨ä½œä¸š/src/nodes/install/nodes/share/nodes/environment/ament_prefix_path.sh
[9.007s] -- Up-to-date: /home/xiaofeiyu/æ¡Œé¢/study/ç¬¬1-2å‘¨ä½œä¸š/src/nodes/install/nodes/share/nodes/environment/ament_prefix_path.dsv
[9.007s] -- Up-to-date: /home/xiaofeiyu/æ¡Œé¢/study/ç¬¬1-2å‘¨ä½œä¸š/src/nodes/install/nodes/share/nodes/environment/path.sh
[9.007s] -- Up-to-date: /home/xiaofeiyu/æ¡Œé¢/study/ç¬¬1-2å‘¨ä½œä¸š/src/nodes/install/nodes/share/nodes/environment/path.dsv
[9.007s] -- Up-to-date: /home/xiaofeiyu/æ¡Œé¢/study/ç¬¬1-2å‘¨ä½œä¸š/src/nodes/install/nodes/share/nodes/local_setup.bash
[9.007s] -- Up-to-date: /home/xiaofeiyu/æ¡Œé¢/study/ç¬¬1-2å‘¨ä½œä¸š/src/nodes/install/nodes/share/nodes/local_setup.sh
[9.008s] -- Up-to-date: /home/xiaofeiyu/æ¡Œé¢/study/ç¬¬1-2å‘¨ä½œä¸š/src/nodes/install/nodes/share/nodes/local_setup.zsh
[9.008s] -- Up-to-date: /home/xiaofeiyu/æ¡Œé¢/study/ç¬¬1-2å‘¨ä½œä¸š/src/nodes/install/nodes/share/nodes/local_setup.dsv
[9.008s] -- Installing: /home/xiaofeiyu/æ¡Œé¢/study/ç¬¬1-2å‘¨ä½œä¸š/src/nodes/install/nodes/share/nodes/package.dsv
[9.008s] -- Up-to-date: /home/xiaofeiyu/æ¡Œé¢/study/ç¬¬1-2å‘¨ä½œä¸š/src/nodes/install/nodes/share/ament_index/resource_index/packages/nodes
[9.008s] -- Up-to-date: /home/xiaofeiyu/æ¡Œé¢/study/ç¬¬1-2å‘¨ä½œä¸š/src/nodes/install/nodes/share/nodes/cmake/nodesConfig.cmake
[9.008s] -- Up-to-date: /home/xiaofeiyu/æ¡Œé¢/study/ç¬¬1-2å‘¨ä½œä¸š/src/nodes/install/nodes/share/nodes/cmake/nodesConfig-version.cmake
[9.008s] -- Up-to-date: /home/xiaofeiyu/æ¡Œé¢/study/ç¬¬1-2å‘¨ä½œä¸š/src/nodes/install/nodes/share/nodes/package.xml
[9.011s] Invoked command in '/home/xiaofeiyu/æ¡Œé¢/study/ç¬¬1-2å‘¨ä½œä¸š/src/nodes/build/nodes' returned '0': CMAKE_PREFIX_PATH=/opt/ros/humble /usr/bin/cmake --install /home/xiaofeiyu/æ¡Œé¢/study/ç¬¬1-2å‘¨ä½œä¸š/src/nodes/build/nodes
