[0.013s] Invoking command in '/home/xiaofeiyu/桌面/学习/1-2weeks/src/build/Publisher2Listener': CMAKE_PREFIX_PATH=/opt/ros/humble /usr/bin/cmake /home/xiaofeiyu/桌面/学习/1-2weeks/src/Publisher2Listener -DCMAKE_INSTALL_PREFIX=/home/xiaofeiyu/桌面/学习/1-2weeks/src/install/Publisher2Listener
[0.148s] -- The C compiler identification is GNU 11.4.0
[0.249s] -- The CXX compiler identification is GNU 11.4.0
[0.268s] -- Detecting C compiler ABI info
[0.344s] -- Detecting C compiler ABI info - done
[0.348s] -- Check for working C compiler: /usr/bin/cc - skipped
[0.349s] -- Detecting C compile features
[0.350s] -- Detecting C compile features - done
[0.355s] -- Detecting CXX compiler ABI info
[0.436s] -- Detecting CXX compiler ABI info - done
[0.439s] -- Check for working CXX compiler: /usr/bin/c++ - skipped
[0.439s] -- Detecting CXX compile features
[0.440s] -- Detecting CXX compile features - done
[0.446s] -- Found ament_cmake: 1.3.11 (/opt/ros/humble/share/ament_cmake/cmake)
[0.574s] -- Found Python3: /usr/bin/python3 (found version "3.10.12") found components: Interpreter 
[0.674s] -- Found ament_lint_auto: 0.12.12 (/opt/ros/humble/share/ament_lint_auto/cmake)
[0.716s] WARNING: Package name "Publisher2Listener" does not follow the naming conventions. It should start with a lower case letter and only contain lower case letters, digits, underscores, and dashes.
[0.746s] -- Added test 'cppcheck' to perform static code analysis on C / C++ code
[0.746s] -- Configured cppcheck include dirs: 
[0.746s] -- Configured cppcheck exclude dirs and/or files: 
[0.747s] -- Added test 'lint_cmake' to check CMake code style
[0.749s] -- Added test 'uncrustify' to check C / C++ code style
[0.749s] -- Configured uncrustify additional arguments: 
[0.750s] -- Added test 'xmllint' to check XML markup files
[0.752s] -- Configuring done
[0.754s] -- Generating done
[0.755s] -- Build files have been written to: /home/xiaofeiyu/桌面/学习/1-2weeks/src/build/Publisher2Listener
[0.763s] Invoked command in '/home/xiaofeiyu/桌面/学习/1-2weeks/src/build/Publisher2Listener' returned '0': CMAKE_PREFIX_PATH=/opt/ros/humble /usr/bin/cmake /home/xiaofeiyu/桌面/学习/1-2weeks/src/Publisher2Listener -DCMAKE_INSTALL_PREFIX=/home/xiaofeiyu/桌面/学习/1-2weeks/src/install/Publisher2Listener
[0.763s] Invoking command in '/home/xiaofeiyu/桌面/学习/1-2weeks/src/build/Publisher2Listener': CMAKE_PREFIX_PATH=/opt/ros/humble /usr/bin/cmake --build /home/xiaofeiyu/桌面/学习/1-2weeks/src/build/Publisher2Listener -- -j4 -l4
[0.791s] Invoked command in '/home/xiaofeiyu/桌面/学习/1-2weeks/src/build/Publisher2Listener' returned '0': CMAKE_PREFIX_PATH=/opt/ros/humble /usr/bin/cmake --build /home/xiaofeiyu/桌面/学习/1-2weeks/src/build/Publisher2Listener -- -j4 -l4
[0.798s] Invoking command in '/home/xiaofeiyu/桌面/学习/1-2weeks/src/build/Publisher2Listener': CMAKE_PREFIX_PATH=/opt/ros/humble /usr/bin/cmake --install /home/xiaofeiyu/桌面/学习/1-2weeks/src/build/Publisher2Listener
[0.805s] -- Install configuration: ""
[0.805s] -- Installing: /home/xiaofeiyu/桌面/学习/1-2weeks/src/install/Publisher2Listener/share/ament_index/resource_index/package_run_dependencies/Publisher2Listener
[0.806s] -- Installing: /home/xiaofeiyu/桌面/学习/1-2weeks/src/install/Publisher2Listener/share/ament_index/resource_index/parent_prefix_path/Publisher2Listener
[0.806s] -- Installing: /home/xiaofeiyu/桌面/学习/1-2weeks/src/install/Publisher2Listener/share/Publisher2Listener/environment/ament_prefix_path.sh
[0.806s] -- Installing: /home/xiaofeiyu/桌面/学习/1-2weeks/src/install/Publisher2Listener/share/Publisher2Listener/environment/ament_prefix_path.dsv
[0.806s] -- Installing: /home/xiaofeiyu/桌面/学习/1-2weeks/src/install/Publisher2Listener/share/Publisher2Listener/environment/path.sh
[0.806s] -- Installing: /home/xiaofeiyu/桌面/学习/1-2weeks/src/install/Publisher2Listener/share/Publisher2Listener/environment/path.dsv
[0.806s] -- Installing: /home/xiaofeiyu/桌面/学习/1-2weeks/src/install/Publisher2Listener/share/Publisher2Listener/local_setup.bash
[0.806s] -- Installing: /home/xiaofeiyu/桌面/学习/1-2weeks/src/install/Publisher2Listener/share/Publisher2Listener/local_setup.sh
[0.806s] -- Installing: /home/xiaofeiyu/桌面/学习/1-2weeks/src/install/Publisher2Listener/share/Publisher2Listener/local_setup.zsh
[0.807s] -- Installing: /home/xiaofeiyu/桌面/学习/1-2weeks/src/install/Publisher2Listener/share/Publisher2Listener/local_setup.dsv
[0.807s] -- Installing: /home/xiaofeiyu/桌面/学习/1-2weeks/src/install/Publisher2Listener/share/Publisher2Listener/package.dsv
[0.808s] -- Installing: /home/xiaofeiyu/桌面/学习/1-2weeks/src/install/Publisher2Listener/share/ament_index/resource_index/packages/Publisher2Listener
[0.808s] -- Installing: /home/xiaofeiyu/桌面/学习/1-2weeks/src/install/Publisher2Listener/share/Publisher2Listener/cmake/Publisher2ListenerConfig.cmake
[0.808s] -- Installing: /home/xiaofeiyu/桌面/学习/1-2weeks/src/install/Publisher2Listener/share/Publisher2Listener/cmake/Publisher2ListenerConfig-version.cmake
[0.808s] -- Installing: /home/xiaofeiyu/桌面/学习/1-2weeks/src/install/Publisher2Listener/share/Publisher2Listener/package.xml
[0.808s] Invoked command in '/home/xiaofeiyu/桌面/学习/1-2weeks/src/build/Publisher2Listener' returned '0': CMAKE_PREFIX_PATH=/opt/ros/humble /usr/bin/cmake --install /home/xiaofeiyu/桌面/学习/1-2weeks/src/build/Publisher2Listener
