[0.091s] DEBUG:colcon:Command line arguments: ['/usr/bin/colcon', 'build']
[0.091s] DEBUG:colcon:Parsed command line arguments: Namespace(log_base=None, log_level=None, verb_name='build', build_base='build', install_base='install', merge_install=False, symlink_install=False, test_result_base=None, continue_on_error=False, executor='parallel', parallel_workers=4, event_handlers=None, ignore_user_meta=False, metas=['./colcon.meta'], base_paths=['.'], packages_ignore=None, packages_ignore_regex=None, paths=None, packages_up_to=None, packages_up_to_regex=None, packages_above=None, packages_above_and_dependencies=None, packages_above_depth=None, packages_select_by_dep=None, packages_skip_by_dep=None, packages_skip_up_to=None, packages_select_build_failed=False, packages_skip_build_finished=False, packages_select_test_failures=False, packages_skip_test_passed=False, packages_select=None, packages_skip=None, packages_select_regex=None, packages_skip_regex=None, packages_start=None, packages_end=None, allow_overriding=[], cmake_args=None, cmake_target=None, cmake_target_skip_unavailable=False, cmake_clean_cache=False, cmake_clean_first=False, cmake_force_configure=False, ament_cmake_args=None, catkin_cmake_args=None, catkin_skip_building_tests=False, verb_parser=<colcon_defaults.argument_parser.defaults.DefaultArgumentsDecorator object at 0x7ab0586dfa30>, verb_extension=<colcon_core.verb.build.BuildVerb object at 0x7ab0586df520>, main=<bound method BuildVerb.main of <colcon_core.verb.build.BuildVerb object at 0x7ab0586df520>>)
[0.213s] Level 1:colcon.colcon_core.package_discovery:discover_packages(colcon_meta) check parameters
[0.213s] Level 1:colcon.colcon_core.package_discovery:discover_packages(recursive) check parameters
[0.213s] Level 1:colcon.colcon_core.package_discovery:discover_packages(ignore) check parameters
[0.213s] Level 1:colcon.colcon_core.package_discovery:discover_packages(path) check parameters
[0.213s] Level 1:colcon.colcon_core.package_discovery:discover_packages(colcon_meta) discover
[0.213s] Level 1:colcon.colcon_core.package_discovery:discover_packages(recursive) discover
[0.213s] INFO:colcon.colcon_core.package_discovery:Crawling recursively for packages in '/home/xiaofeiyu/桌面/study/RM_Vision_Study/期末考前作业/chapt_ws/src/mbot_description'
[0.214s] Level 1:colcon.colcon_core.package_identification:_identify(.) by extensions ['ignore', 'ignore_ament_install']
[0.214s] Level 1:colcon.colcon_core.package_identification:_identify(.) by extension 'ignore'
[0.214s] Level 1:colcon.colcon_core.package_identification:_identify(.) by extension 'ignore_ament_install'
[0.214s] Level 1:colcon.colcon_core.package_identification:_identify(.) by extensions ['colcon_pkg']
[0.214s] Level 1:colcon.colcon_core.package_identification:_identify(.) by extension 'colcon_pkg'
[0.214s] Level 1:colcon.colcon_core.package_identification:_identify(.) by extensions ['colcon_meta']
[0.214s] Level 1:colcon.colcon_core.package_identification:_identify(.) by extension 'colcon_meta'
[0.214s] Level 1:colcon.colcon_core.package_identification:_identify(.) by extensions ['ros']
[0.214s] Level 1:colcon.colcon_core.package_identification:_identify(.) by extension 'ros'
[0.228s] DEBUG:colcon.colcon_core.package_identification:Package '.' with type 'ros.ament_cmake' and name 'mbot_description'
[0.228s] Level 1:colcon.colcon_core.package_discovery:discover_packages(recursive) using defaults
[0.228s] Level 1:colcon.colcon_core.package_discovery:discover_packages(ignore) discover
[0.228s] Level 1:colcon.colcon_core.package_discovery:discover_packages(ignore) using defaults
[0.229s] Level 1:colcon.colcon_core.package_discovery:discover_packages(path) discover
[0.229s] Level 1:colcon.colcon_core.package_discovery:discover_packages(path) using defaults
[0.252s] Level 1:colcon.colcon_core.package_discovery:discover_packages(prefix_path) check parameters
[0.252s] Level 1:colcon.colcon_core.package_discovery:discover_packages(prefix_path) discover
[0.253s] WARNING:colcon.colcon_ros.prefix_path.ament:The path '/home/xiaofeiyu/桌面/study/RM_Vision_Study/期末考前作业/chapt_ws/src/mbot_description/install/mbot_description' in the environment variable AMENT_PREFIX_PATH doesn't exist
[0.253s] WARNING:colcon.colcon_ros.prefix_path.catkin:The path '/home/xiaofeiyu/桌面/study/RM_Vision_Study/期末考前作业/chapt_ws/src/mbot_description/install/mbot_description' in the environment variable CMAKE_PREFIX_PATH doesn't exist
[0.253s] DEBUG:colcon.colcon_installed_package_information.package_discovery:Found 0 installed packages in /home/xiaofeiyu/桌面/study/RM_Vision_Study/期末考前作业/chapt_ws/src/mbot_description/install
[0.254s] DEBUG:colcon.colcon_installed_package_information.package_discovery:Found 278 installed packages in /opt/ros/humble
[0.256s] Level 1:colcon.colcon_core.package_discovery:discover_packages(prefix_path) using defaults
[0.290s] Level 5:colcon.colcon_core.verb:set package 'mbot_description' build argument 'cmake_args' from command line to 'None'
[0.290s] Level 5:colcon.colcon_core.verb:set package 'mbot_description' build argument 'cmake_target' from command line to 'None'
[0.290s] Level 5:colcon.colcon_core.verb:set package 'mbot_description' build argument 'cmake_target_skip_unavailable' from command line to 'False'
[0.290s] Level 5:colcon.colcon_core.verb:set package 'mbot_description' build argument 'cmake_clean_cache' from command line to 'False'
[0.290s] Level 5:colcon.colcon_core.verb:set package 'mbot_description' build argument 'cmake_clean_first' from command line to 'False'
[0.290s] Level 5:colcon.colcon_core.verb:set package 'mbot_description' build argument 'cmake_force_configure' from command line to 'False'
[0.290s] Level 5:colcon.colcon_core.verb:set package 'mbot_description' build argument 'ament_cmake_args' from command line to 'None'
[0.290s] Level 5:colcon.colcon_core.verb:set package 'mbot_description' build argument 'catkin_cmake_args' from command line to 'None'
[0.290s] Level 5:colcon.colcon_core.verb:set package 'mbot_description' build argument 'catkin_skip_building_tests' from command line to 'False'
[0.290s] DEBUG:colcon.colcon_core.verb:Building package 'mbot_description' with the following arguments: {'ament_cmake_args': None, 'build_base': '/home/xiaofeiyu/桌面/study/RM_Vision_Study/期末考前作业/chapt_ws/src/mbot_description/build/mbot_description', 'catkin_cmake_args': None, 'catkin_skip_building_tests': False, 'cmake_args': None, 'cmake_clean_cache': False, 'cmake_clean_first': False, 'cmake_force_configure': False, 'cmake_target': None, 'cmake_target_skip_unavailable': False, 'install_base': '/home/xiaofeiyu/桌面/study/RM_Vision_Study/期末考前作业/chapt_ws/src/mbot_description/install/mbot_description', 'merge_install': False, 'path': '/home/xiaofeiyu/桌面/study/RM_Vision_Study/期末考前作业/chapt_ws/src/mbot_description', 'symlink_install': False, 'test_result_base': None}
[0.290s] INFO:colcon.colcon_core.executor:Executing jobs using 'parallel' executor
[0.291s] DEBUG:colcon.colcon_parallel_executor.executor.parallel:run_until_complete
[0.292s] INFO:colcon.colcon_ros.task.ament_cmake.build:Building ROS package in '/home/xiaofeiyu/桌面/study/RM_Vision_Study/期末考前作业/chapt_ws/src/mbot_description' with build type 'ament_cmake'
[0.292s] INFO:colcon.colcon_cmake.task.cmake.build:Building CMake package in '/home/xiaofeiyu/桌面/study/RM_Vision_Study/期末考前作业/chapt_ws/src/mbot_description'
[0.293s] INFO:colcon.colcon_core.plugin_system:Skipping extension 'colcon_core.shell.bat': Not used on non-Windows systems
[0.293s] INFO:colcon.colcon_core.shell:Skip shell extension 'powershell' for command environment: Not usable outside of PowerShell
[0.293s] DEBUG:colcon.colcon_core.shell:Skip shell extension 'dsv' for command environment
[0.302s] DEBUG:colcon.colcon_core.event_handler.log_command:Invoking command in '/home/xiaofeiyu/桌面/study/RM_Vision_Study/期末考前作业/chapt_ws/src/mbot_description/build/mbot_description': CMAKE_PREFIX_PATH=${CMAKE_PREFIX_PATH}:/opt/ros/humble /usr/bin/cmake /home/xiaofeiyu/桌面/study/RM_Vision_Study/期末考前作业/chapt_ws/src/mbot_description -DCMAKE_INSTALL_PREFIX=/home/xiaofeiyu/桌面/study/RM_Vision_Study/期末考前作业/chapt_ws/src/mbot_description/install/mbot_description
[0.967s] DEBUG:colcon.colcon_core.event_handler.log_command:Invoked command in '/home/xiaofeiyu/桌面/study/RM_Vision_Study/期末考前作业/chapt_ws/src/mbot_description/build/mbot_description' returned '0': CMAKE_PREFIX_PATH=${CMAKE_PREFIX_PATH}:/opt/ros/humble /usr/bin/cmake /home/xiaofeiyu/桌面/study/RM_Vision_Study/期末考前作业/chapt_ws/src/mbot_description -DCMAKE_INSTALL_PREFIX=/home/xiaofeiyu/桌面/study/RM_Vision_Study/期末考前作业/chapt_ws/src/mbot_description/install/mbot_description
[0.967s] DEBUG:colcon.colcon_core.event_handler.log_command:Invoking command in '/home/xiaofeiyu/桌面/study/RM_Vision_Study/期末考前作业/chapt_ws/src/mbot_description/build/mbot_description': CMAKE_PREFIX_PATH=${CMAKE_PREFIX_PATH}:/opt/ros/humble /usr/bin/cmake --build /home/xiaofeiyu/桌面/study/RM_Vision_Study/期末考前作业/chapt_ws/src/mbot_description/build/mbot_description -- -j4 -l4
[0.996s] DEBUG:colcon.colcon_core.event_handler.log_command:Invoked command in '/home/xiaofeiyu/桌面/study/RM_Vision_Study/期末考前作业/chapt_ws/src/mbot_description/build/mbot_description' returned '0': CMAKE_PREFIX_PATH=${CMAKE_PREFIX_PATH}:/opt/ros/humble /usr/bin/cmake --build /home/xiaofeiyu/桌面/study/RM_Vision_Study/期末考前作业/chapt_ws/src/mbot_description/build/mbot_description -- -j4 -l4
[1.005s] DEBUG:colcon.colcon_core.event_handler.log_command:Invoking command in '/home/xiaofeiyu/桌面/study/RM_Vision_Study/期末考前作业/chapt_ws/src/mbot_description/build/mbot_description': CMAKE_PREFIX_PATH=${CMAKE_PREFIX_PATH}:/opt/ros/humble /usr/bin/cmake --install /home/xiaofeiyu/桌面/study/RM_Vision_Study/期末考前作业/chapt_ws/src/mbot_description/build/mbot_description
[1.014s] Level 1:colcon.colcon_core.environment:create_environment_scripts_only(mbot_description)
[1.014s] DEBUG:colcon.colcon_core.event_handler.log_command:Invoked command in '/home/xiaofeiyu/桌面/study/RM_Vision_Study/期末考前作业/chapt_ws/src/mbot_description/build/mbot_description' returned '0': CMAKE_PREFIX_PATH=${CMAKE_PREFIX_PATH}:/opt/ros/humble /usr/bin/cmake --install /home/xiaofeiyu/桌面/study/RM_Vision_Study/期末考前作业/chapt_ws/src/mbot_description/build/mbot_description
[1.017s] Level 1:colcon.colcon_core.environment:checking '/home/xiaofeiyu/桌面/study/RM_Vision_Study/期末考前作业/chapt_ws/src/mbot_description/install/mbot_description' for CMake module files
[1.017s] Level 1:colcon.colcon_core.environment:checking '/home/xiaofeiyu/桌面/study/RM_Vision_Study/期末考前作业/chapt_ws/src/mbot_description/install/mbot_description' for CMake config files
[1.018s] Level 1:colcon.colcon_core.shell:create_environment_hook('mbot_description', 'cmake_prefix_path')
[1.018s] INFO:colcon.colcon_core.shell:Creating environment hook '/home/xiaofeiyu/桌面/study/RM_Vision_Study/期末考前作业/chapt_ws/src/mbot_description/install/mbot_description/share/mbot_description/hook/cmake_prefix_path.ps1'
[1.018s] INFO:colcon.colcon_core.shell:Creating environment descriptor '/home/xiaofeiyu/桌面/study/RM_Vision_Study/期末考前作业/chapt_ws/src/mbot_description/install/mbot_description/share/mbot_description/hook/cmake_prefix_path.dsv'
[1.018s] INFO:colcon.colcon_core.shell:Creating environment hook '/home/xiaofeiyu/桌面/study/RM_Vision_Study/期末考前作业/chapt_ws/src/mbot_description/install/mbot_description/share/mbot_description/hook/cmake_prefix_path.sh'
[1.020s] Level 1:colcon.colcon_core.environment:checking '/home/xiaofeiyu/桌面/study/RM_Vision_Study/期末考前作业/chapt_ws/src/mbot_description/install/mbot_description/bin'
[1.020s] Level 1:colcon.colcon_core.environment:checking '/home/xiaofeiyu/桌面/study/RM_Vision_Study/期末考前作业/chapt_ws/src/mbot_description/install/mbot_description/lib/pkgconfig/mbot_description.pc'
[1.020s] Level 1:colcon.colcon_core.environment:checking '/home/xiaofeiyu/桌面/study/RM_Vision_Study/期末考前作业/chapt_ws/src/mbot_description/install/mbot_description/lib/python3.10/site-packages'
[1.020s] Level 1:colcon.colcon_core.environment:checking '/home/xiaofeiyu/桌面/study/RM_Vision_Study/期末考前作业/chapt_ws/src/mbot_description/install/mbot_description/bin'
[1.021s] INFO:colcon.colcon_core.shell:Creating package script '/home/xiaofeiyu/桌面/study/RM_Vision_Study/期末考前作业/chapt_ws/src/mbot_description/install/mbot_description/share/mbot_description/package.ps1'
[1.021s] INFO:colcon.colcon_core.shell:Creating package descriptor '/home/xiaofeiyu/桌面/study/RM_Vision_Study/期末考前作业/chapt_ws/src/mbot_description/install/mbot_description/share/mbot_description/package.dsv'
[1.021s] INFO:colcon.colcon_core.shell:Creating package script '/home/xiaofeiyu/桌面/study/RM_Vision_Study/期末考前作业/chapt_ws/src/mbot_description/install/mbot_description/share/mbot_description/package.sh'
[1.022s] INFO:colcon.colcon_core.shell:Creating package script '/home/xiaofeiyu/桌面/study/RM_Vision_Study/期末考前作业/chapt_ws/src/mbot_description/install/mbot_description/share/mbot_description/package.bash'
[1.022s] INFO:colcon.colcon_core.shell:Creating package script '/home/xiaofeiyu/桌面/study/RM_Vision_Study/期末考前作业/chapt_ws/src/mbot_description/install/mbot_description/share/mbot_description/package.zsh'
[1.022s] Level 1:colcon.colcon_core.environment:create_file_with_runtime_dependencies(/home/xiaofeiyu/桌面/study/RM_Vision_Study/期末考前作业/chapt_ws/src/mbot_description/install/mbot_description/share/colcon-core/packages/mbot_description)
[1.023s] Level 1:colcon.colcon_core.environment:create_environment_scripts_only(mbot_description)
[1.023s] Level 1:colcon.colcon_core.environment:checking '/home/xiaofeiyu/桌面/study/RM_Vision_Study/期末考前作业/chapt_ws/src/mbot_description/install/mbot_description' for CMake module files
[1.023s] Level 1:colcon.colcon_core.environment:checking '/home/xiaofeiyu/桌面/study/RM_Vision_Study/期末考前作业/chapt_ws/src/mbot_description/install/mbot_description' for CMake config files
[1.024s] Level 1:colcon.colcon_core.shell:create_environment_hook('mbot_description', 'cmake_prefix_path')
[1.024s] INFO:colcon.colcon_core.shell:Creating environment hook '/home/xiaofeiyu/桌面/study/RM_Vision_Study/期末考前作业/chapt_ws/src/mbot_description/install/mbot_description/share/mbot_description/hook/cmake_prefix_path.ps1'
[1.024s] INFO:colcon.colcon_core.shell:Creating environment descriptor '/home/xiaofeiyu/桌面/study/RM_Vision_Study/期末考前作业/chapt_ws/src/mbot_description/install/mbot_description/share/mbot_description/hook/cmake_prefix_path.dsv'
[1.024s] INFO:colcon.colcon_core.shell:Creating environment hook '/home/xiaofeiyu/桌面/study/RM_Vision_Study/期末考前作业/chapt_ws/src/mbot_description/install/mbot_description/share/mbot_description/hook/cmake_prefix_path.sh'
[1.025s] Level 1:colcon.colcon_core.environment:checking '/home/xiaofeiyu/桌面/study/RM_Vision_Study/期末考前作业/chapt_ws/src/mbot_description/install/mbot_description/bin'
[1.025s] Level 1:colcon.colcon_core.environment:checking '/home/xiaofeiyu/桌面/study/RM_Vision_Study/期末考前作业/chapt_ws/src/mbot_description/install/mbot_description/lib/pkgconfig/mbot_description.pc'
[1.025s] Level 1:colcon.colcon_core.environment:checking '/home/xiaofeiyu/桌面/study/RM_Vision_Study/期末考前作业/chapt_ws/src/mbot_description/install/mbot_description/lib/python3.10/site-packages'
[1.025s] Level 1:colcon.colcon_core.environment:checking '/home/xiaofeiyu/桌面/study/RM_Vision_Study/期末考前作业/chapt_ws/src/mbot_description/install/mbot_description/bin'
[1.025s] INFO:colcon.colcon_core.shell:Creating package script '/home/xiaofeiyu/桌面/study/RM_Vision_Study/期末考前作业/chapt_ws/src/mbot_description/install/mbot_description/share/mbot_description/package.ps1'
[1.026s] INFO:colcon.colcon_core.shell:Creating package descriptor '/home/xiaofeiyu/桌面/study/RM_Vision_Study/期末考前作业/chapt_ws/src/mbot_description/install/mbot_description/share/mbot_description/package.dsv'
[1.026s] INFO:colcon.colcon_core.shell:Creating package script '/home/xiaofeiyu/桌面/study/RM_Vision_Study/期末考前作业/chapt_ws/src/mbot_description/install/mbot_description/share/mbot_description/package.sh'
[1.026s] INFO:colcon.colcon_core.shell:Creating package script '/home/xiaofeiyu/桌面/study/RM_Vision_Study/期末考前作业/chapt_ws/src/mbot_description/install/mbot_description/share/mbot_description/package.bash'
[1.027s] INFO:colcon.colcon_core.shell:Creating package script '/home/xiaofeiyu/桌面/study/RM_Vision_Study/期末考前作业/chapt_ws/src/mbot_description/install/mbot_description/share/mbot_description/package.zsh'
[1.027s] Level 1:colcon.colcon_core.environment:create_file_with_runtime_dependencies(/home/xiaofeiyu/桌面/study/RM_Vision_Study/期末考前作业/chapt_ws/src/mbot_description/install/mbot_description/share/colcon-core/packages/mbot_description)
[1.027s] DEBUG:colcon.colcon_parallel_executor.executor.parallel:closing loop
[1.028s] DEBUG:colcon.colcon_parallel_executor.executor.parallel:loop closed
[1.028s] DEBUG:colcon.colcon_parallel_executor.executor.parallel:run_until_complete finished with '0'
[1.028s] DEBUG:colcon.colcon_core.event_reactor:joining thread
[1.031s] INFO:colcon.colcon_core.plugin_system:Skipping extension 'colcon_notification.desktop_notification.terminal_notifier': Not used on non-Darwin systems
[1.031s] INFO:colcon.colcon_core.plugin_system:Skipping extension 'colcon_notification.desktop_notification.win32': Not used on non-Windows systems
[1.031s] INFO:colcon.colcon_notification.desktop_notification:Sending desktop notification using 'notify2'
[1.045s] DEBUG:colcon.colcon_core.event_reactor:joined thread
[1.045s] INFO:colcon.colcon_core.shell:Creating prefix script '/home/xiaofeiyu/桌面/study/RM_Vision_Study/期末考前作业/chapt_ws/src/mbot_description/install/local_setup.ps1'
[1.045s] INFO:colcon.colcon_core.shell:Creating prefix util module '/home/xiaofeiyu/桌面/study/RM_Vision_Study/期末考前作业/chapt_ws/src/mbot_description/install/_local_setup_util_ps1.py'
[1.046s] INFO:colcon.colcon_core.shell:Creating prefix chain script '/home/xiaofeiyu/桌面/study/RM_Vision_Study/期末考前作业/chapt_ws/src/mbot_description/install/setup.ps1'
[1.047s] INFO:colcon.colcon_core.shell:Creating prefix script '/home/xiaofeiyu/桌面/study/RM_Vision_Study/期末考前作业/chapt_ws/src/mbot_description/install/local_setup.sh'
[1.047s] INFO:colcon.colcon_core.shell:Creating prefix util module '/home/xiaofeiyu/桌面/study/RM_Vision_Study/期末考前作业/chapt_ws/src/mbot_description/install/_local_setup_util_sh.py'
[1.048s] INFO:colcon.colcon_core.shell:Creating prefix chain script '/home/xiaofeiyu/桌面/study/RM_Vision_Study/期末考前作业/chapt_ws/src/mbot_description/install/setup.sh'
[1.048s] INFO:colcon.colcon_core.shell:Creating prefix script '/home/xiaofeiyu/桌面/study/RM_Vision_Study/期末考前作业/chapt_ws/src/mbot_description/install/local_setup.bash'
[1.048s] INFO:colcon.colcon_core.shell:Creating prefix chain script '/home/xiaofeiyu/桌面/study/RM_Vision_Study/期末考前作业/chapt_ws/src/mbot_description/install/setup.bash'
[1.052s] INFO:colcon.colcon_core.shell:Creating prefix script '/home/xiaofeiyu/桌面/study/RM_Vision_Study/期末考前作业/chapt_ws/src/mbot_description/install/local_setup.zsh'
[1.052s] INFO:colcon.colcon_core.shell:Creating prefix chain script '/home/xiaofeiyu/桌面/study/RM_Vision_Study/期末考前作业/chapt_ws/src/mbot_description/install/setup.zsh'
