[0.081s] DEBUG:colcon:Command line arguments: ['/usr/bin/colcon', 'build']
[0.081s] DEBUG:colcon:Parsed command line arguments: Namespace(log_base=None, log_level=None, verb_name='build', build_base='build', install_base='install', merge_install=False, symlink_install=False, test_result_base=None, continue_on_error=False, executor='parallel', parallel_workers=4, event_handlers=None, ignore_user_meta=False, metas=['./colcon.meta'], base_paths=['.'], packages_ignore=None, packages_ignore_regex=None, paths=None, packages_up_to=None, packages_up_to_regex=None, packages_above=None, packages_above_and_dependencies=None, packages_above_depth=None, packages_select_by_dep=None, packages_skip_by_dep=None, packages_skip_up_to=None, packages_select_build_failed=False, packages_skip_build_finished=False, packages_select_test_failures=False, packages_skip_test_passed=False, packages_select=None, packages_skip=None, packages_select_regex=None, packages_skip_regex=None, packages_start=None, packages_end=None, allow_overriding=[], cmake_args=None, cmake_target=None, cmake_target_skip_unavailable=False, cmake_clean_cache=False, cmake_clean_first=False, cmake_force_configure=False, ament_cmake_args=None, catkin_cmake_args=None, catkin_skip_building_tests=False, verb_parser=<colcon_defaults.argument_parser.defaults.DefaultArgumentsDecorator object at 0x7ac58d02fa30>, verb_extension=<colcon_core.verb.build.BuildVerb object at 0x7ac58d02f520>, main=<bound method BuildVerb.main of <colcon_core.verb.build.BuildVerb object at 0x7ac58d02f520>>)
[0.202s] Level 1:colcon.colcon_core.package_discovery:discover_packages(colcon_meta) check parameters
[0.202s] Level 1:colcon.colcon_core.package_discovery:discover_packages(recursive) check parameters
[0.203s] Level 1:colcon.colcon_core.package_discovery:discover_packages(ignore) check parameters
[0.203s] Level 1:colcon.colcon_core.package_discovery:discover_packages(path) check parameters
[0.203s] Level 1:colcon.colcon_core.package_discovery:discover_packages(colcon_meta) discover
[0.203s] Level 1:colcon.colcon_core.package_discovery:discover_packages(recursive) discover
[0.203s] INFO:colcon.colcon_core.package_discovery:Crawling recursively for packages in '/home/xiaofeiyu/桌面/chapt_ws/src/mbot_description'
[0.203s] Level 1:colcon.colcon_core.package_identification:_identify(.) by extensions ['ignore', 'ignore_ament_install']
[0.203s] Level 1:colcon.colcon_core.package_identification:_identify(.) by extension 'ignore'
[0.203s] Level 1:colcon.colcon_core.package_identification:_identify(.) by extension 'ignore_ament_install'
[0.203s] Level 1:colcon.colcon_core.package_identification:_identify(.) by extensions ['colcon_pkg']
[0.203s] Level 1:colcon.colcon_core.package_identification:_identify(.) by extension 'colcon_pkg'
[0.203s] Level 1:colcon.colcon_core.package_identification:_identify(.) by extensions ['colcon_meta']
[0.203s] Level 1:colcon.colcon_core.package_identification:_identify(.) by extension 'colcon_meta'
[0.203s] Level 1:colcon.colcon_core.package_identification:_identify(.) by extensions ['ros']
[0.203s] Level 1:colcon.colcon_core.package_identification:_identify(.) by extension 'ros'
[0.214s] DEBUG:colcon.colcon_core.package_identification:Package '.' with type 'ros.ament_cmake' and name 'mbot_description'
[0.214s] Level 1:colcon.colcon_core.package_discovery:discover_packages(recursive) using defaults
[0.214s] Level 1:colcon.colcon_core.package_discovery:discover_packages(ignore) discover
[0.214s] Level 1:colcon.colcon_core.package_discovery:discover_packages(ignore) using defaults
[0.214s] Level 1:colcon.colcon_core.package_discovery:discover_packages(path) discover
[0.214s] Level 1:colcon.colcon_core.package_discovery:discover_packages(path) using defaults
[0.235s] Level 1:colcon.colcon_core.package_discovery:discover_packages(prefix_path) check parameters
[0.235s] Level 1:colcon.colcon_core.package_discovery:discover_packages(prefix_path) discover
[0.236s] DEBUG:colcon.colcon_installed_package_information.package_discovery:Found 1 installed packages in /home/xiaofeiyu/桌面/chapt_ws/src/mbot_description/install
[0.238s] DEBUG:colcon.colcon_installed_package_information.package_discovery:Found 278 installed packages in /opt/ros/humble
[0.239s] Level 1:colcon.colcon_core.package_discovery:discover_packages(prefix_path) using defaults
[0.266s] Level 5:colcon.colcon_core.verb:set package 'mbot_description' build argument 'cmake_args' from command line to 'None'
[0.266s] Level 5:colcon.colcon_core.verb:set package 'mbot_description' build argument 'cmake_target' from command line to 'None'
[0.266s] Level 5:colcon.colcon_core.verb:set package 'mbot_description' build argument 'cmake_target_skip_unavailable' from command line to 'False'
[0.266s] Level 5:colcon.colcon_core.verb:set package 'mbot_description' build argument 'cmake_clean_cache' from command line to 'False'
[0.266s] Level 5:colcon.colcon_core.verb:set package 'mbot_description' build argument 'cmake_clean_first' from command line to 'False'
[0.266s] Level 5:colcon.colcon_core.verb:set package 'mbot_description' build argument 'cmake_force_configure' from command line to 'False'
[0.266s] Level 5:colcon.colcon_core.verb:set package 'mbot_description' build argument 'ament_cmake_args' from command line to 'None'
[0.266s] Level 5:colcon.colcon_core.verb:set package 'mbot_description' build argument 'catkin_cmake_args' from command line to 'None'
[0.266s] Level 5:colcon.colcon_core.verb:set package 'mbot_description' build argument 'catkin_skip_building_tests' from command line to 'False'
[0.266s] DEBUG:colcon.colcon_core.verb:Building package 'mbot_description' with the following arguments: {'ament_cmake_args': None, 'build_base': '/home/xiaofeiyu/桌面/chapt_ws/src/mbot_description/build/mbot_description', 'catkin_cmake_args': None, 'catkin_skip_building_tests': False, 'cmake_args': None, 'cmake_clean_cache': False, 'cmake_clean_first': False, 'cmake_force_configure': False, 'cmake_target': None, 'cmake_target_skip_unavailable': False, 'install_base': '/home/xiaofeiyu/桌面/chapt_ws/src/mbot_description/install/mbot_description', 'merge_install': False, 'path': '/home/xiaofeiyu/桌面/chapt_ws/src/mbot_description', 'symlink_install': False, 'test_result_base': None}
[0.266s] INFO:colcon.colcon_core.executor:Executing jobs using 'parallel' executor
[0.267s] DEBUG:colcon.colcon_parallel_executor.executor.parallel:run_until_complete
[0.267s] INFO:colcon.colcon_ros.task.ament_cmake.build:Building ROS package in '/home/xiaofeiyu/桌面/chapt_ws/src/mbot_description' with build type 'ament_cmake'
[0.268s] INFO:colcon.colcon_cmake.task.cmake.build:Building CMake package in '/home/xiaofeiyu/桌面/chapt_ws/src/mbot_description'
[0.270s] INFO:colcon.colcon_core.plugin_system:Skipping extension 'colcon_core.shell.bat': Not used on non-Windows systems
[0.270s] INFO:colcon.colcon_core.shell:Skip shell extension 'powershell' for command environment: Not usable outside of PowerShell
[0.270s] DEBUG:colcon.colcon_core.shell:Skip shell extension 'dsv' for command environment
[0.281s] DEBUG:colcon.colcon_core.event_handler.log_command:Invoking command in '/home/xiaofeiyu/桌面/chapt_ws/src/mbot_description/build/mbot_description': CMAKE_PREFIX_PATH=${CMAKE_PREFIX_PATH}:/opt/ros/humble /usr/bin/cmake --build /home/xiaofeiyu/桌面/chapt_ws/src/mbot_description/build/mbot_description -- -j4 -l4
[0.318s] DEBUG:colcon.colcon_core.event_handler.log_command:Invoked command in '/home/xiaofeiyu/桌面/chapt_ws/src/mbot_description/build/mbot_description' returned '0': CMAKE_PREFIX_PATH=${CMAKE_PREFIX_PATH}:/opt/ros/humble /usr/bin/cmake --build /home/xiaofeiyu/桌面/chapt_ws/src/mbot_description/build/mbot_description -- -j4 -l4
[0.328s] DEBUG:colcon.colcon_core.event_handler.log_command:Invoking command in '/home/xiaofeiyu/桌面/chapt_ws/src/mbot_description/build/mbot_description': CMAKE_PREFIX_PATH=${CMAKE_PREFIX_PATH}:/opt/ros/humble /usr/bin/cmake --install /home/xiaofeiyu/桌面/chapt_ws/src/mbot_description/build/mbot_description
[0.341s] Level 1:colcon.colcon_core.environment:create_environment_scripts_only(mbot_description)
[0.342s] DEBUG:colcon.colcon_core.event_handler.log_command:Invoked command in '/home/xiaofeiyu/桌面/chapt_ws/src/mbot_description/build/mbot_description' returned '0': CMAKE_PREFIX_PATH=${CMAKE_PREFIX_PATH}:/opt/ros/humble /usr/bin/cmake --install /home/xiaofeiyu/桌面/chapt_ws/src/mbot_description/build/mbot_description
[0.344s] Level 1:colcon.colcon_core.environment:checking '/home/xiaofeiyu/桌面/chapt_ws/src/mbot_description/install/mbot_description' for CMake module files
[0.345s] Level 1:colcon.colcon_core.environment:checking '/home/xiaofeiyu/桌面/chapt_ws/src/mbot_description/install/mbot_description' for CMake config files
[0.345s] Level 1:colcon.colcon_core.shell:create_environment_hook('mbot_description', 'cmake_prefix_path')
[0.345s] INFO:colcon.colcon_core.shell:Creating environment hook '/home/xiaofeiyu/桌面/chapt_ws/src/mbot_description/install/mbot_description/share/mbot_description/hook/cmake_prefix_path.ps1'
[0.346s] INFO:colcon.colcon_core.shell:Creating environment descriptor '/home/xiaofeiyu/桌面/chapt_ws/src/mbot_description/install/mbot_description/share/mbot_description/hook/cmake_prefix_path.dsv'
[0.347s] INFO:colcon.colcon_core.shell:Creating environment hook '/home/xiaofeiyu/桌面/chapt_ws/src/mbot_description/install/mbot_description/share/mbot_description/hook/cmake_prefix_path.sh'
[0.348s] Level 1:colcon.colcon_core.environment:checking '/home/xiaofeiyu/桌面/chapt_ws/src/mbot_description/install/mbot_description/bin'
[0.348s] Level 1:colcon.colcon_core.environment:checking '/home/xiaofeiyu/桌面/chapt_ws/src/mbot_description/install/mbot_description/lib/pkgconfig/mbot_description.pc'
[0.348s] Level 1:colcon.colcon_core.environment:checking '/home/xiaofeiyu/桌面/chapt_ws/src/mbot_description/install/mbot_description/lib/python3.10/site-packages'
[0.348s] Level 1:colcon.colcon_core.environment:checking '/home/xiaofeiyu/桌面/chapt_ws/src/mbot_description/install/mbot_description/bin'
[0.348s] INFO:colcon.colcon_core.shell:Creating package script '/home/xiaofeiyu/桌面/chapt_ws/src/mbot_description/install/mbot_description/share/mbot_description/package.ps1'
[0.349s] INFO:colcon.colcon_core.shell:Creating package descriptor '/home/xiaofeiyu/桌面/chapt_ws/src/mbot_description/install/mbot_description/share/mbot_description/package.dsv'
[0.349s] INFO:colcon.colcon_core.shell:Creating package script '/home/xiaofeiyu/桌面/chapt_ws/src/mbot_description/install/mbot_description/share/mbot_description/package.sh'
[0.350s] INFO:colcon.colcon_core.shell:Creating package script '/home/xiaofeiyu/桌面/chapt_ws/src/mbot_description/install/mbot_description/share/mbot_description/package.bash'
[0.351s] INFO:colcon.colcon_core.shell:Creating package script '/home/xiaofeiyu/桌面/chapt_ws/src/mbot_description/install/mbot_description/share/mbot_description/package.zsh'
[0.351s] Level 1:colcon.colcon_core.environment:create_file_with_runtime_dependencies(/home/xiaofeiyu/桌面/chapt_ws/src/mbot_description/install/mbot_description/share/colcon-core/packages/mbot_description)
[0.352s] Level 1:colcon.colcon_core.environment:create_environment_scripts_only(mbot_description)
[0.352s] Level 1:colcon.colcon_core.environment:checking '/home/xiaofeiyu/桌面/chapt_ws/src/mbot_description/install/mbot_description' for CMake module files
[0.352s] Level 1:colcon.colcon_core.environment:checking '/home/xiaofeiyu/桌面/chapt_ws/src/mbot_description/install/mbot_description' for CMake config files
[0.353s] Level 1:colcon.colcon_core.shell:create_environment_hook('mbot_description', 'cmake_prefix_path')
[0.353s] INFO:colcon.colcon_core.shell:Creating environment hook '/home/xiaofeiyu/桌面/chapt_ws/src/mbot_description/install/mbot_description/share/mbot_description/hook/cmake_prefix_path.ps1'
[0.353s] INFO:colcon.colcon_core.shell:Creating environment descriptor '/home/xiaofeiyu/桌面/chapt_ws/src/mbot_description/install/mbot_description/share/mbot_description/hook/cmake_prefix_path.dsv'
[0.354s] INFO:colcon.colcon_core.shell:Creating environment hook '/home/xiaofeiyu/桌面/chapt_ws/src/mbot_description/install/mbot_description/share/mbot_description/hook/cmake_prefix_path.sh'
[0.354s] Level 1:colcon.colcon_core.environment:checking '/home/xiaofeiyu/桌面/chapt_ws/src/mbot_description/install/mbot_description/bin'
[0.355s] Level 1:colcon.colcon_core.environment:checking '/home/xiaofeiyu/桌面/chapt_ws/src/mbot_description/install/mbot_description/lib/pkgconfig/mbot_description.pc'
[0.355s] Level 1:colcon.colcon_core.environment:checking '/home/xiaofeiyu/桌面/chapt_ws/src/mbot_description/install/mbot_description/lib/python3.10/site-packages'
[0.355s] Level 1:colcon.colcon_core.environment:checking '/home/xiaofeiyu/桌面/chapt_ws/src/mbot_description/install/mbot_description/bin'
[0.356s] INFO:colcon.colcon_core.shell:Creating package script '/home/xiaofeiyu/桌面/chapt_ws/src/mbot_description/install/mbot_description/share/mbot_description/package.ps1'
[0.357s] INFO:colcon.colcon_core.shell:Creating package descriptor '/home/xiaofeiyu/桌面/chapt_ws/src/mbot_description/install/mbot_description/share/mbot_description/package.dsv'
[0.357s] INFO:colcon.colcon_core.shell:Creating package script '/home/xiaofeiyu/桌面/chapt_ws/src/mbot_description/install/mbot_description/share/mbot_description/package.sh'
[0.358s] INFO:colcon.colcon_core.shell:Creating package script '/home/xiaofeiyu/桌面/chapt_ws/src/mbot_description/install/mbot_description/share/mbot_description/package.bash'
[0.358s] INFO:colcon.colcon_core.shell:Creating package script '/home/xiaofeiyu/桌面/chapt_ws/src/mbot_description/install/mbot_description/share/mbot_description/package.zsh'
[0.358s] Level 1:colcon.colcon_core.environment:create_file_with_runtime_dependencies(/home/xiaofeiyu/桌面/chapt_ws/src/mbot_description/install/mbot_description/share/colcon-core/packages/mbot_description)
[0.359s] DEBUG:colcon.colcon_parallel_executor.executor.parallel:closing loop
[0.359s] DEBUG:colcon.colcon_parallel_executor.executor.parallel:loop closed
[0.360s] DEBUG:colcon.colcon_parallel_executor.executor.parallel:run_until_complete finished with '0'
[0.360s] DEBUG:colcon.colcon_core.event_reactor:joining thread
[0.364s] INFO:colcon.colcon_core.plugin_system:Skipping extension 'colcon_notification.desktop_notification.terminal_notifier': Not used on non-Darwin systems
[0.364s] INFO:colcon.colcon_core.plugin_system:Skipping extension 'colcon_notification.desktop_notification.win32': Not used on non-Windows systems
[0.364s] INFO:colcon.colcon_notification.desktop_notification:Sending desktop notification using 'notify2'
[0.377s] DEBUG:colcon.colcon_core.event_reactor:joined thread
[0.377s] INFO:colcon.colcon_core.shell:Creating prefix script '/home/xiaofeiyu/桌面/chapt_ws/src/mbot_description/install/local_setup.ps1'
[0.378s] INFO:colcon.colcon_core.shell:Creating prefix util module '/home/xiaofeiyu/桌面/chapt_ws/src/mbot_description/install/_local_setup_util_ps1.py'
[0.381s] INFO:colcon.colcon_core.shell:Creating prefix chain script '/home/xiaofeiyu/桌面/chapt_ws/src/mbot_description/install/setup.ps1'
[0.382s] INFO:colcon.colcon_core.shell:Creating prefix script '/home/xiaofeiyu/桌面/chapt_ws/src/mbot_description/install/local_setup.sh'
[0.383s] INFO:colcon.colcon_core.shell:Creating prefix util module '/home/xiaofeiyu/桌面/chapt_ws/src/mbot_description/install/_local_setup_util_sh.py'
[0.383s] INFO:colcon.colcon_core.shell:Creating prefix chain script '/home/xiaofeiyu/桌面/chapt_ws/src/mbot_description/install/setup.sh'
[0.384s] INFO:colcon.colcon_core.shell:Creating prefix script '/home/xiaofeiyu/桌面/chapt_ws/src/mbot_description/install/local_setup.bash'
[0.385s] INFO:colcon.colcon_core.shell:Creating prefix chain script '/home/xiaofeiyu/桌面/chapt_ws/src/mbot_description/install/setup.bash'
[0.386s] INFO:colcon.colcon_core.shell:Creating prefix script '/home/xiaofeiyu/桌面/chapt_ws/src/mbot_description/install/local_setup.zsh'
[0.386s] INFO:colcon.colcon_core.shell:Creating prefix chain script '/home/xiaofeiyu/桌面/chapt_ws/src/mbot_description/install/setup.zsh'
